[2025-05-02T22:03:18.238+0000] {local_task_job_runner.py:123} INFO - ::group::Pre task execution logs
[2025-05-02T22:03:18.252+0000] {taskinstance.py:2612} INFO - Dependencies all met for dep_context=non-requeueable deps ti=<TaskInstance: sentiment_analysis_stock_ELT_dbt.dbt_snapshot manual__2025-05-02T22:02:50.631989+00:00 [queued]>
[2025-05-02T22:03:18.258+0000] {taskinstance.py:2612} INFO - Dependencies all met for dep_context=requeueable deps ti=<TaskInstance: sentiment_analysis_stock_ELT_dbt.dbt_snapshot manual__2025-05-02T22:02:50.631989+00:00 [queued]>
[2025-05-02T22:03:18.259+0000] {taskinstance.py:2865} INFO - Starting attempt 1 of 1
[2025-05-02T22:03:18.267+0000] {taskinstance.py:2888} INFO - Executing <Task(BashOperator): dbt_snapshot> on 2025-05-02 22:02:50.631989+00:00
[2025-05-02T22:03:18.278+0000] {standard_task_runner.py:104} INFO - Running: ['***', 'tasks', 'run', 'sentiment_analysis_stock_ELT_dbt', 'dbt_snapshot', 'manual__2025-05-02T22:02:50.631989+00:00', '--job-id', '8', '--raw', '--subdir', 'DAGS_FOLDER/sentiment_analysis_build_elt_with_dbt.py', '--cfg-path', '/tmp/tmpbow2jjtt']
[2025-05-02T22:03:18.280+0000] {standard_task_runner.py:105} INFO - Job 8: Subtask dbt_snapshot
[2025-05-02T22:03:18.281+0000] {logging_mixin.py:190} WARNING - /home/***/.local/lib/python3.12/site-packages/***/task/task_runner/standard_task_runner.py:70 DeprecationWarning: This process (pid=648) is multi-threaded, use of fork() may lead to deadlocks in the child.
[2025-05-02T22:03:18.281+0000] {standard_task_runner.py:72} INFO - Started process 649 to run task
[2025-05-02T22:03:18.314+0000] {task_command.py:467} INFO - Running <TaskInstance: sentiment_analysis_stock_ELT_dbt.dbt_snapshot manual__2025-05-02T22:02:50.631989+00:00 [running]> on host edac5e2fb0a3
[2025-05-02T22:03:18.399+0000] {taskinstance.py:3131} INFO - Exporting env vars: AIRFLOW_CTX_DAG_OWNER='***' AIRFLOW_CTX_DAG_ID='sentiment_analysis_stock_ELT_dbt' AIRFLOW_CTX_TASK_ID='dbt_snapshot' AIRFLOW_CTX_EXECUTION_DATE='2025-05-02T22:02:50.631989+00:00' AIRFLOW_CTX_TRY_NUMBER='1' AIRFLOW_CTX_DAG_RUN_ID='manual__2025-05-02T22:02:50.631989+00:00'
[2025-05-02T22:03:18.400+0000] {taskinstance.py:731} INFO - ::endgroup::
[2025-05-02T22:03:18.425+0000] {subprocess.py:63} INFO - Tmp dir root location: /tmp
[2025-05-02T22:03:18.426+0000] {subprocess.py:75} INFO - Running command: ['/usr/bin/bash', '-c', '/home/***/.local/bin/dbt snapshot --profiles-dir /opt/***/sentiment_analysis_dbt --project-dir /opt/***/sentiment_analysis_dbt']
[2025-05-02T22:03:18.434+0000] {subprocess.py:86} INFO - Output:
[2025-05-02T22:03:21.028+0000] {subprocess.py:93} INFO - [0m22:03:21  Running with dbt=1.7.19
[2025-05-02T22:03:21.938+0000] {subprocess.py:93} INFO - [0m22:03:21  Registered adapter: snowflake=1.7.1
[2025-05-02T22:03:21.999+0000] {subprocess.py:93} INFO - [0m22:03:21  Found 5 models, 1 snapshot, 1 source, 0 exposures, 0 metrics, 430 macros, 0 groups, 0 semantic models
[2025-05-02T22:03:22.001+0000] {subprocess.py:93} INFO - [0m22:03:22
[2025-05-02T22:03:25.733+0000] {subprocess.py:93} INFO - [0m22:03:25  Concurrency: 1 threads (target='dev')
[2025-05-02T22:03:25.735+0000] {subprocess.py:93} INFO - [0m22:03:25
[2025-05-02T22:03:25.760+0000] {subprocess.py:93} INFO - [0m22:03:25  1 of 1 START snapshot dev.snapshots.stock_data_snapshot ........................ [RUN]
[2025-05-02T22:03:30.300+0000] {subprocess.py:93} INFO - [0m22:03:30  1 of 1 OK snapshotted dev.snapshots.stock_data_snapshot ........................ [[32mSUCCESS 2[0m in 4.54s]
[2025-05-02T22:03:30.307+0000] {subprocess.py:93} INFO - [0m22:03:30
[2025-05-02T22:03:30.308+0000] {subprocess.py:93} INFO - [0m22:03:30  Finished running 1 snapshot in 0 hours 0 minutes and 8.31 seconds (8.31s).
[2025-05-02T22:03:30.333+0000] {subprocess.py:93} INFO - [0m22:03:30
[2025-05-02T22:03:30.334+0000] {subprocess.py:93} INFO - [0m22:03:30  [32mCompleted successfully[0m
[2025-05-02T22:03:30.335+0000] {subprocess.py:93} INFO - [0m22:03:30
[2025-05-02T22:03:30.335+0000] {subprocess.py:93} INFO - [0m22:03:30  Done. PASS=1 WARN=0 ERROR=0 SKIP=0 TOTAL=1
[2025-05-02T22:03:31.149+0000] {subprocess.py:97} INFO - Command exited with return code 0
[2025-05-02T22:03:31.199+0000] {taskinstance.py:340} INFO - ::group::Post task execution logs
[2025-05-02T22:03:31.200+0000] {taskinstance.py:352} INFO - Marking task as SUCCESS. dag_id=sentiment_analysis_stock_ELT_dbt, task_id=dbt_snapshot, run_id=manual__2025-05-02T22:02:50.631989+00:00, execution_date=20250502T220250, start_date=20250502T220318, end_date=20250502T220331
[2025-05-02T22:03:31.244+0000] {local_task_job_runner.py:266} INFO - Task exited with return code 0
[2025-05-02T22:03:31.282+0000] {taskinstance.py:3900} INFO - 0 downstream tasks scheduled from follow-on schedule check
[2025-05-02T22:03:31.284+0000] {local_task_job_runner.py:245} INFO - ::endgroup::
