[2025-05-02T21:25:40.777+0000] {local_task_job_runner.py:123} INFO - ::group::Pre task execution logs
[2025-05-02T21:25:40.792+0000] {taskinstance.py:2612} INFO - Dependencies all met for dep_context=non-requeueable deps ti=<TaskInstance: sentiment_analysis_stock_ELT_dbt.dbt_run manual__2025-05-02T21:25:40.172527+00:00 [queued]>
[2025-05-02T21:25:40.799+0000] {taskinstance.py:2612} INFO - Dependencies all met for dep_context=requeueable deps ti=<TaskInstance: sentiment_analysis_stock_ELT_dbt.dbt_run manual__2025-05-02T21:25:40.172527+00:00 [queued]>
[2025-05-02T21:25:40.799+0000] {taskinstance.py:2865} INFO - Starting attempt 1 of 1
[2025-05-02T21:25:40.808+0000] {taskinstance.py:2888} INFO - Executing <Task(BashOperator): dbt_run> on 2025-05-02 21:25:40.172527+00:00
[2025-05-02T21:25:40.816+0000] {standard_task_runner.py:104} INFO - Running: ['***', 'tasks', 'run', 'sentiment_analysis_stock_ELT_dbt', 'dbt_run', 'manual__2025-05-02T21:25:40.172527+00:00', '--job-id', '80', '--raw', '--subdir', 'DAGS_FOLDER/sentiment_analysis_build_elt_with_dbt.py', '--cfg-path', '/tmp/tmpftyb5eua']
[2025-05-02T21:25:40.820+0000] {standard_task_runner.py:105} INFO - Job 80: Subtask dbt_run
[2025-05-02T21:25:40.819+0000] {logging_mixin.py:190} WARNING - /home/***/.local/lib/python3.12/site-packages/***/task/task_runner/standard_task_runner.py:70 DeprecationWarning: This process (pid=948) is multi-threaded, use of fork() may lead to deadlocks in the child.
[2025-05-02T21:25:40.820+0000] {standard_task_runner.py:72} INFO - Started process 949 to run task
[2025-05-02T21:25:40.875+0000] {task_command.py:467} INFO - Running <TaskInstance: sentiment_analysis_stock_ELT_dbt.dbt_run manual__2025-05-02T21:25:40.172527+00:00 [running]> on host 4ad8ada818c7
[2025-05-02T21:25:40.957+0000] {taskinstance.py:3131} INFO - Exporting env vars: AIRFLOW_CTX_DAG_OWNER='***' AIRFLOW_CTX_DAG_ID='sentiment_analysis_stock_ELT_dbt' AIRFLOW_CTX_TASK_ID='dbt_run' AIRFLOW_CTX_EXECUTION_DATE='2025-05-02T21:25:40.172527+00:00' AIRFLOW_CTX_TRY_NUMBER='1' AIRFLOW_CTX_DAG_RUN_ID='manual__2025-05-02T21:25:40.172527+00:00'
[2025-05-02T21:25:40.958+0000] {taskinstance.py:731} INFO - ::endgroup::
[2025-05-02T21:25:40.978+0000] {subprocess.py:63} INFO - Tmp dir root location: /tmp
[2025-05-02T21:25:40.979+0000] {subprocess.py:75} INFO - Running command: ['/usr/bin/bash', '-c', '/home/***/.local/bin/dbt run --profiles-dir /opt/***/sentiment_analysis_dbt --project-dir /opt/***/sentiment_analysis_dbt']
[2025-05-02T21:25:40.986+0000] {subprocess.py:86} INFO - Output:
[2025-05-02T21:25:44.415+0000] {subprocess.py:93} INFO - [0m21:25:44  Running with dbt=1.7.19
[2025-05-02T21:25:46.288+0000] {subprocess.py:93} INFO - [0m21:25:46  Registered adapter: snowflake=1.7.1
[2025-05-02T21:25:46.381+0000] {subprocess.py:93} INFO - [0m21:25:46  Found 5 models, 1 snapshot, 1 source, 0 exposures, 0 metrics, 430 macros, 0 groups, 0 semantic models
[2025-05-02T21:25:46.385+0000] {subprocess.py:93} INFO - [0m21:25:46
[2025-05-02T21:25:51.203+0000] {subprocess.py:93} INFO - [0m21:25:51  Concurrency: 1 threads (target='dev')
[2025-05-02T21:25:51.207+0000] {subprocess.py:93} INFO - [0m21:25:51
[2025-05-02T21:25:51.222+0000] {subprocess.py:93} INFO - [0m21:25:51  1 of 5 START sql view model analytics_staging.feature_engineering__price_features  [RUN]
[2025-05-02T21:25:52.097+0000] {subprocess.py:93} INFO - [0m21:25:52  1 of 5 OK created sql view model analytics_staging.feature_engineering__price_features  [[32mSUCCESS 1[0m in 0.87s]
[2025-05-02T21:25:52.100+0000] {subprocess.py:93} INFO - [0m21:25:52  2 of 5 START sql view model analytics_staging.feature_engineering__sentiment_features  [RUN]
[2025-05-02T21:25:53.177+0000] {subprocess.py:93} INFO - [0m21:25:53  2 of 5 OK created sql view model analytics_staging.feature_engineering__sentiment_features  [[32mSUCCESS 1[0m in 1.07s]
[2025-05-02T21:25:53.183+0000] {subprocess.py:93} INFO - [0m21:25:53  3 of 5 START sql view model analytics_staging.feature_engineering__combined_features  [RUN]
[2025-05-02T21:25:54.363+0000] {subprocess.py:93} INFO - [0m21:25:54  3 of 5 OK created sql view model analytics_staging.feature_engineering__combined_features  [[32mSUCCESS 1[0m in 1.18s]
[2025-05-02T21:25:54.366+0000] {subprocess.py:93} INFO - [0m21:25:54  4 of 5 START sql view model analytics_staging.model__predict_price ............. [RUN]
[2025-05-02T21:25:56.452+0000] {subprocess.py:93} INFO - [0m21:25:56  4 of 5 OK created sql view model analytics_staging.model__predict_price ........ [[32mSUCCESS 1[0m in 2.08s]
[2025-05-02T21:25:56.459+0000] {subprocess.py:93} INFO - [0m21:25:56  5 of 5 START sql view model analytics_analytics.evaluation__prediction_output .. [RUN]
[2025-05-02T21:25:58.076+0000] {subprocess.py:93} INFO - [0m21:25:58  5 of 5 OK created sql view model analytics_analytics.evaluation__prediction_output  [[32mSUCCESS 1[0m in 1.61s]
[2025-05-02T21:25:58.083+0000] {subprocess.py:93} INFO - [0m21:25:58
[2025-05-02T21:25:58.084+0000] {subprocess.py:93} INFO - [0m21:25:58  Finished running 5 view models in 0 hours 0 minutes and 11.70 seconds (11.70s).
[2025-05-02T21:25:58.108+0000] {subprocess.py:93} INFO - [0m21:25:58
[2025-05-02T21:25:58.109+0000] {subprocess.py:93} INFO - [0m21:25:58  [32mCompleted successfully[0m
[2025-05-02T21:25:58.110+0000] {subprocess.py:93} INFO - [0m21:25:58
[2025-05-02T21:25:58.111+0000] {subprocess.py:93} INFO - [0m21:25:58  Done. PASS=5 WARN=0 ERROR=0 SKIP=0 TOTAL=5
[2025-05-02T21:25:59.052+0000] {subprocess.py:97} INFO - Command exited with return code 0
[2025-05-02T21:25:59.121+0000] {taskinstance.py:340} INFO - ::group::Post task execution logs
[2025-05-02T21:25:59.122+0000] {taskinstance.py:352} INFO - Marking task as SUCCESS. dag_id=sentiment_analysis_stock_ELT_dbt, task_id=dbt_run, run_id=manual__2025-05-02T21:25:40.172527+00:00, execution_date=20250502T212540, start_date=20250502T212540, end_date=20250502T212559
[2025-05-02T21:25:59.172+0000] {local_task_job_runner.py:266} INFO - Task exited with return code 0
[2025-05-02T21:25:59.216+0000] {taskinstance.py:3900} INFO - 1 downstream tasks scheduled from follow-on schedule check
[2025-05-02T21:25:59.217+0000] {local_task_job_runner.py:245} INFO - ::endgroup::
