[2025-05-03T00:00:00.670+0000] {local_task_job_runner.py:123} INFO - ::group::Pre task execution logs
[2025-05-03T00:00:00.688+0000] {taskinstance.py:2612} INFO - Dependencies all met for dep_context=non-requeueable deps ti=<TaskInstance: trigger_etl_then_elt.trigger_etl_dag scheduled__2025-05-02T00:00:00+00:00 [queued]>
[2025-05-03T00:00:00.694+0000] {taskinstance.py:2612} INFO - Dependencies all met for dep_context=requeueable deps ti=<TaskInstance: trigger_etl_then_elt.trigger_etl_dag scheduled__2025-05-02T00:00:00+00:00 [queued]>
[2025-05-03T00:00:00.695+0000] {taskinstance.py:2865} INFO - Starting attempt 1 of 1
[2025-05-03T00:00:00.705+0000] {taskinstance.py:2888} INFO - Executing <Task(TriggerDagRunOperator): trigger_etl_dag> on 2025-05-02 00:00:00+00:00
[2025-05-03T00:00:00.713+0000] {standard_task_runner.py:104} INFO - Running: ['***', 'tasks', 'run', 'trigger_etl_then_elt', 'trigger_etl_dag', 'scheduled__2025-05-02T00:00:00+00:00', '--job-id', '17', '--raw', '--subdir', 'DAGS_FOLDER/Etl_elt_trigger.py', '--cfg-path', '/tmp/tmpghb2jff4']
[2025-05-03T00:00:00.717+0000] {logging_mixin.py:190} WARNING - /home/***/.local/lib/python3.12/site-packages/***/task/task_runner/standard_task_runner.py:70 DeprecationWarning: This process (pid=2460) is multi-threaded, use of fork() may lead to deadlocks in the child.
[2025-05-03T00:00:00.718+0000] {standard_task_runner.py:72} INFO - Started process 2461 to run task
[2025-05-03T00:00:00.717+0000] {standard_task_runner.py:105} INFO - Job 17: Subtask trigger_etl_dag
[2025-05-03T00:00:00.769+0000] {task_command.py:467} INFO - Running <TaskInstance: trigger_etl_then_elt.trigger_etl_dag scheduled__2025-05-02T00:00:00+00:00 [running]> on host edac5e2fb0a3
[2025-05-03T00:00:00.842+0000] {taskinstance.py:3131} INFO - Exporting env vars: AIRFLOW_CTX_DAG_OWNER='***' AIRFLOW_CTX_DAG_ID='trigger_etl_then_elt' AIRFLOW_CTX_TASK_ID='trigger_etl_dag' AIRFLOW_CTX_EXECUTION_DATE='2025-05-02T00:00:00+00:00' AIRFLOW_CTX_TRY_NUMBER='1' AIRFLOW_CTX_DAG_RUN_ID='scheduled__2025-05-02T00:00:00+00:00'
[2025-05-03T00:00:00.843+0000] {taskinstance.py:731} INFO - ::endgroup::
[2025-05-03T00:00:00.926+0000] {trigger_dagrun.py:257} INFO - Waiting for tesla_stock_sentiment_api_etl on 2025-05-03 00:00:00.865291+00:00 to become allowed state ['success'] ...
[2025-05-03T00:01:00.968+0000] {trigger_dagrun.py:257} INFO - Waiting for tesla_stock_sentiment_api_etl on 2025-05-03 00:00:00.865291+00:00 to become allowed state ['success'] ...
[2025-05-03T00:02:00.989+0000] {trigger_dagrun.py:257} INFO - Waiting for tesla_stock_sentiment_api_etl on 2025-05-03 00:00:00.865291+00:00 to become allowed state ['success'] ...
[2025-05-03T00:03:01.016+0000] {trigger_dagrun.py:257} INFO - Waiting for tesla_stock_sentiment_api_etl on 2025-05-03 00:00:00.865291+00:00 to become allowed state ['success'] ...
[2025-05-03T00:04:01.036+0000] {trigger_dagrun.py:257} INFO - Waiting for tesla_stock_sentiment_api_etl on 2025-05-03 00:00:00.865291+00:00 to become allowed state ['success'] ...
[2025-05-03T00:05:01.089+0000] {trigger_dagrun.py:257} INFO - Waiting for tesla_stock_sentiment_api_etl on 2025-05-03 00:00:00.865291+00:00 to become allowed state ['success'] ...
[2025-05-03T00:06:01.118+0000] {trigger_dagrun.py:257} INFO - Waiting for tesla_stock_sentiment_api_etl on 2025-05-03 00:00:00.865291+00:00 to become allowed state ['success'] ...
[2025-05-03T00:07:01.150+0000] {trigger_dagrun.py:257} INFO - Waiting for tesla_stock_sentiment_api_etl on 2025-05-03 00:00:00.865291+00:00 to become allowed state ['success'] ...
[2025-05-03T00:08:01.179+0000] {trigger_dagrun.py:257} INFO - Waiting for tesla_stock_sentiment_api_etl on 2025-05-03 00:00:00.865291+00:00 to become allowed state ['success'] ...
[2025-05-03T00:09:01.211+0000] {trigger_dagrun.py:257} INFO - Waiting for tesla_stock_sentiment_api_etl on 2025-05-03 00:00:00.865291+00:00 to become allowed state ['success'] ...
[2025-05-03T00:10:01.244+0000] {trigger_dagrun.py:257} INFO - Waiting for tesla_stock_sentiment_api_etl on 2025-05-03 00:00:00.865291+00:00 to become allowed state ['success'] ...
[2025-05-03T00:11:01.284+0000] {trigger_dagrun.py:257} INFO - Waiting for tesla_stock_sentiment_api_etl on 2025-05-03 00:00:00.865291+00:00 to become allowed state ['success'] ...
[2025-05-03T00:12:01.315+0000] {trigger_dagrun.py:257} INFO - Waiting for tesla_stock_sentiment_api_etl on 2025-05-03 00:00:00.865291+00:00 to become allowed state ['success'] ...
[2025-05-03T00:13:01.352+0000] {trigger_dagrun.py:257} INFO - Waiting for tesla_stock_sentiment_api_etl on 2025-05-03 00:00:00.865291+00:00 to become allowed state ['success'] ...
[2025-05-03T00:14:01.386+0000] {trigger_dagrun.py:257} INFO - Waiting for tesla_stock_sentiment_api_etl on 2025-05-03 00:00:00.865291+00:00 to become allowed state ['success'] ...
[2025-05-03T00:15:01.418+0000] {trigger_dagrun.py:257} INFO - Waiting for tesla_stock_sentiment_api_etl on 2025-05-03 00:00:00.865291+00:00 to become allowed state ['success'] ...
[2025-05-03T00:16:01.453+0000] {trigger_dagrun.py:257} INFO - Waiting for tesla_stock_sentiment_api_etl on 2025-05-03 00:00:00.865291+00:00 to become allowed state ['success'] ...
[2025-05-03T00:17:01.488+0000] {trigger_dagrun.py:257} INFO - Waiting for tesla_stock_sentiment_api_etl on 2025-05-03 00:00:00.865291+00:00 to become allowed state ['success'] ...
[2025-05-03T00:18:01.522+0000] {trigger_dagrun.py:257} INFO - Waiting for tesla_stock_sentiment_api_etl on 2025-05-03 00:00:00.865291+00:00 to become allowed state ['success'] ...
[2025-05-03T00:19:01.557+0000] {trigger_dagrun.py:257} INFO - Waiting for tesla_stock_sentiment_api_etl on 2025-05-03 00:00:00.865291+00:00 to become allowed state ['success'] ...
[2025-05-03T00:20:01.575+0000] {trigger_dagrun.py:257} INFO - Waiting for tesla_stock_sentiment_api_etl on 2025-05-03 00:00:00.865291+00:00 to become allowed state ['success'] ...
[2025-05-03T00:21:01.608+0000] {trigger_dagrun.py:257} INFO - Waiting for tesla_stock_sentiment_api_etl on 2025-05-03 00:00:00.865291+00:00 to become allowed state ['success'] ...
[2025-05-03T00:22:01.638+0000] {trigger_dagrun.py:257} INFO - Waiting for tesla_stock_sentiment_api_etl on 2025-05-03 00:00:00.865291+00:00 to become allowed state ['success'] ...
[2025-05-03T00:23:01.662+0000] {trigger_dagrun.py:271} INFO - tesla_stock_sentiment_api_etl finished with allowed state success
[2025-05-03T00:23:01.680+0000] {taskinstance.py:340} INFO - ::group::Post task execution logs
[2025-05-03T00:23:01.681+0000] {taskinstance.py:352} INFO - Marking task as SUCCESS. dag_id=trigger_etl_then_elt, task_id=trigger_etl_dag, run_id=scheduled__2025-05-02T00:00:00+00:00, execution_date=20250502T000000, start_date=20250503T000000, end_date=20250503T002301
[2025-05-03T00:23:01.736+0000] {local_task_job_runner.py:266} INFO - Task exited with return code 0
[2025-05-03T00:23:01.762+0000] {taskinstance.py:3900} INFO - 1 downstream tasks scheduled from follow-on schedule check
[2025-05-03T00:23:01.763+0000] {local_task_job_runner.py:245} INFO - ::endgroup::
