[2025-04-30T21:14:38.035+0000] {local_task_job_runner.py:123} INFO - ::group::Pre task execution logs
[2025-04-30T21:14:38.046+0000] {taskinstance.py:2612} INFO - Dependencies all met for dep_context=non-requeueable deps ti=<TaskInstance: Stock_Alpha_Vantage.load manual__2025-04-30T21:13:54.709012+00:00 [queued]>
[2025-04-30T21:14:38.051+0000] {taskinstance.py:2612} INFO - Dependencies all met for dep_context=requeueable deps ti=<TaskInstance: Stock_Alpha_Vantage.load manual__2025-04-30T21:13:54.709012+00:00 [queued]>
[2025-04-30T21:14:38.051+0000] {taskinstance.py:2865} INFO - Starting attempt 1 of 1
[2025-04-30T21:14:38.058+0000] {taskinstance.py:2888} INFO - Executing <Task(_PythonDecoratedOperator): load> on 2025-04-30 21:13:54.709012+00:00
[2025-04-30T21:14:38.064+0000] {logging_mixin.py:190} WARNING - /home/***/.local/lib/python3.12/site-packages/***/task/task_runner/standard_task_runner.py:70 DeprecationWarning: This process (pid=321) is multi-threaded, use of fork() may lead to deadlocks in the child.
[2025-04-30T21:14:38.064+0000] {standard_task_runner.py:72} INFO - Started process 324 to run task
[2025-04-30T21:14:38.064+0000] {standard_task_runner.py:104} INFO - Running: ['***', 'tasks', 'run', 'Stock_Alpha_Vantage', 'load', 'manual__2025-04-30T21:13:54.709012+00:00', '--job-id', '36', '--raw', '--subdir', 'DAGS_FOLDER/Alpha.py', '--cfg-path', '/tmp/tmpyey004cy']
[2025-04-30T21:14:38.066+0000] {standard_task_runner.py:105} INFO - Job 36: Subtask load
[2025-04-30T21:14:38.094+0000] {task_command.py:467} INFO - Running <TaskInstance: Stock_Alpha_Vantage.load manual__2025-04-30T21:13:54.709012+00:00 [running]> on host 04c21e6bd2dc
[2025-04-30T21:14:38.148+0000] {taskinstance.py:3131} INFO - Exporting env vars: AIRFLOW_CTX_DAG_OWNER='***' AIRFLOW_CTX_DAG_ID='Stock_Alpha_Vantage' AIRFLOW_CTX_TASK_ID='load' AIRFLOW_CTX_EXECUTION_DATE='2025-04-30T21:13:54.709012+00:00' AIRFLOW_CTX_TRY_NUMBER='1' AIRFLOW_CTX_DAG_RUN_ID='manual__2025-04-30T21:13:54.709012+00:00'
[2025-04-30T21:14:38.149+0000] {taskinstance.py:731} INFO - ::endgroup::
[2025-04-30T21:14:38.157+0000] {base.py:84} INFO - Retrieving connection 'snowflake_conn'
[2025-04-30T21:14:38.158+0000] {connection.py:413} INFO - Snowflake Connector for Python Version: 3.12.1, Python Version: 3.12.5, Platform: Linux-6.12.5-linuxkit-aarch64-with-glibc2.36
[2025-04-30T21:14:38.158+0000] {connection.py:1196} INFO - Connecting to GLOBAL Snowflake domain
[2025-04-30T21:14:38.159+0000] {connection.py:1277} INFO - This connection is in OCSP Fail Open Mode. TLS Certificates would be checked for validity and revocation status. Any other Certificate Revocation related exceptions or OCSP Responder failures would be disregarded in favor of connectivity.
[2025-04-30T21:14:39.375+0000] {cursor.py:1156} INFO - Number of results in first chunk: 1
[2025-04-30T21:14:39.529+0000] {cursor.py:1156} INFO - Number of results in first chunk: 1
[2025-04-30T21:14:39.655+0000] {cursor.py:1156} INFO - Number of results in first chunk: 1
[2025-04-30T21:14:40.101+0000] {cursor.py:1156} INFO - Number of results in first chunk: 1
[2025-04-30T21:14:40.103+0000] {logging_mixin.py:190} INFO - Table 'raw.tesla_stock_data' created or already exists.
[2025-04-30T21:15:34.403+0000] {cursor.py:1156} INFO - Number of results in first chunk: 1
[2025-04-30T21:15:34.405+0000] {logging_mixin.py:190} INFO - Data inserted successfully!
[2025-04-30T21:15:34.406+0000] {python.py:240} INFO - Done. Returned value was: None
[2025-04-30T21:15:34.427+0000] {taskinstance.py:340} INFO - ::group::Post task execution logs
[2025-04-30T21:15:34.427+0000] {taskinstance.py:352} INFO - Marking task as SUCCESS. dag_id=Stock_Alpha_Vantage, task_id=load, run_id=manual__2025-04-30T21:13:54.709012+00:00, execution_date=20250430T211354, start_date=20250430T211438, end_date=20250430T211534
[2025-04-30T21:15:34.475+0000] {local_task_job_runner.py:266} INFO - Task exited with return code 0
[2025-04-30T21:15:34.493+0000] {taskinstance.py:3900} INFO - 0 downstream tasks scheduled from follow-on schedule check
[2025-04-30T21:15:34.495+0000] {local_task_job_runner.py:245} INFO - ::endgroup::
