[2025-05-02T21:10:45.899+0000] {local_task_job_runner.py:123} INFO - ::group::Pre task execution logs
[2025-05-02T21:10:45.913+0000] {taskinstance.py:2612} INFO - Dependencies all met for dep_context=non-requeueable deps ti=<TaskInstance: sentiment_analysis_stock_ELT_dbt.dbt_snapshot manual__2025-05-02T20:44:13.915927+00:00 [queued]>
[2025-05-02T21:10:45.918+0000] {taskinstance.py:2612} INFO - Dependencies all met for dep_context=requeueable deps ti=<TaskInstance: sentiment_analysis_stock_ELT_dbt.dbt_snapshot manual__2025-05-02T20:44:13.915927+00:00 [queued]>
[2025-05-02T21:10:45.919+0000] {taskinstance.py:2865} INFO - Starting attempt 1 of 1
[2025-05-02T21:10:45.927+0000] {taskinstance.py:2888} INFO - Executing <Task(BashOperator): dbt_snapshot> on 2025-05-02 20:44:13.915927+00:00
[2025-05-02T21:10:45.936+0000] {logging_mixin.py:190} WARNING - /home/***/.local/lib/python3.12/site-packages/***/task/task_runner/standard_task_runner.py:70 DeprecationWarning: This process (pid=397) is multi-threaded, use of fork() may lead to deadlocks in the child.
[2025-05-02T21:10:45.934+0000] {standard_task_runner.py:104} INFO - Running: ['***', 'tasks', 'run', 'sentiment_analysis_stock_ELT_dbt', 'dbt_snapshot', 'manual__2025-05-02T20:44:13.915927+00:00', '--job-id', '76', '--raw', '--subdir', 'DAGS_FOLDER/sentiment_analysis_build_elt_with_dbt.py', '--cfg-path', '/tmp/tmpgccqs8kf']
[2025-05-02T21:10:45.937+0000] {standard_task_runner.py:105} INFO - Job 76: Subtask dbt_snapshot
[2025-05-02T21:10:45.937+0000] {standard_task_runner.py:72} INFO - Started process 398 to run task
[2025-05-02T21:10:45.970+0000] {task_command.py:467} INFO - Running <TaskInstance: sentiment_analysis_stock_ELT_dbt.dbt_snapshot manual__2025-05-02T20:44:13.915927+00:00 [running]> on host 4ad8ada818c7
[2025-05-02T21:10:46.024+0000] {taskinstance.py:3131} INFO - Exporting env vars: AIRFLOW_CTX_DAG_OWNER='***' AIRFLOW_CTX_DAG_ID='sentiment_analysis_stock_ELT_dbt' AIRFLOW_CTX_TASK_ID='dbt_snapshot' AIRFLOW_CTX_EXECUTION_DATE='2025-05-02T20:44:13.915927+00:00' AIRFLOW_CTX_TRY_NUMBER='1' AIRFLOW_CTX_DAG_RUN_ID='manual__2025-05-02T20:44:13.915927+00:00'
[2025-05-02T21:10:46.025+0000] {taskinstance.py:731} INFO - ::endgroup::
[2025-05-02T21:10:46.039+0000] {subprocess.py:63} INFO - Tmp dir root location: /tmp
[2025-05-02T21:10:46.040+0000] {subprocess.py:75} INFO - Running command: ['/usr/bin/bash', '-c', '/home/***/.local/bin/dbt snapshot --profiles-dir /opt/***/sentiment_analysis_dbt --project-dir /opt/***/sentiment_analysis_dbt']
[2025-05-02T21:10:46.045+0000] {subprocess.py:86} INFO - Output:
[2025-05-02T21:10:48.904+0000] {subprocess.py:93} INFO - [0m21:10:48  Running with dbt=1.7.19
[2025-05-02T21:10:49.876+0000] {subprocess.py:93} INFO - [0m21:10:49  Registered adapter: snowflake=1.7.1
[2025-05-02T21:10:49.956+0000] {subprocess.py:93} INFO - [0m21:10:49  Found 5 models, 1 snapshot, 1 source, 0 exposures, 0 metrics, 430 macros, 0 groups, 0 semantic models
[2025-05-02T21:10:49.958+0000] {subprocess.py:93} INFO - [0m21:10:49
[2025-05-02T21:10:53.835+0000] {subprocess.py:93} INFO - [0m21:10:53  Concurrency: 1 threads (target='dev')
[2025-05-02T21:10:53.841+0000] {subprocess.py:93} INFO - [0m21:10:53
[2025-05-02T21:10:53.857+0000] {subprocess.py:93} INFO - [0m21:10:53  1 of 1 START snapshot dev.snapshots.stock_data_snapshot ........................ [RUN]
[2025-05-02T21:10:55.748+0000] {subprocess.py:93} INFO - [0m21:10:55  1 of 1 OK snapshotted dev.snapshots.stock_data_snapshot ........................ [[32mSUCCESS 1[0m in 1.89s]
[2025-05-02T21:10:55.756+0000] {subprocess.py:93} INFO - [0m21:10:55
[2025-05-02T21:10:55.757+0000] {subprocess.py:93} INFO - [0m21:10:55  Finished running 1 snapshot in 0 hours 0 minutes and 5.80 seconds (5.80s).
[2025-05-02T21:10:55.778+0000] {subprocess.py:93} INFO - [0m21:10:55
[2025-05-02T21:10:55.779+0000] {subprocess.py:93} INFO - [0m21:10:55  [32mCompleted successfully[0m
[2025-05-02T21:10:55.780+0000] {subprocess.py:93} INFO - [0m21:10:55
[2025-05-02T21:10:55.781+0000] {subprocess.py:93} INFO - [0m21:10:55  Done. PASS=1 WARN=0 ERROR=0 SKIP=0 TOTAL=1
[2025-05-02T21:10:56.643+0000] {subprocess.py:97} INFO - Command exited with return code 0
[2025-05-02T21:10:56.686+0000] {taskinstance.py:340} INFO - ::group::Post task execution logs
[2025-05-02T21:10:56.687+0000] {taskinstance.py:352} INFO - Marking task as SUCCESS. dag_id=sentiment_analysis_stock_ELT_dbt, task_id=dbt_snapshot, run_id=manual__2025-05-02T20:44:13.915927+00:00, execution_date=20250502T204413, start_date=20250502T211045, end_date=20250502T211056
[2025-05-02T21:10:56.716+0000] {local_task_job_runner.py:266} INFO - Task exited with return code 0
[2025-05-02T21:10:56.741+0000] {taskinstance.py:3900} INFO - 1 downstream tasks scheduled from follow-on schedule check
[2025-05-02T21:10:56.742+0000] {local_task_job_runner.py:245} INFO - ::endgroup::
