[2025-05-03T00:23:03.592+0000] {local_task_job_runner.py:123} INFO - ::group::Pre task execution logs
[2025-05-03T00:23:03.605+0000] {taskinstance.py:2612} INFO - Dependencies all met for dep_context=non-requeueable deps ti=<TaskInstance: sentiment_analysis_stock_ELT_dbt.dbt_run manual__2025-05-03T00:23:02.743878+00:00 [queued]>
[2025-05-03T00:23:03.610+0000] {taskinstance.py:2612} INFO - Dependencies all met for dep_context=requeueable deps ti=<TaskInstance: sentiment_analysis_stock_ELT_dbt.dbt_run manual__2025-05-03T00:23:02.743878+00:00 [queued]>
[2025-05-03T00:23:03.610+0000] {taskinstance.py:2865} INFO - Starting attempt 1 of 1
[2025-05-03T00:23:03.618+0000] {taskinstance.py:2888} INFO - Executing <Task(BashOperator): dbt_run> on 2025-05-03 00:23:02.743878+00:00
[2025-05-03T00:23:03.624+0000] {standard_task_runner.py:104} INFO - Running: ['***', 'tasks', 'run', 'sentiment_analysis_stock_ELT_dbt', 'dbt_run', 'manual__2025-05-03T00:23:02.743878+00:00', '--job-id', '27', '--raw', '--subdir', 'DAGS_FOLDER/sentiment_analysis_build_elt_with_dbt.py', '--cfg-path', '/tmp/tmpbtrllsxm']
[2025-05-03T00:23:03.626+0000] {standard_task_runner.py:105} INFO - Job 27: Subtask dbt_run
[2025-05-03T00:23:03.626+0000] {logging_mixin.py:190} WARNING - /home/***/.local/lib/python3.12/site-packages/***/task/task_runner/standard_task_runner.py:70 DeprecationWarning: This process (pid=3493) is multi-threaded, use of fork() may lead to deadlocks in the child.
[2025-05-03T00:23:03.628+0000] {standard_task_runner.py:72} INFO - Started process 3494 to run task
[2025-05-03T00:23:03.657+0000] {task_command.py:467} INFO - Running <TaskInstance: sentiment_analysis_stock_ELT_dbt.dbt_run manual__2025-05-03T00:23:02.743878+00:00 [running]> on host edac5e2fb0a3
[2025-05-03T00:23:03.719+0000] {taskinstance.py:3131} INFO - Exporting env vars: AIRFLOW_CTX_DAG_OWNER='***' AIRFLOW_CTX_DAG_ID='sentiment_analysis_stock_ELT_dbt' AIRFLOW_CTX_TASK_ID='dbt_run' AIRFLOW_CTX_EXECUTION_DATE='2025-05-03T00:23:02.743878+00:00' AIRFLOW_CTX_TRY_NUMBER='1' AIRFLOW_CTX_DAG_RUN_ID='manual__2025-05-03T00:23:02.743878+00:00'
[2025-05-03T00:23:03.720+0000] {taskinstance.py:731} INFO - ::endgroup::
[2025-05-03T00:23:03.734+0000] {subprocess.py:63} INFO - Tmp dir root location: /tmp
[2025-05-03T00:23:03.735+0000] {subprocess.py:75} INFO - Running command: ['/usr/bin/bash', '-c', '/home/***/.local/bin/dbt run --profiles-dir /opt/***/sentiment_analysis_dbt --project-dir /opt/***/sentiment_analysis_dbt']
[2025-05-03T00:23:03.741+0000] {subprocess.py:86} INFO - Output:
[2025-05-03T00:23:06.200+0000] {subprocess.py:93} INFO - [0m00:23:06  Running with dbt=1.7.19
[2025-05-03T00:23:07.018+0000] {subprocess.py:93} INFO - [0m00:23:07  Registered adapter: snowflake=1.7.1
[2025-05-03T00:23:07.090+0000] {subprocess.py:93} INFO - [0m00:23:07  Found 5 models, 1 snapshot, 1 source, 0 exposures, 0 metrics, 430 macros, 0 groups, 0 semantic models
[2025-05-03T00:23:07.092+0000] {subprocess.py:93} INFO - [0m00:23:07
[2025-05-03T00:23:13.708+0000] {subprocess.py:93} INFO - [0m00:23:13  Concurrency: 1 threads (target='dev')
[2025-05-03T00:23:13.712+0000] {subprocess.py:93} INFO - [0m00:23:13
[2025-05-03T00:23:13.732+0000] {subprocess.py:93} INFO - [0m00:23:13  1 of 5 START sql view model analytics_staging.feature_engineering__price_features  [RUN]
[2025-05-03T00:23:17.242+0000] {subprocess.py:93} INFO - [0m00:23:17  1 of 5 OK created sql view model analytics_staging.feature_engineering__price_features  [[32mSUCCESS 1[0m in 3.50s]
[2025-05-03T00:23:17.247+0000] {subprocess.py:93} INFO - [0m00:23:17  2 of 5 START sql view model analytics_staging.feature_engineering__sentiment_features  [RUN]
[2025-05-03T00:23:18.089+0000] {subprocess.py:93} INFO - [0m00:23:18  2 of 5 OK created sql view model analytics_staging.feature_engineering__sentiment_features  [[32mSUCCESS 1[0m in 0.84s]
[2025-05-03T00:23:18.095+0000] {subprocess.py:93} INFO - [0m00:23:18  3 of 5 START sql view model analytics_staging.feature_engineering__combined_features  [RUN]
[2025-05-03T00:23:19.768+0000] {subprocess.py:93} INFO - [0m00:23:19  3 of 5 OK created sql view model analytics_staging.feature_engineering__combined_features  [[32mSUCCESS 1[0m in 1.67s]
[2025-05-03T00:23:19.776+0000] {subprocess.py:93} INFO - [0m00:23:19  4 of 5 START sql view model analytics_staging.model__predict_price ............. [RUN]
[2025-05-03T00:23:21.066+0000] {subprocess.py:93} INFO - [0m00:23:21  4 of 5 OK created sql view model analytics_staging.model__predict_price ........ [[32mSUCCESS 1[0m in 1.29s]
[2025-05-03T00:23:21.071+0000] {subprocess.py:93} INFO - [0m00:23:21  5 of 5 START sql table model analytics_analytics.evaluation__prediction_output . [RUN]
[2025-05-03T00:23:23.272+0000] {subprocess.py:93} INFO - [0m00:23:23  5 of 5 OK created sql table model analytics_analytics.evaluation__prediction_output  [[32mSUCCESS 1[0m in 2.20s]
[2025-05-03T00:23:23.278+0000] {subprocess.py:93} INFO - [0m00:23:23
[2025-05-03T00:23:23.278+0000] {subprocess.py:93} INFO - [0m00:23:23  Finished running 4 view models, 1 table model in 0 hours 0 minutes and 16.18 seconds (16.18s).
[2025-05-03T00:23:23.309+0000] {subprocess.py:93} INFO - [0m00:23:23
[2025-05-03T00:23:23.310+0000] {subprocess.py:93} INFO - [0m00:23:23  [32mCompleted successfully[0m
[2025-05-03T00:23:23.310+0000] {subprocess.py:93} INFO - [0m00:23:23
[2025-05-03T00:23:23.312+0000] {subprocess.py:93} INFO - [0m00:23:23  Done. PASS=5 WARN=0 ERROR=0 SKIP=0 TOTAL=5
[2025-05-03T00:23:24.209+0000] {subprocess.py:97} INFO - Command exited with return code 0
[2025-05-03T00:23:24.266+0000] {taskinstance.py:340} INFO - ::group::Post task execution logs
[2025-05-03T00:23:24.267+0000] {taskinstance.py:352} INFO - Marking task as SUCCESS. dag_id=sentiment_analysis_stock_ELT_dbt, task_id=dbt_run, run_id=manual__2025-05-03T00:23:02.743878+00:00, execution_date=20250503T002302, start_date=20250503T002303, end_date=20250503T002324
[2025-05-03T00:23:24.321+0000] {local_task_job_runner.py:266} INFO - Task exited with return code 0
[2025-05-03T00:23:24.350+0000] {taskinstance.py:3900} INFO - 1 downstream tasks scheduled from follow-on schedule check
[2025-05-03T00:23:24.352+0000] {local_task_job_runner.py:245} INFO - ::endgroup::
