[2025-05-02T22:09:36.564+0000] {processor.py:186} INFO - Started process (PID=870) to work on /opt/airflow/dags/Etl_elt_trigger.py
[2025-05-02T22:09:36.565+0000] {processor.py:914} INFO - Processing file /opt/airflow/dags/Etl_elt_trigger.py for tasks to queue
[2025-05-02T22:09:36.571+0000] {logging_mixin.py:190} INFO - [2025-05-02T22:09:36.570+0000] {dagbag.py:587} INFO - Filling up the DagBag from /opt/airflow/dags/Etl_elt_trigger.py
[2025-05-02T22:09:36.585+0000] {logging_mixin.py:190} INFO - [2025-05-02T22:09:36.581+0000] {dagbag.py:386} ERROR - Failed to import: /opt/airflow/dags/Etl_elt_trigger.py
Traceback (most recent call last):
  File "/home/airflow/.local/lib/python3.12/site-packages/airflow/models/dagbag.py", line 382, in parse
    loader.exec_module(new_module)
  File "<frozen importlib._bootstrap_external>", line 995, in exec_module
  File "<frozen importlib._bootstrap>", line 488, in _call_with_frames_removed
  File "/opt/airflow/dags/Etl_elt_trigger.py", line 20, in <module>
    trigger_etl >> trigger_elt
    ~~~~~~~~~~~~^^~~~~~~~~~~~~
  File "/home/airflow/.local/lib/python3.12/site-packages/airflow/models/taskmixin.py", line 104, in __rshift__
    self.set_downstream(other)
  File "/home/airflow/.local/lib/python3.12/site-packages/airflow/models/taskmixin.py", line 263, in set_downstream
    self._set_relatives(task_or_task_list, upstream=False, edge_modifier=edge_modifier)
  File "/home/airflow/.local/lib/python3.12/site-packages/airflow/models/taskmixin.py", line 233, in _set_relatives
    raise AirflowException(
airflow.exceptions.AirflowException: Tried to create relationships between tasks that don't have DAGs yet. Set the DAG for at least one task and try again: [<Task(TriggerDagRunOperator): trigger_etl_dag>, <Task(TriggerDagRunOperator): trigger_elt_dag>]
[2025-05-02T22:09:36.585+0000] {processor.py:927} WARNING - No viable dags retrieved from /opt/airflow/dags/Etl_elt_trigger.py
[2025-05-02T22:09:36.617+0000] {processor.py:208} INFO - Processing /opt/airflow/dags/Etl_elt_trigger.py took 0.064 seconds
[2025-05-02T22:10:07.017+0000] {processor.py:186} INFO - Started process (PID=891) to work on /opt/airflow/dags/Etl_elt_trigger.py
[2025-05-02T22:10:07.019+0000] {processor.py:914} INFO - Processing file /opt/airflow/dags/Etl_elt_trigger.py for tasks to queue
[2025-05-02T22:10:07.024+0000] {logging_mixin.py:190} INFO - [2025-05-02T22:10:07.024+0000] {dagbag.py:587} INFO - Filling up the DagBag from /opt/airflow/dags/Etl_elt_trigger.py
[2025-05-02T22:10:07.038+0000] {logging_mixin.py:190} INFO - [2025-05-02T22:10:07.036+0000] {dagbag.py:386} ERROR - Failed to import: /opt/airflow/dags/Etl_elt_trigger.py
Traceback (most recent call last):
  File "/home/airflow/.local/lib/python3.12/site-packages/airflow/models/dagbag.py", line 382, in parse
    loader.exec_module(new_module)
  File "<frozen importlib._bootstrap_external>", line 995, in exec_module
  File "<frozen importlib._bootstrap>", line 488, in _call_with_frames_removed
  File "/opt/airflow/dags/Etl_elt_trigger.py", line 20, in <module>
    trigger_etl >> trigger_elt
    ~~~~~~~~~~~~^^~~~~~~~~~~~~
  File "/home/airflow/.local/lib/python3.12/site-packages/airflow/models/taskmixin.py", line 104, in __rshift__
    self.set_downstream(other)
  File "/home/airflow/.local/lib/python3.12/site-packages/airflow/models/taskmixin.py", line 263, in set_downstream
    self._set_relatives(task_or_task_list, upstream=False, edge_modifier=edge_modifier)
  File "/home/airflow/.local/lib/python3.12/site-packages/airflow/models/taskmixin.py", line 233, in _set_relatives
    raise AirflowException(
airflow.exceptions.AirflowException: Tried to create relationships between tasks that don't have DAGs yet. Set the DAG for at least one task and try again: [<Task(TriggerDagRunOperator): trigger_etl_dag>, <Task(TriggerDagRunOperator): trigger_elt_dag>]
[2025-05-02T22:10:07.039+0000] {processor.py:927} WARNING - No viable dags retrieved from /opt/airflow/dags/Etl_elt_trigger.py
[2025-05-02T22:10:07.066+0000] {processor.py:208} INFO - Processing /opt/airflow/dags/Etl_elt_trigger.py took 0.063 seconds
[2025-05-02T22:10:16.215+0000] {processor.py:186} INFO - Started process (PID=901) to work on /opt/airflow/dags/Etl_elt_trigger.py
[2025-05-02T22:10:16.217+0000] {processor.py:914} INFO - Processing file /opt/airflow/dags/Etl_elt_trigger.py for tasks to queue
[2025-05-02T22:10:16.220+0000] {logging_mixin.py:190} INFO - [2025-05-02T22:10:16.219+0000] {dagbag.py:587} INFO - Filling up the DagBag from /opt/airflow/dags/Etl_elt_trigger.py
[2025-05-02T22:10:16.232+0000] {processor.py:925} INFO - DAG(s) 'trigger_etl_then_elt' retrieved from /opt/airflow/dags/Etl_elt_trigger.py
[2025-05-02T22:10:16.357+0000] {logging_mixin.py:190} INFO - [2025-05-02T22:10:16.356+0000] {override.py:1900} INFO - Created Permission View: can edit on DAG:trigger_etl_then_elt
[2025-05-02T22:10:16.364+0000] {logging_mixin.py:190} INFO - [2025-05-02T22:10:16.363+0000] {override.py:1900} INFO - Created Permission View: can delete on DAG:trigger_etl_then_elt
[2025-05-02T22:10:16.367+0000] {logging_mixin.py:190} INFO - [2025-05-02T22:10:16.367+0000] {override.py:1900} INFO - Created Permission View: can read on DAG:trigger_etl_then_elt
[2025-05-02T22:10:16.370+0000] {logging_mixin.py:190} INFO - [2025-05-02T22:10:16.370+0000] {override.py:1900} INFO - Created Permission View: menu access on DAG Run:trigger_etl_then_elt
[2025-05-02T22:10:16.373+0000] {logging_mixin.py:190} INFO - [2025-05-02T22:10:16.373+0000] {override.py:1900} INFO - Created Permission View: can delete on DAG Run:trigger_etl_then_elt
[2025-05-02T22:10:16.376+0000] {logging_mixin.py:190} INFO - [2025-05-02T22:10:16.376+0000] {override.py:1900} INFO - Created Permission View: can read on DAG Run:trigger_etl_then_elt
[2025-05-02T22:10:16.379+0000] {logging_mixin.py:190} INFO - [2025-05-02T22:10:16.379+0000] {override.py:1900} INFO - Created Permission View: can create on DAG Run:trigger_etl_then_elt
[2025-05-02T22:10:16.380+0000] {logging_mixin.py:190} INFO - [2025-05-02T22:10:16.379+0000] {dag.py:3229} INFO - Sync 1 DAGs
[2025-05-02T22:10:16.390+0000] {logging_mixin.py:190} INFO - [2025-05-02T22:10:16.390+0000] {dag.py:3252} INFO - Creating ORM DAG for trigger_etl_then_elt
[2025-05-02T22:10:16.401+0000] {logging_mixin.py:190} INFO - [2025-05-02T22:10:16.400+0000] {dag.py:4156} INFO - Setting next_dagrun for trigger_etl_then_elt to 2025-05-01 00:00:00+00:00, run_after=2025-05-02 00:00:00+00:00
[2025-05-02T22:10:16.414+0000] {processor.py:208} INFO - Processing /opt/airflow/dags/Etl_elt_trigger.py took 0.211 seconds
[2025-05-02T22:10:19.477+0000] {processor.py:186} INFO - Started process (PID=906) to work on /opt/airflow/dags/Etl_elt_trigger.py
[2025-05-02T22:10:19.479+0000] {processor.py:914} INFO - Processing file /opt/airflow/dags/Etl_elt_trigger.py for tasks to queue
[2025-05-02T22:10:19.486+0000] {logging_mixin.py:190} INFO - [2025-05-02T22:10:19.484+0000] {dagbag.py:587} INFO - Filling up the DagBag from /opt/airflow/dags/Etl_elt_trigger.py
[2025-05-02T22:10:19.520+0000] {processor.py:925} INFO - DAG(s) 'trigger_etl_then_elt' retrieved from /opt/airflow/dags/Etl_elt_trigger.py
[2025-05-02T22:10:19.549+0000] {logging_mixin.py:190} INFO - [2025-05-02T22:10:19.548+0000] {dag.py:3229} INFO - Sync 1 DAGs
[2025-05-02T22:10:19.582+0000] {logging_mixin.py:190} INFO - [2025-05-02T22:10:19.581+0000] {dag.py:4156} INFO - Setting next_dagrun for trigger_etl_then_elt to 2025-05-01 00:00:00+00:00, run_after=2025-05-02 00:00:00+00:00
[2025-05-02T22:10:19.602+0000] {processor.py:208} INFO - Processing /opt/airflow/dags/Etl_elt_trigger.py took 0.153 seconds
[2025-05-02T22:10:50.484+0000] {processor.py:186} INFO - Started process (PID=953) to work on /opt/airflow/dags/Etl_elt_trigger.py
[2025-05-02T22:10:50.487+0000] {processor.py:914} INFO - Processing file /opt/airflow/dags/Etl_elt_trigger.py for tasks to queue
[2025-05-02T22:10:50.504+0000] {logging_mixin.py:190} INFO - [2025-05-02T22:10:50.503+0000] {dagbag.py:587} INFO - Filling up the DagBag from /opt/airflow/dags/Etl_elt_trigger.py
[2025-05-02T22:10:50.552+0000] {processor.py:925} INFO - DAG(s) 'trigger_etl_then_elt' retrieved from /opt/airflow/dags/Etl_elt_trigger.py
[2025-05-02T22:10:50.607+0000] {logging_mixin.py:190} INFO - [2025-05-02T22:10:50.606+0000] {dag.py:3229} INFO - Sync 1 DAGs
[2025-05-02T22:10:50.711+0000] {logging_mixin.py:190} INFO - [2025-05-02T22:10:50.711+0000] {dag.py:4156} INFO - Setting next_dagrun for trigger_etl_then_elt to 2025-05-02 00:00:00+00:00, run_after=2025-05-03 00:00:00+00:00
[2025-05-02T22:10:50.749+0000] {processor.py:208} INFO - Processing /opt/airflow/dags/Etl_elt_trigger.py took 0.334 seconds
[2025-05-02T22:11:21.624+0000] {processor.py:186} INFO - Started process (PID=974) to work on /opt/airflow/dags/Etl_elt_trigger.py
[2025-05-02T22:11:21.628+0000] {processor.py:914} INFO - Processing file /opt/airflow/dags/Etl_elt_trigger.py for tasks to queue
[2025-05-02T22:11:21.644+0000] {logging_mixin.py:190} INFO - [2025-05-02T22:11:21.640+0000] {dagbag.py:587} INFO - Filling up the DagBag from /opt/airflow/dags/Etl_elt_trigger.py
[2025-05-02T22:11:21.692+0000] {processor.py:925} INFO - DAG(s) 'trigger_etl_then_elt' retrieved from /opt/airflow/dags/Etl_elt_trigger.py
[2025-05-02T22:11:21.759+0000] {logging_mixin.py:190} INFO - [2025-05-02T22:11:21.758+0000] {dag.py:3229} INFO - Sync 1 DAGs
[2025-05-02T22:11:21.864+0000] {logging_mixin.py:190} INFO - [2025-05-02T22:11:21.861+0000] {dag.py:4156} INFO - Setting next_dagrun for trigger_etl_then_elt to 2025-05-02 00:00:00+00:00, run_after=2025-05-03 00:00:00+00:00
[2025-05-02T22:11:21.953+0000] {processor.py:208} INFO - Processing /opt/airflow/dags/Etl_elt_trigger.py took 0.394 seconds
[2025-05-02T22:11:52.099+0000] {processor.py:186} INFO - Started process (PID=995) to work on /opt/airflow/dags/Etl_elt_trigger.py
[2025-05-02T22:11:52.101+0000] {processor.py:914} INFO - Processing file /opt/airflow/dags/Etl_elt_trigger.py for tasks to queue
[2025-05-02T22:11:52.108+0000] {logging_mixin.py:190} INFO - [2025-05-02T22:11:52.107+0000] {dagbag.py:587} INFO - Filling up the DagBag from /opt/airflow/dags/Etl_elt_trigger.py
[2025-05-02T22:11:52.124+0000] {processor.py:925} INFO - DAG(s) 'trigger_etl_then_elt' retrieved from /opt/airflow/dags/Etl_elt_trigger.py
[2025-05-02T22:11:52.150+0000] {logging_mixin.py:190} INFO - [2025-05-02T22:11:52.149+0000] {dag.py:3229} INFO - Sync 1 DAGs
[2025-05-02T22:11:52.174+0000] {logging_mixin.py:190} INFO - [2025-05-02T22:11:52.174+0000] {dag.py:4156} INFO - Setting next_dagrun for trigger_etl_then_elt to 2025-05-02 00:00:00+00:00, run_after=2025-05-03 00:00:00+00:00
[2025-05-02T22:11:52.191+0000] {processor.py:208} INFO - Processing /opt/airflow/dags/Etl_elt_trigger.py took 0.105 seconds
[2025-05-02T22:12:22.725+0000] {processor.py:186} INFO - Started process (PID=1016) to work on /opt/airflow/dags/Etl_elt_trigger.py
[2025-05-02T22:12:22.726+0000] {processor.py:914} INFO - Processing file /opt/airflow/dags/Etl_elt_trigger.py for tasks to queue
[2025-05-02T22:12:22.732+0000] {logging_mixin.py:190} INFO - [2025-05-02T22:12:22.732+0000] {dagbag.py:587} INFO - Filling up the DagBag from /opt/airflow/dags/Etl_elt_trigger.py
[2025-05-02T22:12:22.744+0000] {processor.py:925} INFO - DAG(s) 'trigger_etl_then_elt' retrieved from /opt/airflow/dags/Etl_elt_trigger.py
[2025-05-02T22:12:22.766+0000] {logging_mixin.py:190} INFO - [2025-05-02T22:12:22.765+0000] {dag.py:3229} INFO - Sync 1 DAGs
[2025-05-02T22:12:22.792+0000] {logging_mixin.py:190} INFO - [2025-05-02T22:12:22.792+0000] {dag.py:4156} INFO - Setting next_dagrun for trigger_etl_then_elt to 2025-05-02 00:00:00+00:00, run_after=2025-05-03 00:00:00+00:00
[2025-05-02T22:12:22.808+0000] {processor.py:208} INFO - Processing /opt/airflow/dags/Etl_elt_trigger.py took 0.091 seconds
[2025-05-02T22:12:53.316+0000] {processor.py:186} INFO - Started process (PID=1037) to work on /opt/airflow/dags/Etl_elt_trigger.py
[2025-05-02T22:12:53.320+0000] {processor.py:914} INFO - Processing file /opt/airflow/dags/Etl_elt_trigger.py for tasks to queue
[2025-05-02T22:12:53.336+0000] {logging_mixin.py:190} INFO - [2025-05-02T22:12:53.334+0000] {dagbag.py:587} INFO - Filling up the DagBag from /opt/airflow/dags/Etl_elt_trigger.py
[2025-05-02T22:12:53.385+0000] {processor.py:925} INFO - DAG(s) 'trigger_etl_then_elt' retrieved from /opt/airflow/dags/Etl_elt_trigger.py
[2025-05-02T22:12:53.440+0000] {logging_mixin.py:190} INFO - [2025-05-02T22:12:53.439+0000] {dag.py:3229} INFO - Sync 1 DAGs
[2025-05-02T22:12:53.490+0000] {logging_mixin.py:190} INFO - [2025-05-02T22:12:53.490+0000] {dag.py:4156} INFO - Setting next_dagrun for trigger_etl_then_elt to 2025-05-02 00:00:00+00:00, run_after=2025-05-03 00:00:00+00:00
[2025-05-02T22:12:53.517+0000] {processor.py:208} INFO - Processing /opt/airflow/dags/Etl_elt_trigger.py took 0.232 seconds
[2025-05-02T22:13:23.971+0000] {processor.py:186} INFO - Started process (PID=1058) to work on /opt/airflow/dags/Etl_elt_trigger.py
[2025-05-02T22:13:23.973+0000] {processor.py:914} INFO - Processing file /opt/airflow/dags/Etl_elt_trigger.py for tasks to queue
[2025-05-02T22:13:23.981+0000] {logging_mixin.py:190} INFO - [2025-05-02T22:13:23.980+0000] {dagbag.py:587} INFO - Filling up the DagBag from /opt/airflow/dags/Etl_elt_trigger.py
[2025-05-02T22:13:24.006+0000] {processor.py:925} INFO - DAG(s) 'trigger_etl_then_elt' retrieved from /opt/airflow/dags/Etl_elt_trigger.py
[2025-05-02T22:13:24.040+0000] {logging_mixin.py:190} INFO - [2025-05-02T22:13:24.040+0000] {dag.py:3229} INFO - Sync 1 DAGs
[2025-05-02T22:13:24.066+0000] {logging_mixin.py:190} INFO - [2025-05-02T22:13:24.066+0000] {dag.py:4156} INFO - Setting next_dagrun for trigger_etl_then_elt to 2025-05-02 00:00:00+00:00, run_after=2025-05-03 00:00:00+00:00
[2025-05-02T22:13:24.085+0000] {processor.py:208} INFO - Processing /opt/airflow/dags/Etl_elt_trigger.py took 0.133 seconds
[2025-05-02T22:13:54.702+0000] {processor.py:186} INFO - Started process (PID=1079) to work on /opt/airflow/dags/Etl_elt_trigger.py
[2025-05-02T22:13:54.705+0000] {processor.py:914} INFO - Processing file /opt/airflow/dags/Etl_elt_trigger.py for tasks to queue
[2025-05-02T22:13:54.773+0000] {logging_mixin.py:190} INFO - [2025-05-02T22:13:54.771+0000] {dagbag.py:587} INFO - Filling up the DagBag from /opt/airflow/dags/Etl_elt_trigger.py
[2025-05-02T22:13:54.827+0000] {processor.py:925} INFO - DAG(s) 'trigger_etl_then_elt' retrieved from /opt/airflow/dags/Etl_elt_trigger.py
[2025-05-02T22:13:54.887+0000] {logging_mixin.py:190} INFO - [2025-05-02T22:13:54.887+0000] {dag.py:3229} INFO - Sync 1 DAGs
[2025-05-02T22:13:54.929+0000] {logging_mixin.py:190} INFO - [2025-05-02T22:13:54.929+0000] {dag.py:4156} INFO - Setting next_dagrun for trigger_etl_then_elt to 2025-05-02 00:00:00+00:00, run_after=2025-05-03 00:00:00+00:00
[2025-05-02T22:13:54.956+0000] {processor.py:208} INFO - Processing /opt/airflow/dags/Etl_elt_trigger.py took 0.282 seconds
[2025-05-02T22:14:25.394+0000] {processor.py:186} INFO - Started process (PID=1100) to work on /opt/airflow/dags/Etl_elt_trigger.py
[2025-05-02T22:14:25.396+0000] {processor.py:914} INFO - Processing file /opt/airflow/dags/Etl_elt_trigger.py for tasks to queue
[2025-05-02T22:14:25.402+0000] {logging_mixin.py:190} INFO - [2025-05-02T22:14:25.402+0000] {dagbag.py:587} INFO - Filling up the DagBag from /opt/airflow/dags/Etl_elt_trigger.py
[2025-05-02T22:14:25.422+0000] {processor.py:925} INFO - DAG(s) 'trigger_etl_then_elt' retrieved from /opt/airflow/dags/Etl_elt_trigger.py
[2025-05-02T22:14:25.456+0000] {logging_mixin.py:190} INFO - [2025-05-02T22:14:25.456+0000] {dag.py:3229} INFO - Sync 1 DAGs
[2025-05-02T22:14:25.485+0000] {logging_mixin.py:190} INFO - [2025-05-02T22:14:25.485+0000] {dag.py:4156} INFO - Setting next_dagrun for trigger_etl_then_elt to 2025-05-02 00:00:00+00:00, run_after=2025-05-03 00:00:00+00:00
[2025-05-02T22:14:25.503+0000] {processor.py:208} INFO - Processing /opt/airflow/dags/Etl_elt_trigger.py took 0.122 seconds
[2025-05-02T22:14:56.320+0000] {processor.py:186} INFO - Started process (PID=1121) to work on /opt/airflow/dags/Etl_elt_trigger.py
[2025-05-02T22:14:56.328+0000] {processor.py:914} INFO - Processing file /opt/airflow/dags/Etl_elt_trigger.py for tasks to queue
[2025-05-02T22:14:56.336+0000] {logging_mixin.py:190} INFO - [2025-05-02T22:14:56.335+0000] {dagbag.py:587} INFO - Filling up the DagBag from /opt/airflow/dags/Etl_elt_trigger.py
[2025-05-02T22:14:56.364+0000] {processor.py:925} INFO - DAG(s) 'trigger_etl_then_elt' retrieved from /opt/airflow/dags/Etl_elt_trigger.py
[2025-05-02T22:14:56.412+0000] {logging_mixin.py:190} INFO - [2025-05-02T22:14:56.411+0000] {dag.py:3229} INFO - Sync 1 DAGs
[2025-05-02T22:14:56.451+0000] {logging_mixin.py:190} INFO - [2025-05-02T22:14:56.450+0000] {dag.py:4156} INFO - Setting next_dagrun for trigger_etl_then_elt to 2025-05-02 00:00:00+00:00, run_after=2025-05-03 00:00:00+00:00
[2025-05-02T22:14:56.469+0000] {processor.py:208} INFO - Processing /opt/airflow/dags/Etl_elt_trigger.py took 0.165 seconds
[2025-05-02T22:15:27.129+0000] {processor.py:186} INFO - Started process (PID=1142) to work on /opt/airflow/dags/Etl_elt_trigger.py
[2025-05-02T22:15:27.133+0000] {processor.py:914} INFO - Processing file /opt/airflow/dags/Etl_elt_trigger.py for tasks to queue
[2025-05-02T22:15:27.152+0000] {logging_mixin.py:190} INFO - [2025-05-02T22:15:27.147+0000] {dagbag.py:587} INFO - Filling up the DagBag from /opt/airflow/dags/Etl_elt_trigger.py
[2025-05-02T22:15:27.181+0000] {processor.py:925} INFO - DAG(s) 'trigger_etl_then_elt' retrieved from /opt/airflow/dags/Etl_elt_trigger.py
[2025-05-02T22:15:27.229+0000] {logging_mixin.py:190} INFO - [2025-05-02T22:15:27.228+0000] {dag.py:3229} INFO - Sync 1 DAGs
[2025-05-02T22:15:27.261+0000] {logging_mixin.py:190} INFO - [2025-05-02T22:15:27.260+0000] {dag.py:4156} INFO - Setting next_dagrun for trigger_etl_then_elt to 2025-05-02 00:00:00+00:00, run_after=2025-05-03 00:00:00+00:00
[2025-05-02T22:15:27.280+0000] {processor.py:208} INFO - Processing /opt/airflow/dags/Etl_elt_trigger.py took 0.215 seconds
[2025-05-02T22:15:57.696+0000] {processor.py:186} INFO - Started process (PID=1163) to work on /opt/airflow/dags/Etl_elt_trigger.py
[2025-05-02T22:15:57.697+0000] {processor.py:914} INFO - Processing file /opt/airflow/dags/Etl_elt_trigger.py for tasks to queue
[2025-05-02T22:15:57.701+0000] {logging_mixin.py:190} INFO - [2025-05-02T22:15:57.701+0000] {dagbag.py:587} INFO - Filling up the DagBag from /opt/airflow/dags/Etl_elt_trigger.py
[2025-05-02T22:15:57.719+0000] {processor.py:925} INFO - DAG(s) 'trigger_etl_then_elt' retrieved from /opt/airflow/dags/Etl_elt_trigger.py
[2025-05-02T22:15:57.753+0000] {logging_mixin.py:190} INFO - [2025-05-02T22:15:57.753+0000] {dag.py:3229} INFO - Sync 1 DAGs
[2025-05-02T22:15:57.782+0000] {logging_mixin.py:190} INFO - [2025-05-02T22:15:57.782+0000] {dag.py:4156} INFO - Setting next_dagrun for trigger_etl_then_elt to 2025-05-02 00:00:00+00:00, run_after=2025-05-03 00:00:00+00:00
[2025-05-02T22:15:57.796+0000] {processor.py:208} INFO - Processing /opt/airflow/dags/Etl_elt_trigger.py took 0.111 seconds
[2025-05-02T22:16:28.228+0000] {processor.py:186} INFO - Started process (PID=1184) to work on /opt/airflow/dags/Etl_elt_trigger.py
[2025-05-02T22:16:28.229+0000] {processor.py:914} INFO - Processing file /opt/airflow/dags/Etl_elt_trigger.py for tasks to queue
[2025-05-02T22:16:28.233+0000] {logging_mixin.py:190} INFO - [2025-05-02T22:16:28.232+0000] {dagbag.py:587} INFO - Filling up the DagBag from /opt/airflow/dags/Etl_elt_trigger.py
[2025-05-02T22:16:28.245+0000] {processor.py:925} INFO - DAG(s) 'trigger_etl_then_elt' retrieved from /opt/airflow/dags/Etl_elt_trigger.py
[2025-05-02T22:16:28.264+0000] {logging_mixin.py:190} INFO - [2025-05-02T22:16:28.264+0000] {dag.py:3229} INFO - Sync 1 DAGs
[2025-05-02T22:16:28.288+0000] {logging_mixin.py:190} INFO - [2025-05-02T22:16:28.288+0000] {dag.py:4156} INFO - Setting next_dagrun for trigger_etl_then_elt to 2025-05-02 00:00:00+00:00, run_after=2025-05-03 00:00:00+00:00
[2025-05-02T22:16:28.303+0000] {processor.py:208} INFO - Processing /opt/airflow/dags/Etl_elt_trigger.py took 0.083 seconds
[2025-05-02T22:16:58.716+0000] {processor.py:186} INFO - Started process (PID=1205) to work on /opt/airflow/dags/Etl_elt_trigger.py
[2025-05-02T22:16:58.718+0000] {processor.py:914} INFO - Processing file /opt/airflow/dags/Etl_elt_trigger.py for tasks to queue
[2025-05-02T22:16:58.725+0000] {logging_mixin.py:190} INFO - [2025-05-02T22:16:58.724+0000] {dagbag.py:587} INFO - Filling up the DagBag from /opt/airflow/dags/Etl_elt_trigger.py
[2025-05-02T22:16:58.746+0000] {processor.py:925} INFO - DAG(s) 'trigger_etl_then_elt' retrieved from /opt/airflow/dags/Etl_elt_trigger.py
[2025-05-02T22:16:58.778+0000] {logging_mixin.py:190} INFO - [2025-05-02T22:16:58.778+0000] {dag.py:3229} INFO - Sync 1 DAGs
[2025-05-02T22:16:58.809+0000] {logging_mixin.py:190} INFO - [2025-05-02T22:16:58.809+0000] {dag.py:4156} INFO - Setting next_dagrun for trigger_etl_then_elt to 2025-05-02 00:00:00+00:00, run_after=2025-05-03 00:00:00+00:00
[2025-05-02T22:16:58.826+0000] {processor.py:208} INFO - Processing /opt/airflow/dags/Etl_elt_trigger.py took 0.123 seconds
[2025-05-02T22:17:29.124+0000] {processor.py:186} INFO - Started process (PID=1231) to work on /opt/airflow/dags/Etl_elt_trigger.py
[2025-05-02T22:17:29.125+0000] {processor.py:914} INFO - Processing file /opt/airflow/dags/Etl_elt_trigger.py for tasks to queue
[2025-05-02T22:17:29.130+0000] {logging_mixin.py:190} INFO - [2025-05-02T22:17:29.129+0000] {dagbag.py:587} INFO - Filling up the DagBag from /opt/airflow/dags/Etl_elt_trigger.py
[2025-05-02T22:17:29.154+0000] {processor.py:925} INFO - DAG(s) 'trigger_etl_then_elt' retrieved from /opt/airflow/dags/Etl_elt_trigger.py
[2025-05-02T22:17:29.188+0000] {logging_mixin.py:190} INFO - [2025-05-02T22:17:29.187+0000] {dag.py:3229} INFO - Sync 1 DAGs
[2025-05-02T22:17:29.216+0000] {logging_mixin.py:190} INFO - [2025-05-02T22:17:29.215+0000] {dag.py:4156} INFO - Setting next_dagrun for trigger_etl_then_elt to 2025-05-02 00:00:00+00:00, run_after=2025-05-03 00:00:00+00:00
[2025-05-02T22:17:29.234+0000] {processor.py:208} INFO - Processing /opt/airflow/dags/Etl_elt_trigger.py took 0.124 seconds
[2025-05-02T22:17:59.745+0000] {processor.py:186} INFO - Started process (PID=1252) to work on /opt/airflow/dags/Etl_elt_trigger.py
[2025-05-02T22:17:59.747+0000] {processor.py:914} INFO - Processing file /opt/airflow/dags/Etl_elt_trigger.py for tasks to queue
[2025-05-02T22:17:59.755+0000] {logging_mixin.py:190} INFO - [2025-05-02T22:17:59.754+0000] {dagbag.py:587} INFO - Filling up the DagBag from /opt/airflow/dags/Etl_elt_trigger.py
[2025-05-02T22:17:59.779+0000] {processor.py:925} INFO - DAG(s) 'trigger_etl_then_elt' retrieved from /opt/airflow/dags/Etl_elt_trigger.py
[2025-05-02T22:17:59.822+0000] {logging_mixin.py:190} INFO - [2025-05-02T22:17:59.822+0000] {dag.py:3229} INFO - Sync 1 DAGs
[2025-05-02T22:17:59.854+0000] {logging_mixin.py:190} INFO - [2025-05-02T22:17:59.853+0000] {dag.py:4156} INFO - Setting next_dagrun for trigger_etl_then_elt to 2025-05-02 00:00:00+00:00, run_after=2025-05-03 00:00:00+00:00
[2025-05-02T22:17:59.873+0000] {processor.py:208} INFO - Processing /opt/airflow/dags/Etl_elt_trigger.py took 0.146 seconds
[2025-05-02T22:18:30.477+0000] {processor.py:186} INFO - Started process (PID=1273) to work on /opt/airflow/dags/Etl_elt_trigger.py
[2025-05-02T22:18:30.479+0000] {processor.py:914} INFO - Processing file /opt/airflow/dags/Etl_elt_trigger.py for tasks to queue
[2025-05-02T22:18:30.486+0000] {logging_mixin.py:190} INFO - [2025-05-02T22:18:30.486+0000] {dagbag.py:587} INFO - Filling up the DagBag from /opt/airflow/dags/Etl_elt_trigger.py
[2025-05-02T22:18:30.505+0000] {processor.py:925} INFO - DAG(s) 'trigger_etl_then_elt' retrieved from /opt/airflow/dags/Etl_elt_trigger.py
[2025-05-02T22:18:30.533+0000] {logging_mixin.py:190} INFO - [2025-05-02T22:18:30.533+0000] {dag.py:3229} INFO - Sync 1 DAGs
[2025-05-02T22:18:30.558+0000] {logging_mixin.py:190} INFO - [2025-05-02T22:18:30.557+0000] {dag.py:4156} INFO - Setting next_dagrun for trigger_etl_then_elt to 2025-05-02 00:00:00+00:00, run_after=2025-05-03 00:00:00+00:00
[2025-05-02T22:18:30.572+0000] {processor.py:208} INFO - Processing /opt/airflow/dags/Etl_elt_trigger.py took 0.108 seconds
[2025-05-02T22:19:01.036+0000] {processor.py:186} INFO - Started process (PID=1294) to work on /opt/airflow/dags/Etl_elt_trigger.py
[2025-05-02T22:19:01.038+0000] {processor.py:914} INFO - Processing file /opt/airflow/dags/Etl_elt_trigger.py for tasks to queue
[2025-05-02T22:19:01.044+0000] {logging_mixin.py:190} INFO - [2025-05-02T22:19:01.044+0000] {dagbag.py:587} INFO - Filling up the DagBag from /opt/airflow/dags/Etl_elt_trigger.py
[2025-05-02T22:19:01.060+0000] {processor.py:925} INFO - DAG(s) 'trigger_etl_then_elt' retrieved from /opt/airflow/dags/Etl_elt_trigger.py
[2025-05-02T22:19:01.086+0000] {logging_mixin.py:190} INFO - [2025-05-02T22:19:01.085+0000] {dag.py:3229} INFO - Sync 1 DAGs
[2025-05-02T22:19:01.110+0000] {logging_mixin.py:190} INFO - [2025-05-02T22:19:01.110+0000] {dag.py:4156} INFO - Setting next_dagrun for trigger_etl_then_elt to 2025-05-02 00:00:00+00:00, run_after=2025-05-03 00:00:00+00:00
[2025-05-02T22:19:01.126+0000] {processor.py:208} INFO - Processing /opt/airflow/dags/Etl_elt_trigger.py took 0.104 seconds
[2025-05-02T22:19:31.636+0000] {processor.py:186} INFO - Started process (PID=1315) to work on /opt/airflow/dags/Etl_elt_trigger.py
[2025-05-02T22:19:31.637+0000] {processor.py:914} INFO - Processing file /opt/airflow/dags/Etl_elt_trigger.py for tasks to queue
[2025-05-02T22:19:31.640+0000] {logging_mixin.py:190} INFO - [2025-05-02T22:19:31.640+0000] {dagbag.py:587} INFO - Filling up the DagBag from /opt/airflow/dags/Etl_elt_trigger.py
[2025-05-02T22:19:31.650+0000] {processor.py:925} INFO - DAG(s) 'trigger_etl_then_elt' retrieved from /opt/airflow/dags/Etl_elt_trigger.py
[2025-05-02T22:19:31.667+0000] {logging_mixin.py:190} INFO - [2025-05-02T22:19:31.667+0000] {dag.py:3229} INFO - Sync 1 DAGs
[2025-05-02T22:19:31.687+0000] {logging_mixin.py:190} INFO - [2025-05-02T22:19:31.687+0000] {dag.py:4156} INFO - Setting next_dagrun for trigger_etl_then_elt to 2025-05-02 00:00:00+00:00, run_after=2025-05-03 00:00:00+00:00
[2025-05-02T22:19:31.699+0000] {processor.py:208} INFO - Processing /opt/airflow/dags/Etl_elt_trigger.py took 0.071 seconds
