[2025-05-03T00:07:21.143+0000] {local_task_job_runner.py:123} INFO - ::group::Pre task execution logs
[2025-05-03T00:07:21.157+0000] {taskinstance.py:2612} INFO - Dependencies all met for dep_context=non-requeueable deps ti=<TaskInstance: tesla_stock_sentiment_api_etl.merge_stock_and_sentiment_to_raw manual__2025-05-02T22:10:40.543057+00:00 [queued]>
[2025-05-03T00:07:21.162+0000] {taskinstance.py:2612} INFO - Dependencies all met for dep_context=requeueable deps ti=<TaskInstance: tesla_stock_sentiment_api_etl.merge_stock_and_sentiment_to_raw manual__2025-05-02T22:10:40.543057+00:00 [queued]>
[2025-05-03T00:07:21.163+0000] {taskinstance.py:2865} INFO - Starting attempt 1 of 1
[2025-05-03T00:07:21.170+0000] {taskinstance.py:2888} INFO - Executing <Task(_PythonDecoratedOperator): merge_stock_and_sentiment_to_raw> on 2025-05-02 22:10:40.543057+00:00
[2025-05-03T00:07:21.183+0000] {logging_mixin.py:190} WARNING - /home/***/.local/lib/python3.12/site-packages/***/task/task_runner/standard_task_runner.py:70 DeprecationWarning: This process (pid=2773) is multi-threaded, use of fork() may lead to deadlocks in the child.
[2025-05-03T00:07:21.185+0000] {standard_task_runner.py:72} INFO - Started process 2776 to run task
[2025-05-03T00:07:21.184+0000] {standard_task_runner.py:104} INFO - Running: ['***', 'tasks', 'run', 'tesla_stock_sentiment_api_etl', 'merge_stock_and_sentiment_to_raw', 'manual__2025-05-02T22:10:40.543057+00:00', '--job-id', '20', '--raw', '--subdir', 'DAGS_FOLDER/tesla_stock_etl_api.py', '--cfg-path', '/tmp/tmpojgxswnm']
[2025-05-03T00:07:21.188+0000] {standard_task_runner.py:105} INFO - Job 20: Subtask merge_stock_and_sentiment_to_raw
[2025-05-03T00:07:21.227+0000] {task_command.py:467} INFO - Running <TaskInstance: tesla_stock_sentiment_api_etl.merge_stock_and_sentiment_to_raw manual__2025-05-02T22:10:40.543057+00:00 [running]> on host edac5e2fb0a3
[2025-05-03T00:07:21.287+0000] {taskinstance.py:3131} INFO - Exporting env vars: AIRFLOW_CTX_DAG_OWNER='***' AIRFLOW_CTX_DAG_ID='tesla_stock_sentiment_api_etl' AIRFLOW_CTX_TASK_ID='merge_stock_and_sentiment_to_raw' AIRFLOW_CTX_EXECUTION_DATE='2025-05-02T22:10:40.543057+00:00' AIRFLOW_CTX_TRY_NUMBER='1' AIRFLOW_CTX_DAG_RUN_ID='manual__2025-05-02T22:10:40.543057+00:00'
[2025-05-03T00:07:21.288+0000] {taskinstance.py:731} INFO - ::endgroup::
[2025-05-03T00:07:21.297+0000] {base.py:84} INFO - Retrieving connection 'snowflake_conn'
[2025-05-03T00:07:21.299+0000] {connection.py:413} INFO - Snowflake Connector for Python Version: 3.12.1, Python Version: 3.12.5, Platform: Linux-6.12.5-linuxkit-aarch64-with-glibc2.36
[2025-05-03T00:07:21.300+0000] {connection.py:1196} INFO - Connecting to GLOBAL Snowflake domain
[2025-05-03T00:07:21.300+0000] {connection.py:1277} INFO - This connection is in OCSP Fail Open Mode. TLS Certificates would be checked for validity and revocation status. Any other Certificate Revocation related exceptions or OCSP Responder failures would be disregarded in favor of connectivity.
[2025-05-03T00:07:22.113+0000] {cursor.py:1156} INFO - Number of results in first chunk: 1
[2025-05-03T00:07:22.225+0000] {cursor.py:1156} INFO - Number of results in first chunk: 1
[2025-05-03T00:07:26.083+0000] {cursor.py:1156} INFO - Number of results in first chunk: 1
[2025-05-03T00:07:26.086+0000] {logging_mixin.py:190} INFO - ✅ Incrementally merged into dev.raw.tsla_sentiment_merged.
[2025-05-03T00:07:26.087+0000] {python.py:240} INFO - Done. Returned value was: None
[2025-05-03T00:07:26.111+0000] {taskinstance.py:340} INFO - ::group::Post task execution logs
[2025-05-03T00:07:26.112+0000] {taskinstance.py:352} INFO - Marking task as SUCCESS. dag_id=tesla_stock_sentiment_api_etl, task_id=merge_stock_and_sentiment_to_raw, run_id=manual__2025-05-02T22:10:40.543057+00:00, execution_date=20250502T221040, start_date=20250503T000721, end_date=20250503T000726
[2025-05-03T00:07:26.171+0000] {local_task_job_runner.py:266} INFO - Task exited with return code 0
[2025-05-03T00:07:26.193+0000] {standard_task_runner.py:217} INFO - Process not found (most likely exited), stop collecting metrics
[2025-05-03T00:07:26.198+0000] {taskinstance.py:3900} INFO - 0 downstream tasks scheduled from follow-on schedule check
[2025-05-03T00:07:26.199+0000] {local_task_job_runner.py:245} INFO - ::endgroup::
