[2025-05-03T00:23:29.830+0000] {local_task_job_runner.py:123} INFO - ::group::Pre task execution logs
[2025-05-03T00:23:29.842+0000] {taskinstance.py:2612} INFO - Dependencies all met for dep_context=non-requeueable deps ti=<TaskInstance: sentiment_analysis_stock_ELT_dbt.dbt_snapshot manual__2025-05-03T00:23:02.743878+00:00 [queued]>
[2025-05-03T00:23:29.847+0000] {taskinstance.py:2612} INFO - Dependencies all met for dep_context=requeueable deps ti=<TaskInstance: sentiment_analysis_stock_ELT_dbt.dbt_snapshot manual__2025-05-03T00:23:02.743878+00:00 [queued]>
[2025-05-03T00:23:29.847+0000] {taskinstance.py:2865} INFO - Starting attempt 1 of 1
[2025-05-03T00:23:29.855+0000] {taskinstance.py:2888} INFO - Executing <Task(BashOperator): dbt_snapshot> on 2025-05-03 00:23:02.743878+00:00
[2025-05-03T00:23:29.860+0000] {standard_task_runner.py:104} INFO - Running: ['***', 'tasks', 'run', 'sentiment_analysis_stock_ELT_dbt', 'dbt_snapshot', 'manual__2025-05-03T00:23:02.743878+00:00', '--job-id', '29', '--raw', '--subdir', 'DAGS_FOLDER/sentiment_analysis_build_elt_with_dbt.py', '--cfg-path', '/tmp/tmp8c7kk2wl']
[2025-05-03T00:23:29.862+0000] {standard_task_runner.py:105} INFO - Job 29: Subtask dbt_snapshot
[2025-05-03T00:23:29.862+0000] {logging_mixin.py:190} WARNING - /home/***/.local/lib/python3.12/site-packages/***/task/task_runner/standard_task_runner.py:70 DeprecationWarning: This process (pid=3546) is multi-threaded, use of fork() may lead to deadlocks in the child.
[2025-05-03T00:23:29.864+0000] {standard_task_runner.py:72} INFO - Started process 3547 to run task
[2025-05-03T00:23:29.891+0000] {task_command.py:467} INFO - Running <TaskInstance: sentiment_analysis_stock_ELT_dbt.dbt_snapshot manual__2025-05-03T00:23:02.743878+00:00 [running]> on host edac5e2fb0a3
[2025-05-03T00:23:29.946+0000] {taskinstance.py:3131} INFO - Exporting env vars: AIRFLOW_CTX_DAG_OWNER='***' AIRFLOW_CTX_DAG_ID='sentiment_analysis_stock_ELT_dbt' AIRFLOW_CTX_TASK_ID='dbt_snapshot' AIRFLOW_CTX_EXECUTION_DATE='2025-05-03T00:23:02.743878+00:00' AIRFLOW_CTX_TRY_NUMBER='1' AIRFLOW_CTX_DAG_RUN_ID='manual__2025-05-03T00:23:02.743878+00:00'
[2025-05-03T00:23:29.946+0000] {taskinstance.py:731} INFO - ::endgroup::
[2025-05-03T00:23:29.957+0000] {subprocess.py:63} INFO - Tmp dir root location: /tmp
[2025-05-03T00:23:29.958+0000] {subprocess.py:75} INFO - Running command: ['/usr/bin/bash', '-c', '/home/***/.local/bin/dbt snapshot --profiles-dir /opt/***/sentiment_analysis_dbt --project-dir /opt/***/sentiment_analysis_dbt']
[2025-05-03T00:23:29.963+0000] {subprocess.py:86} INFO - Output:
[2025-05-03T00:23:32.225+0000] {subprocess.py:93} INFO - [0m00:23:32  Running with dbt=1.7.19
[2025-05-03T00:23:32.927+0000] {subprocess.py:93} INFO - [0m00:23:32  Registered adapter: snowflake=1.7.1
[2025-05-03T00:23:32.979+0000] {subprocess.py:93} INFO - [0m00:23:32  Found 5 models, 1 snapshot, 1 source, 0 exposures, 0 metrics, 430 macros, 0 groups, 0 semantic models
[2025-05-03T00:23:32.981+0000] {subprocess.py:93} INFO - [0m00:23:32
[2025-05-03T00:23:39.760+0000] {subprocess.py:93} INFO - [0m00:23:39  Concurrency: 1 threads (target='dev')
[2025-05-03T00:23:39.763+0000] {subprocess.py:93} INFO - [0m00:23:39
[2025-05-03T00:23:39.781+0000] {subprocess.py:93} INFO - [0m00:23:39  1 of 1 START snapshot dev.snapshots.stock_data_snapshot ........................ [RUN]
[2025-05-03T00:23:47.045+0000] {subprocess.py:93} INFO - [0m00:23:47  1 of 1 OK snapshotted dev.snapshots.stock_data_snapshot ........................ [[32mSUCCESS 0[0m in 7.26s]
[2025-05-03T00:23:47.051+0000] {subprocess.py:93} INFO - [0m00:23:47
[2025-05-03T00:23:47.051+0000] {subprocess.py:93} INFO - [0m00:23:47  Finished running 1 snapshot in 0 hours 0 minutes and 14.07 seconds (14.07s).
[2025-05-03T00:23:47.068+0000] {subprocess.py:93} INFO - [0m00:23:47
[2025-05-03T00:23:47.069+0000] {subprocess.py:93} INFO - [0m00:23:47  [32mCompleted successfully[0m
[2025-05-03T00:23:47.070+0000] {subprocess.py:93} INFO - [0m00:23:47
[2025-05-03T00:23:47.071+0000] {subprocess.py:93} INFO - [0m00:23:47  Done. PASS=1 WARN=0 ERROR=0 SKIP=0 TOTAL=1
[2025-05-03T00:23:47.958+0000] {subprocess.py:97} INFO - Command exited with return code 0
[2025-05-03T00:23:48.011+0000] {taskinstance.py:340} INFO - ::group::Post task execution logs
[2025-05-03T00:23:48.012+0000] {taskinstance.py:352} INFO - Marking task as SUCCESS. dag_id=sentiment_analysis_stock_ELT_dbt, task_id=dbt_snapshot, run_id=manual__2025-05-03T00:23:02.743878+00:00, execution_date=20250503T002302, start_date=20250503T002329, end_date=20250503T002348
[2025-05-03T00:23:48.048+0000] {local_task_job_runner.py:266} INFO - Task exited with return code 0
[2025-05-03T00:23:48.072+0000] {taskinstance.py:3900} INFO - 0 downstream tasks scheduled from follow-on schedule check
[2025-05-03T00:23:48.073+0000] {local_task_job_runner.py:245} INFO - ::endgroup::
