[2025-04-30T20:41:41.029+0000] {processor.py:186} INFO - Started process (PID=4120) to work on /opt/airflow/dags/Lab_Stocks.py
[2025-04-30T20:41:41.034+0000] {processor.py:914} INFO - Processing file /opt/airflow/dags/Lab_Stocks.py for tasks to queue
[2025-04-30T20:41:41.068+0000] {logging_mixin.py:190} INFO - [2025-04-30T20:41:41.063+0000] {dagbag.py:587} INFO - Filling up the DagBag from /opt/airflow/dags/Lab_Stocks.py
[2025-04-30T20:41:43.141+0000] {processor.py:925} INFO - DAG(s) 'Stock_YFinance_Snowflake' retrieved from /opt/airflow/dags/Lab_Stocks.py
[2025-04-30T20:41:43.824+0000] {logging_mixin.py:190} INFO - [2025-04-30T20:41:43.820+0000] {override.py:1900} INFO - Created Permission View: can edit on DAG:Stock_YFinance_Snowflake
[2025-04-30T20:41:43.834+0000] {logging_mixin.py:190} INFO - [2025-04-30T20:41:43.834+0000] {override.py:1900} INFO - Created Permission View: can delete on DAG:Stock_YFinance_Snowflake
[2025-04-30T20:41:43.841+0000] {logging_mixin.py:190} INFO - [2025-04-30T20:41:43.840+0000] {override.py:1900} INFO - Created Permission View: can read on DAG:Stock_YFinance_Snowflake
[2025-04-30T20:41:43.849+0000] {logging_mixin.py:190} INFO - [2025-04-30T20:41:43.849+0000] {override.py:1900} INFO - Created Permission View: can delete on DAG Run:Stock_YFinance_Snowflake
[2025-04-30T20:41:43.853+0000] {logging_mixin.py:190} INFO - [2025-04-30T20:41:43.853+0000] {override.py:1900} INFO - Created Permission View: menu access on DAG Run:Stock_YFinance_Snowflake
[2025-04-30T20:41:43.858+0000] {logging_mixin.py:190} INFO - [2025-04-30T20:41:43.858+0000] {override.py:1900} INFO - Created Permission View: can create on DAG Run:Stock_YFinance_Snowflake
[2025-04-30T20:41:43.862+0000] {logging_mixin.py:190} INFO - [2025-04-30T20:41:43.862+0000] {override.py:1900} INFO - Created Permission View: can read on DAG Run:Stock_YFinance_Snowflake
[2025-04-30T20:41:43.863+0000] {logging_mixin.py:190} INFO - [2025-04-30T20:41:43.862+0000] {dag.py:3229} INFO - Sync 1 DAGs
[2025-04-30T20:41:43.883+0000] {logging_mixin.py:190} INFO - [2025-04-30T20:41:43.882+0000] {dag.py:3252} INFO - Creating ORM DAG for Stock_YFinance_Snowflake
[2025-04-30T20:41:43.898+0000] {logging_mixin.py:190} INFO - [2025-04-30T20:41:43.898+0000] {dag.py:4156} INFO - Setting next_dagrun for Stock_YFinance_Snowflake to 2025-04-29 02:00:00+00:00, run_after=2025-04-30 02:00:00+00:00
[2025-04-30T20:41:43.922+0000] {processor.py:208} INFO - Processing /opt/airflow/dags/Lab_Stocks.py took 2.962 seconds
[2025-04-30T20:43:24.527+0000] {processor.py:186} INFO - Started process (PID=254) to work on /opt/airflow/dags/Lab_Stocks.py
[2025-04-30T20:43:24.530+0000] {processor.py:914} INFO - Processing file /opt/airflow/dags/Lab_Stocks.py for tasks to queue
[2025-04-30T20:43:24.539+0000] {logging_mixin.py:190} INFO - [2025-04-30T20:43:24.538+0000] {dagbag.py:587} INFO - Filling up the DagBag from /opt/airflow/dags/Lab_Stocks.py
[2025-04-30T20:43:24.842+0000] {processor.py:925} INFO - DAG(s) 'Stock_YFinance_Snowflake' retrieved from /opt/airflow/dags/Lab_Stocks.py
[2025-04-30T20:43:24.933+0000] {logging_mixin.py:190} INFO - [2025-04-30T20:43:24.932+0000] {dag.py:3229} INFO - Sync 1 DAGs
[2025-04-30T20:43:24.979+0000] {logging_mixin.py:190} INFO - [2025-04-30T20:43:24.978+0000] {dag.py:4156} INFO - Setting next_dagrun for Stock_YFinance_Snowflake to 2025-04-29 02:00:00+00:00, run_after=2025-04-30 02:00:00+00:00
[2025-04-30T20:43:25.008+0000] {processor.py:208} INFO - Processing /opt/airflow/dags/Lab_Stocks.py took 0.498 seconds
[2025-04-30T20:43:55.536+0000] {processor.py:186} INFO - Started process (PID=282) to work on /opt/airflow/dags/Lab_Stocks.py
[2025-04-30T20:43:55.539+0000] {processor.py:914} INFO - Processing file /opt/airflow/dags/Lab_Stocks.py for tasks to queue
[2025-04-30T20:43:55.550+0000] {logging_mixin.py:190} INFO - [2025-04-30T20:43:55.548+0000] {dagbag.py:587} INFO - Filling up the DagBag from /opt/airflow/dags/Lab_Stocks.py
[2025-04-30T20:43:55.787+0000] {processor.py:925} INFO - DAG(s) 'Stock_YFinance_Snowflake' retrieved from /opt/airflow/dags/Lab_Stocks.py
[2025-04-30T20:43:55.835+0000] {logging_mixin.py:190} INFO - [2025-04-30T20:43:55.835+0000] {dag.py:3229} INFO - Sync 1 DAGs
[2025-04-30T20:43:55.876+0000] {logging_mixin.py:190} INFO - [2025-04-30T20:43:55.876+0000] {dag.py:4156} INFO - Setting next_dagrun for Stock_YFinance_Snowflake to 2025-04-29 02:00:00+00:00, run_after=2025-04-30 02:00:00+00:00
[2025-04-30T20:43:55.902+0000] {processor.py:208} INFO - Processing /opt/airflow/dags/Lab_Stocks.py took 0.393 seconds
[2025-04-30T20:44:25.999+0000] {processor.py:186} INFO - Started process (PID=308) to work on /opt/airflow/dags/Lab_Stocks.py
[2025-04-30T20:44:26.000+0000] {processor.py:914} INFO - Processing file /opt/airflow/dags/Lab_Stocks.py for tasks to queue
[2025-04-30T20:44:26.004+0000] {logging_mixin.py:190} INFO - [2025-04-30T20:44:26.004+0000] {dagbag.py:587} INFO - Filling up the DagBag from /opt/airflow/dags/Lab_Stocks.py
[2025-04-30T20:44:26.161+0000] {processor.py:925} INFO - DAG(s) 'Stock_YFinance_Snowflake' retrieved from /opt/airflow/dags/Lab_Stocks.py
[2025-04-30T20:44:26.203+0000] {logging_mixin.py:190} INFO - [2025-04-30T20:44:26.202+0000] {dag.py:3229} INFO - Sync 1 DAGs
[2025-04-30T20:44:26.230+0000] {logging_mixin.py:190} INFO - [2025-04-30T20:44:26.230+0000] {dag.py:4156} INFO - Setting next_dagrun for Stock_YFinance_Snowflake to 2025-04-30 02:00:00+00:00, run_after=2025-05-01 02:00:00+00:00
[2025-04-30T20:44:26.252+0000] {processor.py:208} INFO - Processing /opt/airflow/dags/Lab_Stocks.py took 0.281 seconds
[2025-04-30T20:44:56.592+0000] {processor.py:186} INFO - Started process (PID=325) to work on /opt/airflow/dags/Lab_Stocks.py
[2025-04-30T20:44:56.593+0000] {processor.py:914} INFO - Processing file /opt/airflow/dags/Lab_Stocks.py for tasks to queue
[2025-04-30T20:44:56.597+0000] {logging_mixin.py:190} INFO - [2025-04-30T20:44:56.597+0000] {dagbag.py:587} INFO - Filling up the DagBag from /opt/airflow/dags/Lab_Stocks.py
[2025-04-30T20:44:56.743+0000] {processor.py:925} INFO - DAG(s) 'Stock_YFinance_Snowflake' retrieved from /opt/airflow/dags/Lab_Stocks.py
[2025-04-30T20:44:56.771+0000] {logging_mixin.py:190} INFO - [2025-04-30T20:44:56.771+0000] {dag.py:3229} INFO - Sync 1 DAGs
[2025-04-30T20:44:56.801+0000] {logging_mixin.py:190} INFO - [2025-04-30T20:44:56.801+0000] {dag.py:4156} INFO - Setting next_dagrun for Stock_YFinance_Snowflake to 2025-04-30 02:00:00+00:00, run_after=2025-05-01 02:00:00+00:00
[2025-04-30T20:44:56.829+0000] {processor.py:208} INFO - Processing /opt/airflow/dags/Lab_Stocks.py took 0.247 seconds
[2025-04-30T20:45:26.998+0000] {processor.py:186} INFO - Started process (PID=341) to work on /opt/airflow/dags/Lab_Stocks.py
[2025-04-30T20:45:26.999+0000] {processor.py:914} INFO - Processing file /opt/airflow/dags/Lab_Stocks.py for tasks to queue
[2025-04-30T20:45:27.004+0000] {logging_mixin.py:190} INFO - [2025-04-30T20:45:27.004+0000] {dagbag.py:587} INFO - Filling up the DagBag from /opt/airflow/dags/Lab_Stocks.py
[2025-04-30T20:45:27.182+0000] {processor.py:925} INFO - DAG(s) 'Stock_YFinance_Snowflake' retrieved from /opt/airflow/dags/Lab_Stocks.py
[2025-04-30T20:45:27.221+0000] {logging_mixin.py:190} INFO - [2025-04-30T20:45:27.220+0000] {dag.py:3229} INFO - Sync 1 DAGs
[2025-04-30T20:45:27.253+0000] {logging_mixin.py:190} INFO - [2025-04-30T20:45:27.253+0000] {dag.py:4156} INFO - Setting next_dagrun for Stock_YFinance_Snowflake to 2025-04-30 02:00:00+00:00, run_after=2025-05-01 02:00:00+00:00
[2025-04-30T20:45:27.276+0000] {processor.py:208} INFO - Processing /opt/airflow/dags/Lab_Stocks.py took 0.295 seconds
[2025-04-30T20:45:57.565+0000] {processor.py:186} INFO - Started process (PID=357) to work on /opt/airflow/dags/Lab_Stocks.py
[2025-04-30T20:45:57.567+0000] {processor.py:914} INFO - Processing file /opt/airflow/dags/Lab_Stocks.py for tasks to queue
[2025-04-30T20:45:57.572+0000] {logging_mixin.py:190} INFO - [2025-04-30T20:45:57.571+0000] {dagbag.py:587} INFO - Filling up the DagBag from /opt/airflow/dags/Lab_Stocks.py
[2025-04-30T20:45:57.728+0000] {processor.py:925} INFO - DAG(s) 'Stock_YFinance_Snowflake' retrieved from /opt/airflow/dags/Lab_Stocks.py
[2025-04-30T20:45:57.772+0000] {logging_mixin.py:190} INFO - [2025-04-30T20:45:57.771+0000] {dag.py:3229} INFO - Sync 1 DAGs
[2025-04-30T20:45:57.810+0000] {logging_mixin.py:190} INFO - [2025-04-30T20:45:57.810+0000] {dag.py:4156} INFO - Setting next_dagrun for Stock_YFinance_Snowflake to 2025-04-30 02:00:00+00:00, run_after=2025-05-01 02:00:00+00:00
[2025-04-30T20:45:57.833+0000] {processor.py:208} INFO - Processing /opt/airflow/dags/Lab_Stocks.py took 0.280 seconds
[2025-04-30T20:46:28.107+0000] {processor.py:186} INFO - Started process (PID=378) to work on /opt/airflow/dags/Lab_Stocks.py
[2025-04-30T20:46:28.109+0000] {processor.py:914} INFO - Processing file /opt/airflow/dags/Lab_Stocks.py for tasks to queue
[2025-04-30T20:46:28.116+0000] {logging_mixin.py:190} INFO - [2025-04-30T20:46:28.115+0000] {dagbag.py:587} INFO - Filling up the DagBag from /opt/airflow/dags/Lab_Stocks.py
[2025-04-30T20:46:28.339+0000] {processor.py:925} INFO - DAG(s) 'Stock_YFinance_Snowflake' retrieved from /opt/airflow/dags/Lab_Stocks.py
[2025-04-30T20:46:28.384+0000] {logging_mixin.py:190} INFO - [2025-04-30T20:46:28.384+0000] {dag.py:3229} INFO - Sync 1 DAGs
[2025-04-30T20:46:28.423+0000] {logging_mixin.py:190} INFO - [2025-04-30T20:46:28.423+0000] {dag.py:4156} INFO - Setting next_dagrun for Stock_YFinance_Snowflake to 2025-04-30 02:00:00+00:00, run_after=2025-05-01 02:00:00+00:00
[2025-04-30T20:46:28.444+0000] {processor.py:208} INFO - Processing /opt/airflow/dags/Lab_Stocks.py took 0.359 seconds
[2025-04-30T20:46:58.594+0000] {processor.py:186} INFO - Started process (PID=394) to work on /opt/airflow/dags/Lab_Stocks.py
[2025-04-30T20:46:58.596+0000] {processor.py:914} INFO - Processing file /opt/airflow/dags/Lab_Stocks.py for tasks to queue
[2025-04-30T20:46:58.606+0000] {logging_mixin.py:190} INFO - [2025-04-30T20:46:58.602+0000] {dagbag.py:587} INFO - Filling up the DagBag from /opt/airflow/dags/Lab_Stocks.py
[2025-04-30T20:46:58.781+0000] {processor.py:925} INFO - DAG(s) 'Stock_YFinance_Snowflake' retrieved from /opt/airflow/dags/Lab_Stocks.py
[2025-04-30T20:46:58.822+0000] {logging_mixin.py:190} INFO - [2025-04-30T20:46:58.822+0000] {dag.py:3229} INFO - Sync 1 DAGs
[2025-04-30T20:46:58.847+0000] {logging_mixin.py:190} INFO - [2025-04-30T20:46:58.846+0000] {dag.py:4156} INFO - Setting next_dagrun for Stock_YFinance_Snowflake to 2025-04-30 02:00:00+00:00, run_after=2025-05-01 02:00:00+00:00
[2025-04-30T20:46:58.867+0000] {processor.py:208} INFO - Processing /opt/airflow/dags/Lab_Stocks.py took 0.292 seconds
[2025-04-30T20:47:29.147+0000] {processor.py:186} INFO - Started process (PID=415) to work on /opt/airflow/dags/Lab_Stocks.py
[2025-04-30T20:47:29.149+0000] {processor.py:914} INFO - Processing file /opt/airflow/dags/Lab_Stocks.py for tasks to queue
[2025-04-30T20:47:29.161+0000] {logging_mixin.py:190} INFO - [2025-04-30T20:47:29.158+0000] {dagbag.py:587} INFO - Filling up the DagBag from /opt/airflow/dags/Lab_Stocks.py
[2025-04-30T20:47:29.326+0000] {processor.py:925} INFO - DAG(s) 'Stock_YFinance_Snowflake' retrieved from /opt/airflow/dags/Lab_Stocks.py
[2025-04-30T20:47:29.362+0000] {logging_mixin.py:190} INFO - [2025-04-30T20:47:29.361+0000] {dag.py:3229} INFO - Sync 1 DAGs
[2025-04-30T20:47:29.386+0000] {logging_mixin.py:190} INFO - [2025-04-30T20:47:29.386+0000] {dag.py:4156} INFO - Setting next_dagrun for Stock_YFinance_Snowflake to 2025-04-30 02:00:00+00:00, run_after=2025-05-01 02:00:00+00:00
[2025-04-30T20:47:29.404+0000] {processor.py:208} INFO - Processing /opt/airflow/dags/Lab_Stocks.py took 0.269 seconds
[2025-04-30T21:11:14.740+0000] {processor.py:186} INFO - Started process (PID=206) to work on /opt/airflow/dags/Lab_Stocks.py
[2025-04-30T21:11:14.741+0000] {processor.py:914} INFO - Processing file /opt/airflow/dags/Lab_Stocks.py for tasks to queue
[2025-04-30T21:11:14.744+0000] {logging_mixin.py:190} INFO - [2025-04-30T21:11:14.743+0000] {dagbag.py:587} INFO - Filling up the DagBag from /opt/airflow/dags/Lab_Stocks.py
[2025-04-30T21:11:14.838+0000] {processor.py:925} INFO - DAG(s) 'Stock_YFinance_Snowflake' retrieved from /opt/airflow/dags/Lab_Stocks.py
[2025-04-30T21:11:14.857+0000] {logging_mixin.py:190} INFO - [2025-04-30T21:11:14.857+0000] {dag.py:3229} INFO - Sync 1 DAGs
[2025-04-30T21:11:14.877+0000] {logging_mixin.py:190} INFO - [2025-04-30T21:11:14.876+0000] {dag.py:4156} INFO - Setting next_dagrun for Stock_YFinance_Snowflake to 2025-04-30 02:00:00+00:00, run_after=2025-05-01 02:00:00+00:00
[2025-04-30T21:11:14.894+0000] {processor.py:208} INFO - Processing /opt/airflow/dags/Lab_Stocks.py took 0.160 seconds
[2025-04-30T21:11:45.531+0000] {processor.py:186} INFO - Started process (PID=258) to work on /opt/airflow/dags/Lab_Stocks.py
[2025-04-30T21:11:45.532+0000] {processor.py:914} INFO - Processing file /opt/airflow/dags/Lab_Stocks.py for tasks to queue
[2025-04-30T21:11:45.534+0000] {logging_mixin.py:190} INFO - [2025-04-30T21:11:45.534+0000] {dagbag.py:587} INFO - Filling up the DagBag from /opt/airflow/dags/Lab_Stocks.py
[2025-04-30T21:11:45.635+0000] {processor.py:925} INFO - DAG(s) 'Stock_YFinance_Snowflake' retrieved from /opt/airflow/dags/Lab_Stocks.py
[2025-04-30T21:11:45.657+0000] {logging_mixin.py:190} INFO - [2025-04-30T21:11:45.657+0000] {dag.py:3229} INFO - Sync 1 DAGs
[2025-04-30T21:11:45.673+0000] {logging_mixin.py:190} INFO - [2025-04-30T21:11:45.673+0000] {dag.py:4156} INFO - Setting next_dagrun for Stock_YFinance_Snowflake to 2025-04-30 02:00:00+00:00, run_after=2025-05-01 02:00:00+00:00
[2025-04-30T21:11:45.687+0000] {processor.py:208} INFO - Processing /opt/airflow/dags/Lab_Stocks.py took 0.161 seconds
[2025-04-30T21:12:16.229+0000] {processor.py:186} INFO - Started process (PID=284) to work on /opt/airflow/dags/Lab_Stocks.py
[2025-04-30T21:12:16.231+0000] {processor.py:914} INFO - Processing file /opt/airflow/dags/Lab_Stocks.py for tasks to queue
[2025-04-30T21:12:16.233+0000] {logging_mixin.py:190} INFO - [2025-04-30T21:12:16.233+0000] {dagbag.py:587} INFO - Filling up the DagBag from /opt/airflow/dags/Lab_Stocks.py
[2025-04-30T21:12:16.354+0000] {processor.py:925} INFO - DAG(s) 'Stock_YFinance_Snowflake' retrieved from /opt/airflow/dags/Lab_Stocks.py
[2025-04-30T21:12:16.380+0000] {logging_mixin.py:190} INFO - [2025-04-30T21:12:16.380+0000] {dag.py:3229} INFO - Sync 1 DAGs
[2025-04-30T21:12:16.420+0000] {logging_mixin.py:190} INFO - [2025-04-30T21:12:16.420+0000] {dag.py:4156} INFO - Setting next_dagrun for Stock_YFinance_Snowflake to 2025-04-30 02:00:00+00:00, run_after=2025-05-01 02:00:00+00:00
[2025-04-30T21:12:16.462+0000] {processor.py:208} INFO - Processing /opt/airflow/dags/Lab_Stocks.py took 0.241 seconds
[2025-04-30T21:12:47.040+0000] {processor.py:186} INFO - Started process (PID=310) to work on /opt/airflow/dags/Lab_Stocks.py
[2025-04-30T21:12:47.041+0000] {processor.py:914} INFO - Processing file /opt/airflow/dags/Lab_Stocks.py for tasks to queue
[2025-04-30T21:12:47.043+0000] {logging_mixin.py:190} INFO - [2025-04-30T21:12:47.043+0000] {dagbag.py:587} INFO - Filling up the DagBag from /opt/airflow/dags/Lab_Stocks.py
[2025-04-30T21:12:47.138+0000] {processor.py:925} INFO - DAG(s) 'Stock_YFinance_Snowflake' retrieved from /opt/airflow/dags/Lab_Stocks.py
[2025-04-30T21:12:47.164+0000] {logging_mixin.py:190} INFO - [2025-04-30T21:12:47.164+0000] {dag.py:3229} INFO - Sync 1 DAGs
[2025-04-30T21:12:47.180+0000] {logging_mixin.py:190} INFO - [2025-04-30T21:12:47.180+0000] {dag.py:4156} INFO - Setting next_dagrun for Stock_YFinance_Snowflake to 2025-04-30 02:00:00+00:00, run_after=2025-05-01 02:00:00+00:00
[2025-04-30T21:12:47.191+0000] {processor.py:208} INFO - Processing /opt/airflow/dags/Lab_Stocks.py took 0.157 seconds
[2025-04-30T21:13:22.834+0000] {processor.py:186} INFO - Started process (PID=200) to work on /opt/airflow/dags/Lab_Stocks.py
[2025-04-30T21:13:22.836+0000] {processor.py:914} INFO - Processing file /opt/airflow/dags/Lab_Stocks.py for tasks to queue
[2025-04-30T21:13:22.840+0000] {logging_mixin.py:190} INFO - [2025-04-30T21:13:22.840+0000] {dagbag.py:587} INFO - Filling up the DagBag from /opt/airflow/dags/Lab_Stocks.py
[2025-04-30T21:13:23.065+0000] {processor.py:925} INFO - DAG(s) 'Stock_YFinance_Snowflake' retrieved from /opt/airflow/dags/Lab_Stocks.py
[2025-04-30T21:13:23.109+0000] {logging_mixin.py:190} INFO - [2025-04-30T21:13:23.108+0000] {dag.py:3229} INFO - Sync 1 DAGs
[2025-04-30T21:13:23.155+0000] {logging_mixin.py:190} INFO - [2025-04-30T21:13:23.155+0000] {dag.py:4156} INFO - Setting next_dagrun for Stock_YFinance_Snowflake to 2025-04-30 02:00:00+00:00, run_after=2025-05-01 02:00:00+00:00
[2025-04-30T21:13:23.171+0000] {processor.py:208} INFO - Processing /opt/airflow/dags/Lab_Stocks.py took 0.349 seconds
[2025-04-30T21:13:53.788+0000] {processor.py:186} INFO - Started process (PID=257) to work on /opt/airflow/dags/Lab_Stocks.py
[2025-04-30T21:13:53.792+0000] {processor.py:914} INFO - Processing file /opt/airflow/dags/Lab_Stocks.py for tasks to queue
[2025-04-30T21:13:53.795+0000] {logging_mixin.py:190} INFO - [2025-04-30T21:13:53.794+0000] {dagbag.py:587} INFO - Filling up the DagBag from /opt/airflow/dags/Lab_Stocks.py
[2025-04-30T21:13:53.896+0000] {processor.py:925} INFO - DAG(s) 'Stock_YFinance_Snowflake' retrieved from /opt/airflow/dags/Lab_Stocks.py
[2025-04-30T21:13:53.914+0000] {logging_mixin.py:190} INFO - [2025-04-30T21:13:53.914+0000] {dag.py:3229} INFO - Sync 1 DAGs
[2025-04-30T21:13:53.930+0000] {logging_mixin.py:190} INFO - [2025-04-30T21:13:53.929+0000] {dag.py:4156} INFO - Setting next_dagrun for Stock_YFinance_Snowflake to 2025-04-30 02:00:00+00:00, run_after=2025-05-01 02:00:00+00:00
[2025-04-30T21:13:53.942+0000] {processor.py:208} INFO - Processing /opt/airflow/dags/Lab_Stocks.py took 0.167 seconds
[2025-04-30T21:14:24.573+0000] {processor.py:186} INFO - Started process (PID=293) to work on /opt/airflow/dags/Lab_Stocks.py
[2025-04-30T21:14:24.574+0000] {processor.py:914} INFO - Processing file /opt/airflow/dags/Lab_Stocks.py for tasks to queue
[2025-04-30T21:14:24.576+0000] {logging_mixin.py:190} INFO - [2025-04-30T21:14:24.576+0000] {dagbag.py:587} INFO - Filling up the DagBag from /opt/airflow/dags/Lab_Stocks.py
[2025-04-30T21:14:24.685+0000] {processor.py:925} INFO - DAG(s) 'Stock_YFinance_Snowflake' retrieved from /opt/airflow/dags/Lab_Stocks.py
[2025-04-30T21:14:24.706+0000] {logging_mixin.py:190} INFO - [2025-04-30T21:14:24.706+0000] {dag.py:3229} INFO - Sync 1 DAGs
[2025-04-30T21:14:24.733+0000] {logging_mixin.py:190} INFO - [2025-04-30T21:14:24.733+0000] {dag.py:4156} INFO - Setting next_dagrun for Stock_YFinance_Snowflake to 2025-04-30 02:00:00+00:00, run_after=2025-05-01 02:00:00+00:00
[2025-04-30T21:14:24.751+0000] {processor.py:208} INFO - Processing /opt/airflow/dags/Lab_Stocks.py took 0.186 seconds
[2025-04-30T21:14:55.373+0000] {processor.py:186} INFO - Started process (PID=334) to work on /opt/airflow/dags/Lab_Stocks.py
[2025-04-30T21:14:55.374+0000] {processor.py:914} INFO - Processing file /opt/airflow/dags/Lab_Stocks.py for tasks to queue
[2025-04-30T21:14:55.375+0000] {logging_mixin.py:190} INFO - [2025-04-30T21:14:55.375+0000] {dagbag.py:587} INFO - Filling up the DagBag from /opt/airflow/dags/Lab_Stocks.py
[2025-04-30T21:14:55.467+0000] {processor.py:925} INFO - DAG(s) 'Stock_YFinance_Snowflake' retrieved from /opt/airflow/dags/Lab_Stocks.py
[2025-04-30T21:14:55.486+0000] {logging_mixin.py:190} INFO - [2025-04-30T21:14:55.485+0000] {dag.py:3229} INFO - Sync 1 DAGs
[2025-04-30T21:14:55.502+0000] {logging_mixin.py:190} INFO - [2025-04-30T21:14:55.502+0000] {dag.py:4156} INFO - Setting next_dagrun for Stock_YFinance_Snowflake to 2025-04-30 02:00:00+00:00, run_after=2025-05-01 02:00:00+00:00
[2025-04-30T21:14:55.517+0000] {processor.py:208} INFO - Processing /opt/airflow/dags/Lab_Stocks.py took 0.149 seconds
[2025-04-30T21:15:26.122+0000] {processor.py:186} INFO - Started process (PID=360) to work on /opt/airflow/dags/Lab_Stocks.py
[2025-04-30T21:15:26.123+0000] {processor.py:914} INFO - Processing file /opt/airflow/dags/Lab_Stocks.py for tasks to queue
[2025-04-30T21:15:26.124+0000] {logging_mixin.py:190} INFO - [2025-04-30T21:15:26.124+0000] {dagbag.py:587} INFO - Filling up the DagBag from /opt/airflow/dags/Lab_Stocks.py
[2025-04-30T21:15:26.219+0000] {processor.py:925} INFO - DAG(s) 'Stock_YFinance_Snowflake' retrieved from /opt/airflow/dags/Lab_Stocks.py
[2025-04-30T21:15:26.247+0000] {logging_mixin.py:190} INFO - [2025-04-30T21:15:26.246+0000] {dag.py:3229} INFO - Sync 1 DAGs
[2025-04-30T21:15:26.273+0000] {logging_mixin.py:190} INFO - [2025-04-30T21:15:26.273+0000] {dag.py:4156} INFO - Setting next_dagrun for Stock_YFinance_Snowflake to 2025-04-30 02:00:00+00:00, run_after=2025-05-01 02:00:00+00:00
[2025-04-30T21:15:26.286+0000] {processor.py:208} INFO - Processing /opt/airflow/dags/Lab_Stocks.py took 0.169 seconds
[2025-04-30T21:15:56.951+0000] {processor.py:186} INFO - Started process (PID=386) to work on /opt/airflow/dags/Lab_Stocks.py
[2025-04-30T21:15:56.953+0000] {processor.py:914} INFO - Processing file /opt/airflow/dags/Lab_Stocks.py for tasks to queue
[2025-04-30T21:15:56.956+0000] {logging_mixin.py:190} INFO - [2025-04-30T21:15:56.956+0000] {dagbag.py:587} INFO - Filling up the DagBag from /opt/airflow/dags/Lab_Stocks.py
[2025-04-30T21:15:57.067+0000] {processor.py:925} INFO - DAG(s) 'Stock_YFinance_Snowflake' retrieved from /opt/airflow/dags/Lab_Stocks.py
[2025-04-30T21:15:57.091+0000] {logging_mixin.py:190} INFO - [2025-04-30T21:15:57.091+0000] {dag.py:3229} INFO - Sync 1 DAGs
[2025-04-30T21:15:57.109+0000] {logging_mixin.py:190} INFO - [2025-04-30T21:15:57.109+0000] {dag.py:4156} INFO - Setting next_dagrun for Stock_YFinance_Snowflake to 2025-04-30 02:00:00+00:00, run_after=2025-05-01 02:00:00+00:00
[2025-04-30T21:15:57.122+0000] {processor.py:208} INFO - Processing /opt/airflow/dags/Lab_Stocks.py took 0.181 seconds
[2025-04-30T21:16:27.738+0000] {processor.py:186} INFO - Started process (PID=412) to work on /opt/airflow/dags/Lab_Stocks.py
[2025-04-30T21:16:27.739+0000] {processor.py:914} INFO - Processing file /opt/airflow/dags/Lab_Stocks.py for tasks to queue
[2025-04-30T21:16:27.740+0000] {logging_mixin.py:190} INFO - [2025-04-30T21:16:27.740+0000] {dagbag.py:587} INFO - Filling up the DagBag from /opt/airflow/dags/Lab_Stocks.py
[2025-04-30T21:16:27.840+0000] {processor.py:925} INFO - DAG(s) 'Stock_YFinance_Snowflake' retrieved from /opt/airflow/dags/Lab_Stocks.py
[2025-04-30T21:16:27.860+0000] {logging_mixin.py:190} INFO - [2025-04-30T21:16:27.860+0000] {dag.py:3229} INFO - Sync 1 DAGs
[2025-04-30T21:16:27.876+0000] {logging_mixin.py:190} INFO - [2025-04-30T21:16:27.876+0000] {dag.py:4156} INFO - Setting next_dagrun for Stock_YFinance_Snowflake to 2025-04-30 02:00:00+00:00, run_after=2025-05-01 02:00:00+00:00
[2025-04-30T21:16:27.902+0000] {processor.py:208} INFO - Processing /opt/airflow/dags/Lab_Stocks.py took 0.170 seconds
[2025-04-30T21:16:58.519+0000] {processor.py:186} INFO - Started process (PID=438) to work on /opt/airflow/dags/Lab_Stocks.py
[2025-04-30T21:16:58.520+0000] {processor.py:914} INFO - Processing file /opt/airflow/dags/Lab_Stocks.py for tasks to queue
[2025-04-30T21:16:58.521+0000] {logging_mixin.py:190} INFO - [2025-04-30T21:16:58.521+0000] {dagbag.py:587} INFO - Filling up the DagBag from /opt/airflow/dags/Lab_Stocks.py
[2025-04-30T21:16:58.613+0000] {processor.py:925} INFO - DAG(s) 'Stock_YFinance_Snowflake' retrieved from /opt/airflow/dags/Lab_Stocks.py
[2025-04-30T21:16:58.639+0000] {logging_mixin.py:190} INFO - [2025-04-30T21:16:58.639+0000] {dag.py:3229} INFO - Sync 1 DAGs
[2025-04-30T21:16:58.660+0000] {logging_mixin.py:190} INFO - [2025-04-30T21:16:58.660+0000] {dag.py:4156} INFO - Setting next_dagrun for Stock_YFinance_Snowflake to 2025-04-30 02:00:00+00:00, run_after=2025-05-01 02:00:00+00:00
[2025-04-30T21:16:58.674+0000] {processor.py:208} INFO - Processing /opt/airflow/dags/Lab_Stocks.py took 0.162 seconds
[2025-04-30T21:17:29.283+0000] {processor.py:186} INFO - Started process (PID=464) to work on /opt/airflow/dags/Lab_Stocks.py
[2025-04-30T21:17:29.285+0000] {processor.py:914} INFO - Processing file /opt/airflow/dags/Lab_Stocks.py for tasks to queue
[2025-04-30T21:17:29.288+0000] {logging_mixin.py:190} INFO - [2025-04-30T21:17:29.288+0000] {dagbag.py:587} INFO - Filling up the DagBag from /opt/airflow/dags/Lab_Stocks.py
[2025-04-30T21:17:29.396+0000] {processor.py:925} INFO - DAG(s) 'Stock_YFinance_Snowflake' retrieved from /opt/airflow/dags/Lab_Stocks.py
[2025-04-30T21:17:29.422+0000] {logging_mixin.py:190} INFO - [2025-04-30T21:17:29.422+0000] {dag.py:3229} INFO - Sync 1 DAGs
[2025-04-30T21:17:29.441+0000] {logging_mixin.py:190} INFO - [2025-04-30T21:17:29.441+0000] {dag.py:4156} INFO - Setting next_dagrun for Stock_YFinance_Snowflake to 2025-04-30 02:00:00+00:00, run_after=2025-05-01 02:00:00+00:00
[2025-04-30T21:17:29.454+0000] {processor.py:208} INFO - Processing /opt/airflow/dags/Lab_Stocks.py took 0.178 seconds
[2025-04-30T21:18:00.075+0000] {processor.py:186} INFO - Started process (PID=489) to work on /opt/airflow/dags/Lab_Stocks.py
[2025-04-30T21:18:00.077+0000] {processor.py:914} INFO - Processing file /opt/airflow/dags/Lab_Stocks.py for tasks to queue
[2025-04-30T21:18:00.079+0000] {logging_mixin.py:190} INFO - [2025-04-30T21:18:00.078+0000] {dagbag.py:587} INFO - Filling up the DagBag from /opt/airflow/dags/Lab_Stocks.py
[2025-04-30T21:18:00.173+0000] {processor.py:925} INFO - DAG(s) 'Stock_YFinance_Snowflake' retrieved from /opt/airflow/dags/Lab_Stocks.py
[2025-04-30T21:18:00.192+0000] {logging_mixin.py:190} INFO - [2025-04-30T21:18:00.192+0000] {dag.py:3229} INFO - Sync 1 DAGs
[2025-04-30T21:18:00.208+0000] {logging_mixin.py:190} INFO - [2025-04-30T21:18:00.208+0000] {dag.py:4156} INFO - Setting next_dagrun for Stock_YFinance_Snowflake to 2025-04-30 02:00:00+00:00, run_after=2025-05-01 02:00:00+00:00
[2025-04-30T21:18:00.219+0000] {processor.py:208} INFO - Processing /opt/airflow/dags/Lab_Stocks.py took 0.149 seconds
[2025-04-30T21:18:31.504+0000] {processor.py:186} INFO - Started process (PID=515) to work on /opt/airflow/dags/Lab_Stocks.py
[2025-04-30T21:18:31.513+0000] {processor.py:914} INFO - Processing file /opt/airflow/dags/Lab_Stocks.py for tasks to queue
[2025-04-30T21:18:31.521+0000] {logging_mixin.py:190} INFO - [2025-04-30T21:18:31.521+0000] {dagbag.py:587} INFO - Filling up the DagBag from /opt/airflow/dags/Lab_Stocks.py
[2025-04-30T21:18:31.801+0000] {processor.py:925} INFO - DAG(s) 'Stock_YFinance_Snowflake' retrieved from /opt/airflow/dags/Lab_Stocks.py
[2025-04-30T21:18:31.878+0000] {logging_mixin.py:190} INFO - [2025-04-30T21:18:31.877+0000] {dag.py:3229} INFO - Sync 1 DAGs
[2025-04-30T21:18:31.921+0000] {logging_mixin.py:190} INFO - [2025-04-30T21:18:31.921+0000] {dag.py:4156} INFO - Setting next_dagrun for Stock_YFinance_Snowflake to 2025-04-30 02:00:00+00:00, run_after=2025-05-01 02:00:00+00:00
[2025-04-30T21:18:31.954+0000] {processor.py:208} INFO - Processing /opt/airflow/dags/Lab_Stocks.py took 0.474 seconds
[2025-04-30T21:19:04.163+0000] {processor.py:186} INFO - Started process (PID=546) to work on /opt/airflow/dags/Lab_Stocks.py
[2025-04-30T21:19:04.170+0000] {processor.py:914} INFO - Processing file /opt/airflow/dags/Lab_Stocks.py for tasks to queue
[2025-04-30T21:19:04.182+0000] {logging_mixin.py:190} INFO - [2025-04-30T21:19:04.181+0000] {dagbag.py:587} INFO - Filling up the DagBag from /opt/airflow/dags/Lab_Stocks.py
[2025-04-30T21:19:05.393+0000] {processor.py:925} INFO - DAG(s) 'Stock_YFinance_Snowflake' retrieved from /opt/airflow/dags/Lab_Stocks.py
[2025-04-30T21:19:05.668+0000] {logging_mixin.py:190} INFO - [2025-04-30T21:19:05.665+0000] {dag.py:3229} INFO - Sync 1 DAGs
[2025-04-30T21:19:05.839+0000] {logging_mixin.py:190} INFO - [2025-04-30T21:19:05.838+0000] {dag.py:4156} INFO - Setting next_dagrun for Stock_YFinance_Snowflake to 2025-04-30 02:00:00+00:00, run_after=2025-05-01 02:00:00+00:00
[2025-04-30T21:19:06.044+0000] {processor.py:208} INFO - Processing /opt/airflow/dags/Lab_Stocks.py took 1.931 seconds
[2025-04-30T21:19:36.961+0000] {processor.py:186} INFO - Started process (PID=587) to work on /opt/airflow/dags/Lab_Stocks.py
[2025-04-30T21:19:36.962+0000] {processor.py:914} INFO - Processing file /opt/airflow/dags/Lab_Stocks.py for tasks to queue
[2025-04-30T21:19:36.964+0000] {logging_mixin.py:190} INFO - [2025-04-30T21:19:36.964+0000] {dagbag.py:587} INFO - Filling up the DagBag from /opt/airflow/dags/Lab_Stocks.py
[2025-04-30T21:19:37.051+0000] {processor.py:925} INFO - DAG(s) 'Stock_YFinance_Snowflake' retrieved from /opt/airflow/dags/Lab_Stocks.py
[2025-04-30T21:19:37.069+0000] {logging_mixin.py:190} INFO - [2025-04-30T21:19:37.069+0000] {dag.py:3229} INFO - Sync 1 DAGs
[2025-04-30T21:19:37.085+0000] {logging_mixin.py:190} INFO - [2025-04-30T21:19:37.085+0000] {dag.py:4156} INFO - Setting next_dagrun for Stock_YFinance_Snowflake to 2025-04-30 02:00:00+00:00, run_after=2025-05-01 02:00:00+00:00
[2025-04-30T21:19:37.097+0000] {processor.py:208} INFO - Processing /opt/airflow/dags/Lab_Stocks.py took 0.144 seconds
[2025-04-30T21:20:07.688+0000] {processor.py:186} INFO - Started process (PID=613) to work on /opt/airflow/dags/Lab_Stocks.py
[2025-04-30T21:20:07.689+0000] {processor.py:914} INFO - Processing file /opt/airflow/dags/Lab_Stocks.py for tasks to queue
[2025-04-30T21:20:07.692+0000] {logging_mixin.py:190} INFO - [2025-04-30T21:20:07.691+0000] {dagbag.py:587} INFO - Filling up the DagBag from /opt/airflow/dags/Lab_Stocks.py
[2025-04-30T21:20:07.782+0000] {processor.py:925} INFO - DAG(s) 'Stock_YFinance_Snowflake' retrieved from /opt/airflow/dags/Lab_Stocks.py
[2025-04-30T21:20:07.801+0000] {logging_mixin.py:190} INFO - [2025-04-30T21:20:07.801+0000] {dag.py:3229} INFO - Sync 1 DAGs
[2025-04-30T21:20:07.820+0000] {logging_mixin.py:190} INFO - [2025-04-30T21:20:07.820+0000] {dag.py:4156} INFO - Setting next_dagrun for Stock_YFinance_Snowflake to 2025-04-30 02:00:00+00:00, run_after=2025-05-01 02:00:00+00:00
[2025-04-30T21:20:07.832+0000] {processor.py:208} INFO - Processing /opt/airflow/dags/Lab_Stocks.py took 0.151 seconds
