[2025-04-30T21:11:14.374+0000] {processor.py:186} INFO - Started process (PID=201) to work on /opt/airflow/dags/Stock_built_ELT.py
[2025-04-30T21:11:14.376+0000] {processor.py:914} INFO - Processing file /opt/airflow/dags/Stock_built_ELT.py for tasks to queue
[2025-04-30T21:11:14.380+0000] {logging_mixin.py:190} INFO - [2025-04-30T21:11:14.379+0000] {dagbag.py:587} INFO - Filling up the DagBag from /opt/airflow/dags/Stock_built_ELT.py
[2025-04-30T21:11:14.574+0000] {logging_mixin.py:190} INFO - [2025-04-30T21:11:14.573+0000] {base.py:84} INFO - Retrieving connection 'snowflake_conn'
[2025-04-30T21:11:14.586+0000] {processor.py:925} INFO - DAG(s) 'stock_data_etl_dbt' retrieved from /opt/airflow/dags/Stock_built_ELT.py
[2025-04-30T21:11:14.735+0000] {logging_mixin.py:190} INFO - [2025-04-30T21:11:14.735+0000] {override.py:1900} INFO - Created Permission View: can delete on DAG:stock_data_etl_dbt
[2025-04-30T21:11:14.744+0000] {logging_mixin.py:190} INFO - [2025-04-30T21:11:14.744+0000] {override.py:1900} INFO - Created Permission View: can edit on DAG:stock_data_etl_dbt
[2025-04-30T21:11:14.753+0000] {logging_mixin.py:190} INFO - [2025-04-30T21:11:14.752+0000] {override.py:1900} INFO - Created Permission View: can read on DAG:stock_data_etl_dbt
[2025-04-30T21:11:14.757+0000] {logging_mixin.py:190} INFO - [2025-04-30T21:11:14.757+0000] {override.py:1900} INFO - Created Permission View: can create on DAG Run:stock_data_etl_dbt
[2025-04-30T21:11:14.760+0000] {logging_mixin.py:190} INFO - [2025-04-30T21:11:14.760+0000] {override.py:1900} INFO - Created Permission View: menu access on DAG Run:stock_data_etl_dbt
[2025-04-30T21:11:14.763+0000] {logging_mixin.py:190} INFO - [2025-04-30T21:11:14.763+0000] {override.py:1900} INFO - Created Permission View: can delete on DAG Run:stock_data_etl_dbt
[2025-04-30T21:11:14.766+0000] {logging_mixin.py:190} INFO - [2025-04-30T21:11:14.766+0000] {override.py:1900} INFO - Created Permission View: can read on DAG Run:stock_data_etl_dbt
[2025-04-30T21:11:14.766+0000] {logging_mixin.py:190} INFO - [2025-04-30T21:11:14.766+0000] {dag.py:3229} INFO - Sync 1 DAGs
[2025-04-30T21:11:14.774+0000] {logging_mixin.py:190} INFO - [2025-04-30T21:11:14.774+0000] {dag.py:3252} INFO - Creating ORM DAG for stock_data_etl_dbt
[2025-04-30T21:11:14.781+0000] {logging_mixin.py:190} INFO - [2025-04-30T21:11:14.781+0000] {dag.py:4156} INFO - Setting next_dagrun for stock_data_etl_dbt to 2025-04-29 03:00:00+00:00, run_after=2025-04-30 03:00:00+00:00
[2025-04-30T21:11:14.792+0000] {processor.py:208} INFO - Processing /opt/airflow/dags/Stock_built_ELT.py took 0.428 seconds
[2025-04-30T21:11:45.383+0000] {processor.py:186} INFO - Started process (PID=253) to work on /opt/airflow/dags/Stock_built_ELT.py
[2025-04-30T21:11:45.384+0000] {processor.py:914} INFO - Processing file /opt/airflow/dags/Stock_built_ELT.py for tasks to queue
[2025-04-30T21:11:45.387+0000] {logging_mixin.py:190} INFO - [2025-04-30T21:11:45.387+0000] {dagbag.py:587} INFO - Filling up the DagBag from /opt/airflow/dags/Stock_built_ELT.py
[2025-04-30T21:11:45.545+0000] {logging_mixin.py:190} INFO - [2025-04-30T21:11:45.544+0000] {base.py:84} INFO - Retrieving connection 'snowflake_conn'
[2025-04-30T21:11:45.553+0000] {processor.py:925} INFO - DAG(s) 'stock_data_etl_dbt' retrieved from /opt/airflow/dags/Stock_built_ELT.py
[2025-04-30T21:11:45.568+0000] {logging_mixin.py:190} INFO - [2025-04-30T21:11:45.568+0000] {dag.py:3229} INFO - Sync 1 DAGs
[2025-04-30T21:11:45.590+0000] {logging_mixin.py:190} INFO - [2025-04-30T21:11:45.590+0000] {dag.py:4156} INFO - Setting next_dagrun for stock_data_etl_dbt to 2025-04-29 03:00:00+00:00, run_after=2025-04-30 03:00:00+00:00
[2025-04-30T21:11:45.603+0000] {processor.py:208} INFO - Processing /opt/airflow/dags/Stock_built_ELT.py took 0.229 seconds
[2025-04-30T21:12:16.087+0000] {processor.py:186} INFO - Started process (PID=279) to work on /opt/airflow/dags/Stock_built_ELT.py
[2025-04-30T21:12:16.088+0000] {processor.py:914} INFO - Processing file /opt/airflow/dags/Stock_built_ELT.py for tasks to queue
[2025-04-30T21:12:16.091+0000] {logging_mixin.py:190} INFO - [2025-04-30T21:12:16.090+0000] {dagbag.py:587} INFO - Filling up the DagBag from /opt/airflow/dags/Stock_built_ELT.py
[2025-04-30T21:12:16.234+0000] {logging_mixin.py:190} INFO - [2025-04-30T21:12:16.234+0000] {base.py:84} INFO - Retrieving connection 'snowflake_conn'
[2025-04-30T21:12:16.243+0000] {processor.py:925} INFO - DAG(s) 'stock_data_etl_dbt' retrieved from /opt/airflow/dags/Stock_built_ELT.py
[2025-04-30T21:12:16.266+0000] {logging_mixin.py:190} INFO - [2025-04-30T21:12:16.266+0000] {dag.py:3229} INFO - Sync 1 DAGs
[2025-04-30T21:12:16.291+0000] {logging_mixin.py:190} INFO - [2025-04-30T21:12:16.291+0000] {dag.py:4156} INFO - Setting next_dagrun for stock_data_etl_dbt to 2025-04-29 03:00:00+00:00, run_after=2025-04-30 03:00:00+00:00
[2025-04-30T21:12:16.309+0000] {processor.py:208} INFO - Processing /opt/airflow/dags/Stock_built_ELT.py took 0.228 seconds
[2025-04-30T21:12:46.882+0000] {processor.py:186} INFO - Started process (PID=305) to work on /opt/airflow/dags/Stock_built_ELT.py
[2025-04-30T21:12:46.883+0000] {processor.py:914} INFO - Processing file /opt/airflow/dags/Stock_built_ELT.py for tasks to queue
[2025-04-30T21:12:46.890+0000] {logging_mixin.py:190} INFO - [2025-04-30T21:12:46.890+0000] {dagbag.py:587} INFO - Filling up the DagBag from /opt/airflow/dags/Stock_built_ELT.py
[2025-04-30T21:12:47.049+0000] {logging_mixin.py:190} INFO - [2025-04-30T21:12:47.049+0000] {base.py:84} INFO - Retrieving connection 'snowflake_conn'
[2025-04-30T21:12:47.056+0000] {processor.py:925} INFO - DAG(s) 'stock_data_etl_dbt' retrieved from /opt/airflow/dags/Stock_built_ELT.py
[2025-04-30T21:12:47.070+0000] {logging_mixin.py:190} INFO - [2025-04-30T21:12:47.070+0000] {dag.py:3229} INFO - Sync 1 DAGs
[2025-04-30T21:12:47.088+0000] {logging_mixin.py:190} INFO - [2025-04-30T21:12:47.088+0000] {dag.py:4156} INFO - Setting next_dagrun for stock_data_etl_dbt to 2025-04-29 03:00:00+00:00, run_after=2025-04-30 03:00:00+00:00
[2025-04-30T21:12:47.104+0000] {processor.py:208} INFO - Processing /opt/airflow/dags/Stock_built_ELT.py took 0.231 seconds
[2025-04-30T21:13:22.551+0000] {processor.py:186} INFO - Started process (PID=195) to work on /opt/airflow/dags/Stock_built_ELT.py
[2025-04-30T21:13:22.552+0000] {processor.py:914} INFO - Processing file /opt/airflow/dags/Stock_built_ELT.py for tasks to queue
[2025-04-30T21:13:22.558+0000] {logging_mixin.py:190} INFO - [2025-04-30T21:13:22.557+0000] {dagbag.py:587} INFO - Filling up the DagBag from /opt/airflow/dags/Stock_built_ELT.py
[2025-04-30T21:13:22.861+0000] {logging_mixin.py:190} INFO - [2025-04-30T21:13:22.860+0000] {base.py:84} INFO - Retrieving connection 'snowflake_conn'
[2025-04-30T21:13:22.873+0000] {processor.py:925} INFO - DAG(s) 'stock_data_etl_dbt' retrieved from /opt/airflow/dags/Stock_built_ELT.py
[2025-04-30T21:13:22.898+0000] {logging_mixin.py:190} INFO - [2025-04-30T21:13:22.898+0000] {dag.py:3229} INFO - Sync 1 DAGs
[2025-04-30T21:13:22.949+0000] {logging_mixin.py:190} INFO - [2025-04-30T21:13:22.948+0000] {dag.py:4156} INFO - Setting next_dagrun for stock_data_etl_dbt to 2025-04-29 03:00:00+00:00, run_after=2025-04-30 03:00:00+00:00
[2025-04-30T21:13:23.012+0000] {processor.py:208} INFO - Processing /opt/airflow/dags/Stock_built_ELT.py took 0.477 seconds
[2025-04-30T21:13:53.606+0000] {processor.py:186} INFO - Started process (PID=252) to work on /opt/airflow/dags/Stock_built_ELT.py
[2025-04-30T21:13:53.608+0000] {processor.py:914} INFO - Processing file /opt/airflow/dags/Stock_built_ELT.py for tasks to queue
[2025-04-30T21:13:53.613+0000] {logging_mixin.py:190} INFO - [2025-04-30T21:13:53.613+0000] {dagbag.py:587} INFO - Filling up the DagBag from /opt/airflow/dags/Stock_built_ELT.py
[2025-04-30T21:13:53.795+0000] {logging_mixin.py:190} INFO - [2025-04-30T21:13:53.795+0000] {base.py:84} INFO - Retrieving connection 'snowflake_conn'
[2025-04-30T21:13:53.803+0000] {processor.py:925} INFO - DAG(s) 'stock_data_etl_dbt' retrieved from /opt/airflow/dags/Stock_built_ELT.py
[2025-04-30T21:13:53.819+0000] {logging_mixin.py:190} INFO - [2025-04-30T21:13:53.819+0000] {dag.py:3229} INFO - Sync 1 DAGs
[2025-04-30T21:13:53.844+0000] {logging_mixin.py:190} INFO - [2025-04-30T21:13:53.843+0000] {dag.py:4156} INFO - Setting next_dagrun for stock_data_etl_dbt to 2025-04-29 03:00:00+00:00, run_after=2025-04-30 03:00:00+00:00
[2025-04-30T21:13:53.855+0000] {processor.py:208} INFO - Processing /opt/airflow/dags/Stock_built_ELT.py took 0.262 seconds
[2025-04-30T21:14:24.407+0000] {processor.py:186} INFO - Started process (PID=288) to work on /opt/airflow/dags/Stock_built_ELT.py
[2025-04-30T21:14:24.408+0000] {processor.py:914} INFO - Processing file /opt/airflow/dags/Stock_built_ELT.py for tasks to queue
[2025-04-30T21:14:24.414+0000] {logging_mixin.py:190} INFO - [2025-04-30T21:14:24.413+0000] {dagbag.py:587} INFO - Filling up the DagBag from /opt/airflow/dags/Stock_built_ELT.py
[2025-04-30T21:14:24.591+0000] {logging_mixin.py:190} INFO - [2025-04-30T21:14:24.591+0000] {base.py:84} INFO - Retrieving connection 'snowflake_conn'
[2025-04-30T21:14:24.601+0000] {processor.py:925} INFO - DAG(s) 'stock_data_etl_dbt' retrieved from /opt/airflow/dags/Stock_built_ELT.py
[2025-04-30T21:14:24.619+0000] {logging_mixin.py:190} INFO - [2025-04-30T21:14:24.619+0000] {dag.py:3229} INFO - Sync 1 DAGs
[2025-04-30T21:14:24.643+0000] {logging_mixin.py:190} INFO - [2025-04-30T21:14:24.643+0000] {dag.py:4156} INFO - Setting next_dagrun for stock_data_etl_dbt to 2025-04-29 03:00:00+00:00, run_after=2025-04-30 03:00:00+00:00
[2025-04-30T21:14:24.656+0000] {processor.py:208} INFO - Processing /opt/airflow/dags/Stock_built_ELT.py took 0.263 seconds
[2025-04-30T21:14:55.171+0000] {processor.py:186} INFO - Started process (PID=329) to work on /opt/airflow/dags/Stock_built_ELT.py
[2025-04-30T21:14:55.172+0000] {processor.py:914} INFO - Processing file /opt/airflow/dags/Stock_built_ELT.py for tasks to queue
[2025-04-30T21:14:55.176+0000] {logging_mixin.py:190} INFO - [2025-04-30T21:14:55.176+0000] {dagbag.py:587} INFO - Filling up the DagBag from /opt/airflow/dags/Stock_built_ELT.py
[2025-04-30T21:14:55.375+0000] {logging_mixin.py:190} INFO - [2025-04-30T21:14:55.375+0000] {base.py:84} INFO - Retrieving connection 'snowflake_conn'
[2025-04-30T21:14:55.381+0000] {processor.py:925} INFO - DAG(s) 'stock_data_etl_dbt' retrieved from /opt/airflow/dags/Stock_built_ELT.py
[2025-04-30T21:14:55.394+0000] {logging_mixin.py:190} INFO - [2025-04-30T21:14:55.394+0000] {dag.py:3229} INFO - Sync 1 DAGs
[2025-04-30T21:14:55.418+0000] {logging_mixin.py:190} INFO - [2025-04-30T21:14:55.418+0000] {dag.py:4156} INFO - Setting next_dagrun for stock_data_etl_dbt to 2025-04-29 03:00:00+00:00, run_after=2025-04-30 03:00:00+00:00
[2025-04-30T21:14:55.433+0000] {processor.py:208} INFO - Processing /opt/airflow/dags/Stock_built_ELT.py took 0.270 seconds
[2025-04-30T21:15:25.967+0000] {processor.py:186} INFO - Started process (PID=355) to work on /opt/airflow/dags/Stock_built_ELT.py
[2025-04-30T21:15:25.968+0000] {processor.py:914} INFO - Processing file /opt/airflow/dags/Stock_built_ELT.py for tasks to queue
[2025-04-30T21:15:25.972+0000] {logging_mixin.py:190} INFO - [2025-04-30T21:15:25.972+0000] {dagbag.py:587} INFO - Filling up the DagBag from /opt/airflow/dags/Stock_built_ELT.py
[2025-04-30T21:15:26.156+0000] {logging_mixin.py:190} INFO - [2025-04-30T21:15:26.155+0000] {base.py:84} INFO - Retrieving connection 'snowflake_conn'
[2025-04-30T21:15:26.167+0000] {processor.py:925} INFO - DAG(s) 'stock_data_etl_dbt' retrieved from /opt/airflow/dags/Stock_built_ELT.py
[2025-04-30T21:15:26.186+0000] {logging_mixin.py:190} INFO - [2025-04-30T21:15:26.186+0000] {dag.py:3229} INFO - Sync 1 DAGs
[2025-04-30T21:15:26.216+0000] {logging_mixin.py:190} INFO - [2025-04-30T21:15:26.216+0000] {dag.py:4156} INFO - Setting next_dagrun for stock_data_etl_dbt to 2025-04-29 03:00:00+00:00, run_after=2025-04-30 03:00:00+00:00
[2025-04-30T21:15:26.232+0000] {processor.py:208} INFO - Processing /opt/airflow/dags/Stock_built_ELT.py took 0.275 seconds
[2025-04-30T21:15:56.762+0000] {processor.py:186} INFO - Started process (PID=381) to work on /opt/airflow/dags/Stock_built_ELT.py
[2025-04-30T21:15:56.763+0000] {processor.py:914} INFO - Processing file /opt/airflow/dags/Stock_built_ELT.py for tasks to queue
[2025-04-30T21:15:56.769+0000] {logging_mixin.py:190} INFO - [2025-04-30T21:15:56.769+0000] {dagbag.py:587} INFO - Filling up the DagBag from /opt/airflow/dags/Stock_built_ELT.py
[2025-04-30T21:15:56.944+0000] {logging_mixin.py:190} INFO - [2025-04-30T21:15:56.943+0000] {base.py:84} INFO - Retrieving connection 'snowflake_conn'
[2025-04-30T21:15:56.952+0000] {processor.py:925} INFO - DAG(s) 'stock_data_etl_dbt' retrieved from /opt/airflow/dags/Stock_built_ELT.py
[2025-04-30T21:15:56.979+0000] {logging_mixin.py:190} INFO - [2025-04-30T21:15:56.978+0000] {dag.py:3229} INFO - Sync 1 DAGs
[2025-04-30T21:15:57.004+0000] {logging_mixin.py:190} INFO - [2025-04-30T21:15:57.003+0000] {dag.py:4156} INFO - Setting next_dagrun for stock_data_etl_dbt to 2025-04-29 03:00:00+00:00, run_after=2025-04-30 03:00:00+00:00
[2025-04-30T21:15:57.021+0000] {processor.py:208} INFO - Processing /opt/airflow/dags/Stock_built_ELT.py took 0.273 seconds
[2025-04-30T21:16:27.578+0000] {processor.py:186} INFO - Started process (PID=407) to work on /opt/airflow/dags/Stock_built_ELT.py
[2025-04-30T21:16:27.579+0000] {processor.py:914} INFO - Processing file /opt/airflow/dags/Stock_built_ELT.py for tasks to queue
[2025-04-30T21:16:27.588+0000] {logging_mixin.py:190} INFO - [2025-04-30T21:16:27.585+0000] {dagbag.py:587} INFO - Filling up the DagBag from /opt/airflow/dags/Stock_built_ELT.py
[2025-04-30T21:16:27.754+0000] {logging_mixin.py:190} INFO - [2025-04-30T21:16:27.754+0000] {base.py:84} INFO - Retrieving connection 'snowflake_conn'
[2025-04-30T21:16:27.761+0000] {processor.py:925} INFO - DAG(s) 'stock_data_etl_dbt' retrieved from /opt/airflow/dags/Stock_built_ELT.py
[2025-04-30T21:16:27.775+0000] {logging_mixin.py:190} INFO - [2025-04-30T21:16:27.775+0000] {dag.py:3229} INFO - Sync 1 DAGs
[2025-04-30T21:16:27.794+0000] {logging_mixin.py:190} INFO - [2025-04-30T21:16:27.794+0000] {dag.py:4156} INFO - Setting next_dagrun for stock_data_etl_dbt to 2025-04-29 03:00:00+00:00, run_after=2025-04-30 03:00:00+00:00
[2025-04-30T21:16:27.808+0000] {processor.py:208} INFO - Processing /opt/airflow/dags/Stock_built_ELT.py took 0.239 seconds
[2025-04-30T21:16:58.348+0000] {processor.py:186} INFO - Started process (PID=433) to work on /opt/airflow/dags/Stock_built_ELT.py
[2025-04-30T21:16:58.350+0000] {processor.py:914} INFO - Processing file /opt/airflow/dags/Stock_built_ELT.py for tasks to queue
[2025-04-30T21:16:58.361+0000] {logging_mixin.py:190} INFO - [2025-04-30T21:16:58.360+0000] {dagbag.py:587} INFO - Filling up the DagBag from /opt/airflow/dags/Stock_built_ELT.py
[2025-04-30T21:16:58.524+0000] {logging_mixin.py:190} INFO - [2025-04-30T21:16:58.523+0000] {base.py:84} INFO - Retrieving connection 'snowflake_conn'
[2025-04-30T21:16:58.533+0000] {processor.py:925} INFO - DAG(s) 'stock_data_etl_dbt' retrieved from /opt/airflow/dags/Stock_built_ELT.py
[2025-04-30T21:16:58.547+0000] {logging_mixin.py:190} INFO - [2025-04-30T21:16:58.547+0000] {dag.py:3229} INFO - Sync 1 DAGs
[2025-04-30T21:16:58.565+0000] {logging_mixin.py:190} INFO - [2025-04-30T21:16:58.565+0000] {dag.py:4156} INFO - Setting next_dagrun for stock_data_etl_dbt to 2025-04-29 03:00:00+00:00, run_after=2025-04-30 03:00:00+00:00
[2025-04-30T21:16:58.578+0000] {processor.py:208} INFO - Processing /opt/airflow/dags/Stock_built_ELT.py took 0.241 seconds
[2025-04-30T21:17:29.111+0000] {processor.py:186} INFO - Started process (PID=458) to work on /opt/airflow/dags/Stock_built_ELT.py
[2025-04-30T21:17:29.113+0000] {processor.py:914} INFO - Processing file /opt/airflow/dags/Stock_built_ELT.py for tasks to queue
[2025-04-30T21:17:29.118+0000] {logging_mixin.py:190} INFO - [2025-04-30T21:17:29.117+0000] {dagbag.py:587} INFO - Filling up the DagBag from /opt/airflow/dags/Stock_built_ELT.py
[2025-04-30T21:17:29.296+0000] {logging_mixin.py:190} INFO - [2025-04-30T21:17:29.296+0000] {base.py:84} INFO - Retrieving connection 'snowflake_conn'
[2025-04-30T21:17:29.304+0000] {processor.py:925} INFO - DAG(s) 'stock_data_etl_dbt' retrieved from /opt/airflow/dags/Stock_built_ELT.py
[2025-04-30T21:17:29.318+0000] {logging_mixin.py:190} INFO - [2025-04-30T21:17:29.318+0000] {dag.py:3229} INFO - Sync 1 DAGs
[2025-04-30T21:17:29.342+0000] {logging_mixin.py:190} INFO - [2025-04-30T21:17:29.342+0000] {dag.py:4156} INFO - Setting next_dagrun for stock_data_etl_dbt to 2025-04-29 03:00:00+00:00, run_after=2025-04-30 03:00:00+00:00
[2025-04-30T21:17:29.358+0000] {processor.py:208} INFO - Processing /opt/airflow/dags/Stock_built_ELT.py took 0.257 seconds
[2025-04-30T21:17:59.926+0000] {processor.py:186} INFO - Started process (PID=483) to work on /opt/airflow/dags/Stock_built_ELT.py
[2025-04-30T21:17:59.928+0000] {processor.py:914} INFO - Processing file /opt/airflow/dags/Stock_built_ELT.py for tasks to queue
[2025-04-30T21:17:59.934+0000] {logging_mixin.py:190} INFO - [2025-04-30T21:17:59.933+0000] {dagbag.py:587} INFO - Filling up the DagBag from /opt/airflow/dags/Stock_built_ELT.py
[2025-04-30T21:18:00.087+0000] {logging_mixin.py:190} INFO - [2025-04-30T21:18:00.087+0000] {base.py:84} INFO - Retrieving connection 'snowflake_conn'
[2025-04-30T21:18:00.093+0000] {processor.py:925} INFO - DAG(s) 'stock_data_etl_dbt' retrieved from /opt/airflow/dags/Stock_built_ELT.py
[2025-04-30T21:18:00.108+0000] {logging_mixin.py:190} INFO - [2025-04-30T21:18:00.108+0000] {dag.py:3229} INFO - Sync 1 DAGs
[2025-04-30T21:18:00.127+0000] {logging_mixin.py:190} INFO - [2025-04-30T21:18:00.127+0000] {dag.py:4156} INFO - Setting next_dagrun for stock_data_etl_dbt to 2025-04-29 03:00:00+00:00, run_after=2025-04-30 03:00:00+00:00
[2025-04-30T21:18:00.138+0000] {processor.py:208} INFO - Processing /opt/airflow/dags/Stock_built_ELT.py took 0.221 seconds
[2025-04-30T21:18:30.896+0000] {processor.py:186} INFO - Started process (PID=510) to work on /opt/airflow/dags/Stock_built_ELT.py
[2025-04-30T21:18:30.898+0000] {processor.py:914} INFO - Processing file /opt/airflow/dags/Stock_built_ELT.py for tasks to queue
[2025-04-30T21:18:30.905+0000] {logging_mixin.py:190} INFO - [2025-04-30T21:18:30.904+0000] {dagbag.py:587} INFO - Filling up the DagBag from /opt/airflow/dags/Stock_built_ELT.py
[2025-04-30T21:18:31.516+0000] {logging_mixin.py:190} INFO - [2025-04-30T21:18:31.513+0000] {base.py:84} INFO - Retrieving connection 'snowflake_conn'
[2025-04-30T21:18:31.533+0000] {processor.py:925} INFO - DAG(s) 'stock_data_etl_dbt' retrieved from /opt/airflow/dags/Stock_built_ELT.py
[2025-04-30T21:18:31.562+0000] {logging_mixin.py:190} INFO - [2025-04-30T21:18:31.561+0000] {dag.py:3229} INFO - Sync 1 DAGs
[2025-04-30T21:18:31.610+0000] {logging_mixin.py:190} INFO - [2025-04-30T21:18:31.609+0000] {dag.py:4156} INFO - Setting next_dagrun for stock_data_etl_dbt to 2025-04-29 03:00:00+00:00, run_after=2025-04-30 03:00:00+00:00
[2025-04-30T21:18:31.651+0000] {processor.py:208} INFO - Processing /opt/airflow/dags/Stock_built_ELT.py took 0.772 seconds
[2025-04-30T21:19:02.697+0000] {processor.py:186} INFO - Started process (PID=541) to work on /opt/airflow/dags/Stock_built_ELT.py
[2025-04-30T21:19:02.703+0000] {processor.py:914} INFO - Processing file /opt/airflow/dags/Stock_built_ELT.py for tasks to queue
[2025-04-30T21:19:02.717+0000] {logging_mixin.py:190} INFO - [2025-04-30T21:19:02.716+0000] {dagbag.py:587} INFO - Filling up the DagBag from /opt/airflow/dags/Stock_built_ELT.py
[2025-04-30T21:19:04.227+0000] {logging_mixin.py:190} INFO - [2025-04-30T21:19:04.224+0000] {base.py:84} INFO - Retrieving connection 'snowflake_conn'
[2025-04-30T21:19:04.313+0000] {processor.py:925} INFO - DAG(s) 'stock_data_etl_dbt' retrieved from /opt/airflow/dags/Stock_built_ELT.py
[2025-04-30T21:19:04.814+0000] {logging_mixin.py:190} INFO - [2025-04-30T21:19:04.811+0000] {dag.py:3229} INFO - Sync 1 DAGs
[2025-04-30T21:19:05.043+0000] {logging_mixin.py:190} INFO - [2025-04-30T21:19:05.042+0000] {dag.py:4156} INFO - Setting next_dagrun for stock_data_etl_dbt to 2025-04-29 03:00:00+00:00, run_after=2025-04-30 03:00:00+00:00
[2025-04-30T21:19:05.151+0000] {processor.py:208} INFO - Processing /opt/airflow/dags/Stock_built_ELT.py took 2.477 seconds
[2025-04-30T21:19:35.917+0000] {processor.py:186} INFO - Started process (PID=582) to work on /opt/airflow/dags/Stock_built_ELT.py
[2025-04-30T21:19:35.920+0000] {processor.py:914} INFO - Processing file /opt/airflow/dags/Stock_built_ELT.py for tasks to queue
[2025-04-30T21:19:35.926+0000] {logging_mixin.py:190} INFO - [2025-04-30T21:19:35.925+0000] {dagbag.py:587} INFO - Filling up the DagBag from /opt/airflow/dags/Stock_built_ELT.py
[2025-04-30T21:19:36.090+0000] {logging_mixin.py:190} INFO - [2025-04-30T21:19:36.089+0000] {base.py:84} INFO - Retrieving connection 'snowflake_conn'
[2025-04-30T21:19:36.101+0000] {processor.py:925} INFO - DAG(s) 'stock_data_etl_dbt' retrieved from /opt/airflow/dags/Stock_built_ELT.py
[2025-04-30T21:19:36.118+0000] {logging_mixin.py:190} INFO - [2025-04-30T21:19:36.118+0000] {dag.py:3229} INFO - Sync 1 DAGs
[2025-04-30T21:19:36.139+0000] {logging_mixin.py:190} INFO - [2025-04-30T21:19:36.139+0000] {dag.py:4156} INFO - Setting next_dagrun for stock_data_etl_dbt to 2025-04-29 03:00:00+00:00, run_after=2025-04-30 03:00:00+00:00
[2025-04-30T21:19:36.158+0000] {processor.py:208} INFO - Processing /opt/airflow/dags/Stock_built_ELT.py took 0.255 seconds
[2025-04-30T21:20:06.513+0000] {processor.py:186} INFO - Started process (PID=608) to work on /opt/airflow/dags/Stock_built_ELT.py
[2025-04-30T21:20:06.517+0000] {processor.py:914} INFO - Processing file /opt/airflow/dags/Stock_built_ELT.py for tasks to queue
[2025-04-30T21:20:06.525+0000] {logging_mixin.py:190} INFO - [2025-04-30T21:20:06.524+0000] {dagbag.py:587} INFO - Filling up the DagBag from /opt/airflow/dags/Stock_built_ELT.py
[2025-04-30T21:20:06.693+0000] {logging_mixin.py:190} INFO - [2025-04-30T21:20:06.693+0000] {base.py:84} INFO - Retrieving connection 'snowflake_conn'
[2025-04-30T21:20:06.704+0000] {processor.py:925} INFO - DAG(s) 'stock_data_etl_dbt' retrieved from /opt/airflow/dags/Stock_built_ELT.py
[2025-04-30T21:20:06.726+0000] {logging_mixin.py:190} INFO - [2025-04-30T21:20:06.726+0000] {dag.py:3229} INFO - Sync 1 DAGs
[2025-04-30T21:20:06.752+0000] {logging_mixin.py:190} INFO - [2025-04-30T21:20:06.752+0000] {dag.py:4156} INFO - Setting next_dagrun for stock_data_etl_dbt to 2025-04-29 03:00:00+00:00, run_after=2025-04-30 03:00:00+00:00
[2025-04-30T21:20:06.766+0000] {processor.py:208} INFO - Processing /opt/airflow/dags/Stock_built_ELT.py took 0.267 seconds
