[2025-05-02T21:26:05.978+0000] {local_task_job_runner.py:123} INFO - ::group::Pre task execution logs
[2025-05-02T21:26:05.996+0000] {taskinstance.py:2612} INFO - Dependencies all met for dep_context=non-requeueable deps ti=<TaskInstance: sentiment_analysis_stock_ELT_dbt.dbt_snapshot manual__2025-05-02T21:25:40.172527+00:00 [queued]>
[2025-05-02T21:26:06.003+0000] {taskinstance.py:2612} INFO - Dependencies all met for dep_context=requeueable deps ti=<TaskInstance: sentiment_analysis_stock_ELT_dbt.dbt_snapshot manual__2025-05-02T21:25:40.172527+00:00 [queued]>
[2025-05-02T21:26:06.003+0000] {taskinstance.py:2865} INFO - Starting attempt 1 of 1
[2025-05-02T21:26:06.012+0000] {taskinstance.py:2888} INFO - Executing <Task(BashOperator): dbt_snapshot> on 2025-05-02 21:25:40.172527+00:00
[2025-05-02T21:26:06.018+0000] {standard_task_runner.py:104} INFO - Running: ['***', 'tasks', 'run', 'sentiment_analysis_stock_ELT_dbt', 'dbt_snapshot', 'manual__2025-05-02T21:25:40.172527+00:00', '--job-id', '82', '--raw', '--subdir', 'DAGS_FOLDER/sentiment_analysis_build_elt_with_dbt.py', '--cfg-path', '/tmp/tmpoyhqllp_']
[2025-05-02T21:26:06.022+0000] {standard_task_runner.py:105} INFO - Job 82: Subtask dbt_snapshot
[2025-05-02T21:26:06.021+0000] {logging_mixin.py:190} WARNING - /home/***/.local/lib/python3.12/site-packages/***/task/task_runner/standard_task_runner.py:70 DeprecationWarning: This process (pid=996) is multi-threaded, use of fork() may lead to deadlocks in the child.
[2025-05-02T21:26:06.022+0000] {standard_task_runner.py:72} INFO - Started process 997 to run task
[2025-05-02T21:26:06.059+0000] {task_command.py:467} INFO - Running <TaskInstance: sentiment_analysis_stock_ELT_dbt.dbt_snapshot manual__2025-05-02T21:25:40.172527+00:00 [running]> on host 4ad8ada818c7
[2025-05-02T21:26:06.127+0000] {taskinstance.py:3131} INFO - Exporting env vars: AIRFLOW_CTX_DAG_OWNER='***' AIRFLOW_CTX_DAG_ID='sentiment_analysis_stock_ELT_dbt' AIRFLOW_CTX_TASK_ID='dbt_snapshot' AIRFLOW_CTX_EXECUTION_DATE='2025-05-02T21:25:40.172527+00:00' AIRFLOW_CTX_TRY_NUMBER='1' AIRFLOW_CTX_DAG_RUN_ID='manual__2025-05-02T21:25:40.172527+00:00'
[2025-05-02T21:26:06.128+0000] {taskinstance.py:731} INFO - ::endgroup::
[2025-05-02T21:26:06.142+0000] {subprocess.py:63} INFO - Tmp dir root location: /tmp
[2025-05-02T21:26:06.142+0000] {subprocess.py:75} INFO - Running command: ['/usr/bin/bash', '-c', '/home/***/.local/bin/dbt snapshot --profiles-dir /opt/***/sentiment_analysis_dbt --project-dir /opt/***/sentiment_analysis_dbt']
[2025-05-02T21:26:06.148+0000] {subprocess.py:86} INFO - Output:
[2025-05-02T21:26:08.949+0000] {subprocess.py:93} INFO - [0m21:26:08  Running with dbt=1.7.19
[2025-05-02T21:26:09.841+0000] {subprocess.py:93} INFO - [0m21:26:09  Registered adapter: snowflake=1.7.1
[2025-05-02T21:26:09.905+0000] {subprocess.py:93} INFO - [0m21:26:09  Found 5 models, 1 snapshot, 1 source, 0 exposures, 0 metrics, 430 macros, 0 groups, 0 semantic models
[2025-05-02T21:26:09.907+0000] {subprocess.py:93} INFO - [0m21:26:09
[2025-05-02T21:26:13.136+0000] {subprocess.py:93} INFO - [0m21:26:13  Concurrency: 1 threads (target='dev')
[2025-05-02T21:26:13.138+0000] {subprocess.py:93} INFO - [0m21:26:13
[2025-05-02T21:26:13.154+0000] {subprocess.py:93} INFO - [0m21:26:13  1 of 1 START snapshot dev.snapshots.stock_data_snapshot ........................ [RUN]
[2025-05-02T21:26:17.980+0000] {subprocess.py:93} INFO - [0m21:26:17  1 of 1 OK snapshotted dev.snapshots.stock_data_snapshot ........................ [[32mSUCCESS 0[0m in 4.82s]
[2025-05-02T21:26:17.987+0000] {subprocess.py:93} INFO - [0m21:26:17
[2025-05-02T21:26:17.988+0000] {subprocess.py:93} INFO - [0m21:26:17  Finished running 1 snapshot in 0 hours 0 minutes and 8.08 seconds (8.08s).
[2025-05-02T21:26:18.009+0000] {subprocess.py:93} INFO - [0m21:26:18
[2025-05-02T21:26:18.009+0000] {subprocess.py:93} INFO - [0m21:26:18  [32mCompleted successfully[0m
[2025-05-02T21:26:18.010+0000] {subprocess.py:93} INFO - [0m21:26:18
[2025-05-02T21:26:18.010+0000] {subprocess.py:93} INFO - [0m21:26:18  Done. PASS=1 WARN=0 ERROR=0 SKIP=0 TOTAL=1
[2025-05-02T21:26:18.851+0000] {subprocess.py:97} INFO - Command exited with return code 0
[2025-05-02T21:26:18.910+0000] {taskinstance.py:340} INFO - ::group::Post task execution logs
[2025-05-02T21:26:18.911+0000] {taskinstance.py:352} INFO - Marking task as SUCCESS. dag_id=sentiment_analysis_stock_ELT_dbt, task_id=dbt_snapshot, run_id=manual__2025-05-02T21:25:40.172527+00:00, execution_date=20250502T212540, start_date=20250502T212605, end_date=20250502T212618
[2025-05-02T21:26:18.945+0000] {local_task_job_runner.py:266} INFO - Task exited with return code 0
[2025-05-02T21:26:18.964+0000] {taskinstance.py:3900} INFO - 0 downstream tasks scheduled from follow-on schedule check
[2025-05-02T21:26:18.966+0000] {local_task_job_runner.py:245} INFO - ::endgroup::
