[2025-05-02T22:10:40.330+0000] {local_task_job_runner.py:123} INFO - ::group::Pre task execution logs
[2025-05-02T22:10:40.350+0000] {taskinstance.py:2612} INFO - Dependencies all met for dep_context=non-requeueable deps ti=<TaskInstance: trigger_etl_then_elt.trigger_etl_dag manual__2025-05-02T22:10:39.498012+00:00 [queued]>
[2025-05-02T22:10:40.362+0000] {taskinstance.py:2612} INFO - Dependencies all met for dep_context=requeueable deps ti=<TaskInstance: trigger_etl_then_elt.trigger_etl_dag manual__2025-05-02T22:10:39.498012+00:00 [queued]>
[2025-05-02T22:10:40.362+0000] {taskinstance.py:2865} INFO - Starting attempt 1 of 1
[2025-05-02T22:10:40.374+0000] {taskinstance.py:2888} INFO - Executing <Task(TriggerDagRunOperator): trigger_etl_dag> on 2025-05-02 22:10:39.498012+00:00
[2025-05-02T22:10:40.383+0000] {standard_task_runner.py:104} INFO - Running: ['***', 'tasks', 'run', 'trigger_etl_then_elt', 'trigger_etl_dag', 'manual__2025-05-02T22:10:39.498012+00:00', '--job-id', '9', '--raw', '--subdir', 'DAGS_FOLDER/Etl_elt_trigger.py', '--cfg-path', '/tmp/tmpggb08c69']
[2025-05-02T22:10:40.386+0000] {standard_task_runner.py:105} INFO - Job 9: Subtask trigger_etl_dag
[2025-05-02T22:10:40.387+0000] {logging_mixin.py:190} WARNING - /home/***/.local/lib/python3.12/site-packages/***/task/task_runner/standard_task_runner.py:70 DeprecationWarning: This process (pid=922) is multi-threaded, use of fork() may lead to deadlocks in the child.
[2025-05-02T22:10:40.388+0000] {standard_task_runner.py:72} INFO - Started process 924 to run task
[2025-05-02T22:10:40.440+0000] {task_command.py:467} INFO - Running <TaskInstance: trigger_etl_then_elt.trigger_etl_dag manual__2025-05-02T22:10:39.498012+00:00 [running]> on host edac5e2fb0a3
[2025-05-02T22:10:40.523+0000] {taskinstance.py:3131} INFO - Exporting env vars: AIRFLOW_CTX_DAG_OWNER='***' AIRFLOW_CTX_DAG_ID='trigger_etl_then_elt' AIRFLOW_CTX_TASK_ID='trigger_etl_dag' AIRFLOW_CTX_EXECUTION_DATE='2025-05-02T22:10:39.498012+00:00' AIRFLOW_CTX_TRY_NUMBER='1' AIRFLOW_CTX_DAG_RUN_ID='manual__2025-05-02T22:10:39.498012+00:00'
[2025-05-02T22:10:40.524+0000] {taskinstance.py:731} INFO - ::endgroup::
[2025-05-02T22:10:40.605+0000] {trigger_dagrun.py:257} INFO - Waiting for tesla_stock_sentiment_api_etl on 2025-05-02 22:10:40.543057+00:00 to become allowed state ['success'] ...
[2025-05-02T22:11:40.674+0000] {trigger_dagrun.py:257} INFO - Waiting for tesla_stock_sentiment_api_etl on 2025-05-02 22:10:40.543057+00:00 to become allowed state ['success'] ...
[2025-05-02T22:12:40.722+0000] {trigger_dagrun.py:257} INFO - Waiting for tesla_stock_sentiment_api_etl on 2025-05-02 22:10:40.543057+00:00 to become allowed state ['success'] ...
[2025-05-02T22:13:40.762+0000] {trigger_dagrun.py:257} INFO - Waiting for tesla_stock_sentiment_api_etl on 2025-05-02 22:10:40.543057+00:00 to become allowed state ['success'] ...
[2025-05-02T22:14:40.790+0000] {trigger_dagrun.py:257} INFO - Waiting for tesla_stock_sentiment_api_etl on 2025-05-02 22:10:40.543057+00:00 to become allowed state ['success'] ...
[2025-05-02T22:15:40.843+0000] {trigger_dagrun.py:257} INFO - Waiting for tesla_stock_sentiment_api_etl on 2025-05-02 22:10:40.543057+00:00 to become allowed state ['success'] ...
[2025-05-02T22:16:40.900+0000] {trigger_dagrun.py:257} INFO - Waiting for tesla_stock_sentiment_api_etl on 2025-05-02 22:10:40.543057+00:00 to become allowed state ['success'] ...
[2025-05-02T22:17:40.942+0000] {trigger_dagrun.py:257} INFO - Waiting for tesla_stock_sentiment_api_etl on 2025-05-02 22:10:40.543057+00:00 to become allowed state ['success'] ...
[2025-05-02T22:18:40.978+0000] {trigger_dagrun.py:257} INFO - Waiting for tesla_stock_sentiment_api_etl on 2025-05-02 22:10:40.543057+00:00 to become allowed state ['success'] ...
[2025-05-02T22:19:41.020+0000] {trigger_dagrun.py:257} INFO - Waiting for tesla_stock_sentiment_api_etl on 2025-05-02 22:10:40.543057+00:00 to become allowed state ['success'] ...
[2025-05-02T22:20:41.070+0000] {trigger_dagrun.py:257} INFO - Waiting for tesla_stock_sentiment_api_etl on 2025-05-02 22:10:40.543057+00:00 to become allowed state ['success'] ...
[2025-05-02T22:21:41.117+0000] {trigger_dagrun.py:257} INFO - Waiting for tesla_stock_sentiment_api_etl on 2025-05-02 22:10:40.543057+00:00 to become allowed state ['success'] ...
[2025-05-02T22:22:41.146+0000] {trigger_dagrun.py:257} INFO - Waiting for tesla_stock_sentiment_api_etl on 2025-05-02 22:10:40.543057+00:00 to become allowed state ['success'] ...
[2025-05-02T22:23:41.182+0000] {trigger_dagrun.py:257} INFO - Waiting for tesla_stock_sentiment_api_etl on 2025-05-02 22:10:40.543057+00:00 to become allowed state ['success'] ...
[2025-05-02T22:24:41.204+0000] {trigger_dagrun.py:257} INFO - Waiting for tesla_stock_sentiment_api_etl on 2025-05-02 22:10:40.543057+00:00 to become allowed state ['success'] ...
[2025-05-02T22:25:41.238+0000] {trigger_dagrun.py:257} INFO - Waiting for tesla_stock_sentiment_api_etl on 2025-05-02 22:10:40.543057+00:00 to become allowed state ['success'] ...
[2025-05-02T22:26:41.272+0000] {trigger_dagrun.py:257} INFO - Waiting for tesla_stock_sentiment_api_etl on 2025-05-02 22:10:40.543057+00:00 to become allowed state ['success'] ...
[2025-05-02T22:27:41.307+0000] {trigger_dagrun.py:257} INFO - Waiting for tesla_stock_sentiment_api_etl on 2025-05-02 22:10:40.543057+00:00 to become allowed state ['success'] ...
[2025-05-02T22:28:41.333+0000] {trigger_dagrun.py:257} INFO - Waiting for tesla_stock_sentiment_api_etl on 2025-05-02 22:10:40.543057+00:00 to become allowed state ['success'] ...
[2025-05-02T22:29:41.359+0000] {trigger_dagrun.py:257} INFO - Waiting for tesla_stock_sentiment_api_etl on 2025-05-02 22:10:40.543057+00:00 to become allowed state ['success'] ...
[2025-05-02T22:30:41.395+0000] {trigger_dagrun.py:257} INFO - Waiting for tesla_stock_sentiment_api_etl on 2025-05-02 22:10:40.543057+00:00 to become allowed state ['success'] ...
[2025-05-02T22:31:41.432+0000] {trigger_dagrun.py:257} INFO - Waiting for tesla_stock_sentiment_api_etl on 2025-05-02 22:10:40.543057+00:00 to become allowed state ['success'] ...
[2025-05-02T22:37:16.693+0000] {job.py:229} INFO - Heartbeat recovered after 303.10 seconds
[2025-05-02T22:37:39.612+0000] {trigger_dagrun.py:257} INFO - Waiting for tesla_stock_sentiment_api_etl on 2025-05-02 22:10:40.543057+00:00 to become allowed state ['success'] ...
[2025-05-02T22:43:15.200+0000] {job.py:229} INFO - Heartbeat recovered after 302.79 seconds
[2025-05-02T22:43:37.389+0000] {trigger_dagrun.py:257} INFO - Waiting for tesla_stock_sentiment_api_etl on 2025-05-02 22:10:40.543057+00:00 to become allowed state ['success'] ...
[2025-05-02T22:44:37.422+0000] {trigger_dagrun.py:257} INFO - Waiting for tesla_stock_sentiment_api_etl on 2025-05-02 22:10:40.543057+00:00 to become allowed state ['success'] ...
[2025-05-02T22:45:37.442+0000] {trigger_dagrun.py:257} INFO - Waiting for tesla_stock_sentiment_api_etl on 2025-05-02 22:10:40.543057+00:00 to become allowed state ['success'] ...
[2025-05-02T22:47:49.940+0000] {job.py:229} INFO - Heartbeat recovered after 103.23 seconds
[2025-05-02T22:48:15.667+0000] {trigger_dagrun.py:257} INFO - Waiting for tesla_stock_sentiment_api_etl on 2025-05-02 22:10:40.543057+00:00 to become allowed state ['success'] ...
[2025-05-02T22:52:13.055+0000] {job.py:229} INFO - Heartbeat recovered after 207.55 seconds
[2025-05-02T22:52:38.187+0000] {trigger_dagrun.py:257} INFO - Waiting for tesla_stock_sentiment_api_etl on 2025-05-02 22:10:40.543057+00:00 to become allowed state ['success'] ...
[2025-05-02T22:57:38.254+0000] {job.py:229} INFO - Heartbeat recovered after 299.98 seconds
[2025-05-02T22:58:33.155+0000] {trigger_dagrun.py:257} INFO - Waiting for tesla_stock_sentiment_api_etl on 2025-05-02 22:10:40.543057+00:00 to become allowed state ['success'] ...
[2025-05-02T23:05:52.593+0000] {job.py:229} INFO - Heartbeat recovered after 438.85 seconds
[2025-05-02T23:20:31.073+0000] {job.py:229} INFO - Heartbeat recovered after 853.24 seconds
[2025-05-02T23:20:55.172+0000] {trigger_dagrun.py:257} INFO - Waiting for tesla_stock_sentiment_api_etl on 2025-05-02 22:10:40.543057+00:00 to become allowed state ['success'] ...
[2025-05-02T23:31:19.304+0000] {job.py:229} INFO - Heartbeat recovered after 592.62 seconds
[2025-05-02T23:31:42.788+0000] {trigger_dagrun.py:257} INFO - Waiting for tesla_stock_sentiment_api_etl on 2025-05-02 22:10:40.543057+00:00 to become allowed state ['success'] ...
[2025-05-02T23:38:00.077+0000] {job.py:229} INFO - Heartbeat recovered after 345.21 seconds
[2025-05-02T23:38:22.993+0000] {trigger_dagrun.py:257} INFO - Waiting for tesla_stock_sentiment_api_etl on 2025-05-02 22:10:40.543057+00:00 to become allowed state ['success'] ...
[2025-05-02T23:55:15.260+0000] {job.py:229} INFO - Heartbeat recovered after 1009.91 seconds
[2025-05-02T23:56:07.865+0000] {trigger_dagrun.py:257} INFO - Waiting for tesla_stock_sentiment_api_etl on 2025-05-02 22:10:40.543057+00:00 to become allowed state ['success'] ...
[2025-05-02T23:57:07.902+0000] {trigger_dagrun.py:257} INFO - Waiting for tesla_stock_sentiment_api_etl on 2025-05-02 22:10:40.543057+00:00 to become allowed state ['success'] ...
[2025-05-02T23:58:07.937+0000] {trigger_dagrun.py:257} INFO - Waiting for tesla_stock_sentiment_api_etl on 2025-05-02 22:10:40.543057+00:00 to become allowed state ['success'] ...
[2025-05-02T23:59:07.959+0000] {trigger_dagrun.py:257} INFO - Waiting for tesla_stock_sentiment_api_etl on 2025-05-02 22:10:40.543057+00:00 to become allowed state ['success'] ...
[2025-05-03T00:00:08.001+0000] {trigger_dagrun.py:257} INFO - Waiting for tesla_stock_sentiment_api_etl on 2025-05-02 22:10:40.543057+00:00 to become allowed state ['success'] ...
[2025-05-03T00:01:08.025+0000] {trigger_dagrun.py:257} INFO - Waiting for tesla_stock_sentiment_api_etl on 2025-05-02 22:10:40.543057+00:00 to become allowed state ['success'] ...
[2025-05-03T00:02:08.043+0000] {trigger_dagrun.py:257} INFO - Waiting for tesla_stock_sentiment_api_etl on 2025-05-02 22:10:40.543057+00:00 to become allowed state ['success'] ...
[2025-05-03T00:03:08.061+0000] {trigger_dagrun.py:257} INFO - Waiting for tesla_stock_sentiment_api_etl on 2025-05-02 22:10:40.543057+00:00 to become allowed state ['success'] ...
[2025-05-03T00:04:08.098+0000] {trigger_dagrun.py:257} INFO - Waiting for tesla_stock_sentiment_api_etl on 2025-05-02 22:10:40.543057+00:00 to become allowed state ['success'] ...
[2025-05-03T00:05:08.124+0000] {trigger_dagrun.py:257} INFO - Waiting for tesla_stock_sentiment_api_etl on 2025-05-02 22:10:40.543057+00:00 to become allowed state ['success'] ...
[2025-05-03T00:06:08.150+0000] {trigger_dagrun.py:257} INFO - Waiting for tesla_stock_sentiment_api_etl on 2025-05-02 22:10:40.543057+00:00 to become allowed state ['success'] ...
[2025-05-03T00:07:08.183+0000] {trigger_dagrun.py:257} INFO - Waiting for tesla_stock_sentiment_api_etl on 2025-05-02 22:10:40.543057+00:00 to become allowed state ['success'] ...
[2025-05-03T00:08:08.229+0000] {trigger_dagrun.py:271} INFO - tesla_stock_sentiment_api_etl finished with allowed state success
[2025-05-03T00:08:08.274+0000] {taskinstance.py:340} INFO - ::group::Post task execution logs
[2025-05-03T00:08:08.276+0000] {taskinstance.py:352} INFO - Marking task as SUCCESS. dag_id=trigger_etl_then_elt, task_id=trigger_etl_dag, run_id=manual__2025-05-02T22:10:39.498012+00:00, execution_date=20250502T221039, start_date=20250502T221040, end_date=20250503T000808
[2025-05-03T00:08:08.335+0000] {local_task_job_runner.py:266} INFO - Task exited with return code 0
[2025-05-03T00:08:08.386+0000] {taskinstance.py:3900} INFO - 1 downstream tasks scheduled from follow-on schedule check
[2025-05-03T00:08:08.387+0000] {local_task_job_runner.py:245} INFO - ::endgroup::
