[2025-05-02T21:10:57.538+0000] {local_task_job_runner.py:123} INFO - ::group::Pre task execution logs
[2025-05-02T21:10:57.553+0000] {taskinstance.py:2612} INFO - Dependencies all met for dep_context=non-requeueable deps ti=<TaskInstance: sentiment_analysis_stock_ELT_dbt.dbt_generate_docs manual__2025-05-02T20:44:13.915927+00:00 [queued]>
[2025-05-02T21:10:57.559+0000] {taskinstance.py:2612} INFO - Dependencies all met for dep_context=requeueable deps ti=<TaskInstance: sentiment_analysis_stock_ELT_dbt.dbt_generate_docs manual__2025-05-02T20:44:13.915927+00:00 [queued]>
[2025-05-02T21:10:57.560+0000] {taskinstance.py:2865} INFO - Starting attempt 1 of 1
[2025-05-02T21:10:57.568+0000] {taskinstance.py:2888} INFO - Executing <Task(BashOperator): dbt_generate_docs> on 2025-05-02 20:44:13.915927+00:00
[2025-05-02T21:10:57.573+0000] {standard_task_runner.py:104} INFO - Running: ['***', 'tasks', 'run', 'sentiment_analysis_stock_ELT_dbt', 'dbt_generate_docs', 'manual__2025-05-02T20:44:13.915927+00:00', '--job-id', '77', '--raw', '--subdir', 'DAGS_FOLDER/sentiment_analysis_build_elt_with_dbt.py', '--cfg-path', '/tmp/tmpga0_pfy2']
[2025-05-02T21:10:57.576+0000] {standard_task_runner.py:105} INFO - Job 77: Subtask dbt_generate_docs
[2025-05-02T21:10:57.576+0000] {logging_mixin.py:190} WARNING - /home/***/.local/lib/python3.12/site-packages/***/task/task_runner/standard_task_runner.py:70 DeprecationWarning: This process (pid=422) is multi-threaded, use of fork() may lead to deadlocks in the child.
[2025-05-02T21:10:57.577+0000] {standard_task_runner.py:72} INFO - Started process 423 to run task
[2025-05-02T21:10:57.607+0000] {task_command.py:467} INFO - Running <TaskInstance: sentiment_analysis_stock_ELT_dbt.dbt_generate_docs manual__2025-05-02T20:44:13.915927+00:00 [running]> on host 4ad8ada818c7
[2025-05-02T21:10:57.659+0000] {taskinstance.py:3131} INFO - Exporting env vars: AIRFLOW_CTX_DAG_OWNER='***' AIRFLOW_CTX_DAG_ID='sentiment_analysis_stock_ELT_dbt' AIRFLOW_CTX_TASK_ID='dbt_generate_docs' AIRFLOW_CTX_EXECUTION_DATE='2025-05-02T20:44:13.915927+00:00' AIRFLOW_CTX_TRY_NUMBER='1' AIRFLOW_CTX_DAG_RUN_ID='manual__2025-05-02T20:44:13.915927+00:00'
[2025-05-02T21:10:57.660+0000] {taskinstance.py:731} INFO - ::endgroup::
[2025-05-02T21:10:57.674+0000] {subprocess.py:63} INFO - Tmp dir root location: /tmp
[2025-05-02T21:10:57.676+0000] {subprocess.py:75} INFO - Running command: ['/usr/bin/bash', '-c', '/home/***/.local/bin/dbt docs generate --profiles-dir /opt/***/sentiment_analysis_dbt --project-dir /opt/***/sentiment_analysis_dbt']
[2025-05-02T21:10:57.682+0000] {subprocess.py:86} INFO - Output:
[2025-05-02T21:11:00.350+0000] {subprocess.py:93} INFO - [0m21:11:00  Running with dbt=1.7.19
[2025-05-02T21:11:01.231+0000] {subprocess.py:93} INFO - [0m21:11:01  Registered adapter: snowflake=1.7.1
[2025-05-02T21:11:01.300+0000] {subprocess.py:93} INFO - [0m21:11:01  Found 5 models, 1 snapshot, 1 source, 0 exposures, 0 metrics, 430 macros, 0 groups, 0 semantic models
[2025-05-02T21:11:01.302+0000] {subprocess.py:93} INFO - [0m21:11:01
[2025-05-02T21:11:04.882+0000] {subprocess.py:93} INFO - [0m21:11:04  Concurrency: 1 threads (target='dev')
[2025-05-02T21:11:04.887+0000] {subprocess.py:93} INFO - [0m21:11:04
[2025-05-02T21:11:04.983+0000] {subprocess.py:93} INFO - [0m21:11:04  Building catalog
[2025-05-02T21:11:12.895+0000] {subprocess.py:93} INFO - [0m21:11:12  Catalog written to /opt/***/sentiment_analysis_dbt/target/catalog.json
[2025-05-02T21:11:13.875+0000] {subprocess.py:97} INFO - Command exited with return code 0
[2025-05-02T21:11:13.927+0000] {taskinstance.py:340} INFO - ::group::Post task execution logs
[2025-05-02T21:11:13.928+0000] {taskinstance.py:352} INFO - Marking task as SUCCESS. dag_id=sentiment_analysis_stock_ELT_dbt, task_id=dbt_generate_docs, run_id=manual__2025-05-02T20:44:13.915927+00:00, execution_date=20250502T204413, start_date=20250502T211057, end_date=20250502T211113
[2025-05-02T21:11:13.962+0000] {local_task_job_runner.py:266} INFO - Task exited with return code 0
[2025-05-02T21:11:13.994+0000] {taskinstance.py:3900} INFO - 1 downstream tasks scheduled from follow-on schedule check
[2025-05-02T21:11:13.995+0000] {local_task_job_runner.py:245} INFO - ::endgroup::
