[2025-05-03T00:08:46.147+0000] {local_task_job_runner.py:123} INFO - ::group::Pre task execution logs
[2025-05-03T00:08:46.164+0000] {taskinstance.py:2612} INFO - Dependencies all met for dep_context=non-requeueable deps ti=<TaskInstance: sentiment_analysis_stock_ELT_dbt.dbt_snapshot manual__2025-05-03T00:08:08.823812+00:00 [queued]>
[2025-05-03T00:08:46.173+0000] {taskinstance.py:2612} INFO - Dependencies all met for dep_context=requeueable deps ti=<TaskInstance: sentiment_analysis_stock_ELT_dbt.dbt_snapshot manual__2025-05-03T00:08:08.823812+00:00 [queued]>
[2025-05-03T00:08:46.173+0000] {taskinstance.py:2865} INFO - Starting attempt 1 of 1
[2025-05-03T00:08:46.188+0000] {taskinstance.py:2888} INFO - Executing <Task(BashOperator): dbt_snapshot> on 2025-05-03 00:08:08.823812+00:00
[2025-05-03T00:08:46.196+0000] {standard_task_runner.py:104} INFO - Running: ['***', 'tasks', 'run', 'sentiment_analysis_stock_ELT_dbt', 'dbt_snapshot', 'manual__2025-05-03T00:08:08.823812+00:00', '--job-id', '24', '--raw', '--subdir', 'DAGS_FOLDER/sentiment_analysis_build_elt_with_dbt.py', '--cfg-path', '/tmp/tmp6rts2h39']
[2025-05-03T00:08:46.201+0000] {logging_mixin.py:190} WARNING - /home/***/.local/lib/python3.12/site-packages/***/task/task_runner/standard_task_runner.py:70 DeprecationWarning: This process (pid=2876) is multi-threaded, use of fork() may lead to deadlocks in the child.
[2025-05-03T00:08:46.202+0000] {standard_task_runner.py:105} INFO - Job 24: Subtask dbt_snapshot
[2025-05-03T00:08:46.202+0000] {standard_task_runner.py:72} INFO - Started process 2877 to run task
[2025-05-03T00:08:46.246+0000] {task_command.py:467} INFO - Running <TaskInstance: sentiment_analysis_stock_ELT_dbt.dbt_snapshot manual__2025-05-03T00:08:08.823812+00:00 [running]> on host edac5e2fb0a3
[2025-05-03T00:08:46.318+0000] {taskinstance.py:3131} INFO - Exporting env vars: AIRFLOW_CTX_DAG_OWNER='***' AIRFLOW_CTX_DAG_ID='sentiment_analysis_stock_ELT_dbt' AIRFLOW_CTX_TASK_ID='dbt_snapshot' AIRFLOW_CTX_EXECUTION_DATE='2025-05-03T00:08:08.823812+00:00' AIRFLOW_CTX_TRY_NUMBER='1' AIRFLOW_CTX_DAG_RUN_ID='manual__2025-05-03T00:08:08.823812+00:00'
[2025-05-03T00:08:46.319+0000] {taskinstance.py:731} INFO - ::endgroup::
[2025-05-03T00:08:46.337+0000] {subprocess.py:63} INFO - Tmp dir root location: /tmp
[2025-05-03T00:08:46.339+0000] {subprocess.py:75} INFO - Running command: ['/usr/bin/bash', '-c', '/home/***/.local/bin/dbt snapshot --profiles-dir /opt/***/sentiment_analysis_dbt --project-dir /opt/***/sentiment_analysis_dbt']
[2025-05-03T00:08:46.353+0000] {subprocess.py:86} INFO - Output:
[2025-05-03T00:08:48.844+0000] {subprocess.py:93} INFO - [0m00:08:48  Running with dbt=1.7.19
[2025-05-03T00:08:49.760+0000] {subprocess.py:93} INFO - [0m00:08:49  Registered adapter: snowflake=1.7.1
[2025-05-03T00:08:49.855+0000] {subprocess.py:93} INFO - [0m00:08:49  Found 5 models, 1 snapshot, 1 source, 0 exposures, 0 metrics, 430 macros, 0 groups, 0 semantic models
[2025-05-03T00:08:49.859+0000] {subprocess.py:93} INFO - [0m00:08:49
[2025-05-03T00:08:55.198+0000] {subprocess.py:93} INFO - [0m00:08:55  Concurrency: 1 threads (target='dev')
[2025-05-03T00:08:55.203+0000] {subprocess.py:93} INFO - [0m00:08:55
[2025-05-03T00:08:55.221+0000] {subprocess.py:93} INFO - [0m00:08:55  1 of 1 START snapshot dev.snapshots.stock_data_snapshot ........................ [RUN]
[2025-05-03T00:09:03.212+0000] {subprocess.py:93} INFO - [0m00:09:03  1 of 1 OK snapshotted dev.snapshots.stock_data_snapshot ........................ [[32mSUCCESS 1[0m in 7.98s]
[2025-05-03T00:09:03.224+0000] {subprocess.py:93} INFO - [0m00:09:03
[2025-05-03T00:09:03.225+0000] {subprocess.py:93} INFO - [0m00:09:03  Finished running 1 snapshot in 0 hours 0 minutes and 13.36 seconds (13.36s).
[2025-05-03T00:09:03.257+0000] {subprocess.py:93} INFO - [0m00:09:03
[2025-05-03T00:09:03.258+0000] {subprocess.py:93} INFO - [0m00:09:03  [32mCompleted successfully[0m
[2025-05-03T00:09:03.258+0000] {subprocess.py:93} INFO - [0m00:09:03
[2025-05-03T00:09:03.259+0000] {subprocess.py:93} INFO - [0m00:09:03  Done. PASS=1 WARN=0 ERROR=0 SKIP=0 TOTAL=1
[2025-05-03T00:09:04.469+0000] {subprocess.py:97} INFO - Command exited with return code 0
[2025-05-03T00:09:04.541+0000] {taskinstance.py:340} INFO - ::group::Post task execution logs
[2025-05-03T00:09:04.542+0000] {taskinstance.py:352} INFO - Marking task as SUCCESS. dag_id=sentiment_analysis_stock_ELT_dbt, task_id=dbt_snapshot, run_id=manual__2025-05-03T00:08:08.823812+00:00, execution_date=20250503T000808, start_date=20250503T000846, end_date=20250503T000904
[2025-05-03T00:09:04.598+0000] {local_task_job_runner.py:266} INFO - Task exited with return code 0
[2025-05-03T00:09:04.627+0000] {taskinstance.py:3900} INFO - 0 downstream tasks scheduled from follow-on schedule check
[2025-05-03T00:09:04.628+0000] {local_task_job_runner.py:245} INFO - ::endgroup::
