[2025-05-02T21:10:23.229+0000] {local_task_job_runner.py:123} INFO - ::group::Pre task execution logs
[2025-05-02T21:10:23.249+0000] {taskinstance.py:2612} INFO - Dependencies all met for dep_context=non-requeueable deps ti=<TaskInstance: sentiment_analysis_stock_ELT_dbt.dbt_run manual__2025-05-02T20:44:13.915927+00:00 [queued]>
[2025-05-02T21:10:23.257+0000] {taskinstance.py:2612} INFO - Dependencies all met for dep_context=requeueable deps ti=<TaskInstance: sentiment_analysis_stock_ELT_dbt.dbt_run manual__2025-05-02T20:44:13.915927+00:00 [queued]>
[2025-05-02T21:10:23.257+0000] {taskinstance.py:2865} INFO - Starting attempt 3 of 3
[2025-05-02T21:10:23.267+0000] {taskinstance.py:2888} INFO - Executing <Task(BashOperator): dbt_run> on 2025-05-02 20:44:13.915927+00:00
[2025-05-02T21:10:23.274+0000] {standard_task_runner.py:104} INFO - Running: ['***', 'tasks', 'run', 'sentiment_analysis_stock_ELT_dbt', 'dbt_run', 'manual__2025-05-02T20:44:13.915927+00:00', '--job-id', '74', '--raw', '--subdir', 'DAGS_FOLDER/sentiment_analysis_build_elt_with_dbt.py', '--cfg-path', '/tmp/tmpi4hkzl19']
[2025-05-02T21:10:23.278+0000] {standard_task_runner.py:105} INFO - Job 74: Subtask dbt_run
[2025-05-02T21:10:23.277+0000] {logging_mixin.py:190} WARNING - /home/***/.local/lib/python3.12/site-packages/***/task/task_runner/standard_task_runner.py:70 DeprecationWarning: This process (pid=347) is multi-threaded, use of fork() may lead to deadlocks in the child.
[2025-05-02T21:10:23.278+0000] {standard_task_runner.py:72} INFO - Started process 348 to run task
[2025-05-02T21:10:23.324+0000] {task_command.py:467} INFO - Running <TaskInstance: sentiment_analysis_stock_ELT_dbt.dbt_run manual__2025-05-02T20:44:13.915927+00:00 [running]> on host 4ad8ada818c7
[2025-05-02T21:10:23.389+0000] {taskinstance.py:3131} INFO - Exporting env vars: AIRFLOW_CTX_DAG_OWNER='***' AIRFLOW_CTX_DAG_ID='sentiment_analysis_stock_ELT_dbt' AIRFLOW_CTX_TASK_ID='dbt_run' AIRFLOW_CTX_EXECUTION_DATE='2025-05-02T20:44:13.915927+00:00' AIRFLOW_CTX_TRY_NUMBER='3' AIRFLOW_CTX_DAG_RUN_ID='manual__2025-05-02T20:44:13.915927+00:00'
[2025-05-02T21:10:23.389+0000] {taskinstance.py:731} INFO - ::endgroup::
[2025-05-02T21:10:23.405+0000] {subprocess.py:63} INFO - Tmp dir root location: /tmp
[2025-05-02T21:10:23.406+0000] {subprocess.py:75} INFO - Running command: ['/usr/bin/bash', '-c', '/home/***/.local/bin/dbt run --profiles-dir /opt/***/sentiment_analysis_dbt --project-dir /opt/***/sentiment_analysis_dbt']
[2025-05-02T21:10:23.416+0000] {subprocess.py:86} INFO - Output:
[2025-05-02T21:10:26.630+0000] {subprocess.py:93} INFO - [0m21:10:26  Running with dbt=1.7.19
[2025-05-02T21:10:27.686+0000] {subprocess.py:93} INFO - [0m21:10:27  Registered adapter: snowflake=1.7.1
[2025-05-02T21:10:27.706+0000] {subprocess.py:93} INFO - [0m21:10:27  Unable to do partial parsing because of a version mismatch
[2025-05-02T21:10:28.734+0000] {subprocess.py:93} INFO - [0m21:10:28  Found 5 models, 1 snapshot, 1 source, 0 exposures, 0 metrics, 430 macros, 0 groups, 0 semantic models
[2025-05-02T21:10:28.737+0000] {subprocess.py:93} INFO - [0m21:10:28
[2025-05-02T21:10:33.368+0000] {subprocess.py:93} INFO - [0m21:10:33  Concurrency: 1 threads (target='dev')
[2025-05-02T21:10:33.373+0000] {subprocess.py:93} INFO - [0m21:10:33
[2025-05-02T21:10:33.398+0000] {subprocess.py:93} INFO - [0m21:10:33  1 of 5 START sql view model analytics_staging.feature_engineering__price_features  [RUN]
[2025-05-02T21:10:34.767+0000] {subprocess.py:93} INFO - [0m21:10:34  1 of 5 OK created sql view model analytics_staging.feature_engineering__price_features  [[32mSUCCESS 1[0m in 1.37s]
[2025-05-02T21:10:34.775+0000] {subprocess.py:93} INFO - [0m21:10:34  2 of 5 START sql view model analytics_staging.feature_engineering__sentiment_features  [RUN]
[2025-05-02T21:10:35.726+0000] {subprocess.py:93} INFO - [0m21:10:35  2 of 5 OK created sql view model analytics_staging.feature_engineering__sentiment_features  [[32mSUCCESS 1[0m in 0.95s]
[2025-05-02T21:10:35.729+0000] {subprocess.py:93} INFO - [0m21:10:35  3 of 5 START sql view model analytics_staging.feature_engineering__combined_features  [RUN]
[2025-05-02T21:10:36.878+0000] {subprocess.py:93} INFO - [0m21:10:36  3 of 5 OK created sql view model analytics_staging.feature_engineering__combined_features  [[32mSUCCESS 1[0m in 1.15s]
[2025-05-02T21:10:36.882+0000] {subprocess.py:93} INFO - [0m21:10:36  4 of 5 START sql view model analytics_staging.model__predict_price ............. [RUN]
[2025-05-02T21:10:38.233+0000] {subprocess.py:93} INFO - [0m21:10:38  4 of 5 OK created sql view model analytics_staging.model__predict_price ........ [[32mSUCCESS 1[0m in 1.35s]
[2025-05-02T21:10:38.238+0000] {subprocess.py:93} INFO - [0m21:10:38  5 of 5 START sql view model analytics_analytics.evaluation__prediction_output .. [RUN]
[2025-05-02T21:10:39.643+0000] {subprocess.py:93} INFO - [0m21:10:39  5 of 5 OK created sql view model analytics_analytics.evaluation__prediction_output  [[32mSUCCESS 1[0m in 1.40s]
[2025-05-02T21:10:39.651+0000] {subprocess.py:93} INFO - [0m21:10:39
[2025-05-02T21:10:39.652+0000] {subprocess.py:93} INFO - [0m21:10:39  Finished running 5 view models in 0 hours 0 minutes and 10.91 seconds (10.91s).
[2025-05-02T21:10:39.676+0000] {subprocess.py:93} INFO - [0m21:10:39
[2025-05-02T21:10:39.677+0000] {subprocess.py:93} INFO - [0m21:10:39  [32mCompleted successfully[0m
[2025-05-02T21:10:39.677+0000] {subprocess.py:93} INFO - [0m21:10:39
[2025-05-02T21:10:39.678+0000] {subprocess.py:93} INFO - [0m21:10:39  Done. PASS=5 WARN=0 ERROR=0 SKIP=0 TOTAL=5
[2025-05-02T21:10:40.631+0000] {subprocess.py:97} INFO - Command exited with return code 0
[2025-05-02T21:10:40.678+0000] {taskinstance.py:340} INFO - ::group::Post task execution logs
[2025-05-02T21:10:40.679+0000] {taskinstance.py:352} INFO - Marking task as SUCCESS. dag_id=sentiment_analysis_stock_ELT_dbt, task_id=dbt_run, run_id=manual__2025-05-02T20:44:13.915927+00:00, execution_date=20250502T204413, start_date=20250502T211023, end_date=20250502T211040
[2025-05-02T21:10:40.730+0000] {local_task_job_runner.py:266} INFO - Task exited with return code 0
[2025-05-02T21:10:40.773+0000] {taskinstance.py:3900} INFO - 1 downstream tasks scheduled from follow-on schedule check
[2025-05-02T21:10:40.774+0000] {local_task_job_runner.py:245} INFO - ::endgroup::
