[2025-05-01T22:51:06.333+0000] {local_task_job_runner.py:123} INFO - ::group::Pre task execution logs
[2025-05-01T22:51:06.344+0000] {taskinstance.py:2612} INFO - Dependencies all met for dep_context=non-requeueable deps ti=<TaskInstance: tesla_stock_sentiment_api_etl.load_stock_data_to_snowflake manual__2025-05-01T22:38:33.741129+00:00 [queued]>
[2025-05-01T22:51:06.351+0000] {taskinstance.py:2612} INFO - Dependencies all met for dep_context=requeueable deps ti=<TaskInstance: tesla_stock_sentiment_api_etl.load_stock_data_to_snowflake manual__2025-05-01T22:38:33.741129+00:00 [queued]>
[2025-05-01T22:51:06.351+0000] {taskinstance.py:2865} INFO - Starting attempt 3 of 3
[2025-05-01T22:51:06.361+0000] {taskinstance.py:2888} INFO - Executing <Task(_PythonDecoratedOperator): load_stock_data_to_snowflake> on 2025-05-01 22:38:33.741129+00:00
[2025-05-01T22:51:06.373+0000] {logging_mixin.py:190} WARNING - /home/***/.local/lib/python3.12/site-packages/***/task/task_runner/standard_task_runner.py:70 DeprecationWarning: This process (pid=424) is multi-threaded, use of fork() may lead to deadlocks in the child.
[2025-05-01T22:51:06.370+0000] {standard_task_runner.py:104} INFO - Running: ['***', 'tasks', 'run', 'tesla_stock_sentiment_api_etl', 'load_stock_data_to_snowflake', 'manual__2025-05-01T22:38:33.741129+00:00', '--job-id', '58', '--raw', '--subdir', 'DAGS_FOLDER/tesla_stock_etl_api.py', '--cfg-path', '/tmp/tmpw0m9hr1z']
[2025-05-01T22:51:06.375+0000] {standard_task_runner.py:72} INFO - Started process 427 to run task
[2025-05-01T22:51:06.375+0000] {standard_task_runner.py:105} INFO - Job 58: Subtask load_stock_data_to_snowflake
[2025-05-01T22:51:06.431+0000] {task_command.py:467} INFO - Running <TaskInstance: tesla_stock_sentiment_api_etl.load_stock_data_to_snowflake manual__2025-05-01T22:38:33.741129+00:00 [running]> on host d110dddef273
[2025-05-01T22:51:06.513+0000] {taskinstance.py:3131} INFO - Exporting env vars: AIRFLOW_CTX_DAG_OWNER='***' AIRFLOW_CTX_DAG_ID='tesla_stock_sentiment_api_etl' AIRFLOW_CTX_TASK_ID='load_stock_data_to_snowflake' AIRFLOW_CTX_EXECUTION_DATE='2025-05-01T22:38:33.741129+00:00' AIRFLOW_CTX_TRY_NUMBER='3' AIRFLOW_CTX_DAG_RUN_ID='manual__2025-05-01T22:38:33.741129+00:00'
[2025-05-01T22:51:06.518+0000] {taskinstance.py:731} INFO - ::endgroup::
[2025-05-01T22:51:06.535+0000] {base.py:84} INFO - Retrieving connection 'snowflake_conn'
[2025-05-01T22:51:06.537+0000] {connection.py:413} INFO - Snowflake Connector for Python Version: 3.12.1, Python Version: 3.12.5, Platform: Linux-6.12.5-linuxkit-aarch64-with-glibc2.36
[2025-05-01T22:51:06.539+0000] {connection.py:1196} INFO - Connecting to GLOBAL Snowflake domain
[2025-05-01T22:51:06.540+0000] {connection.py:1277} INFO - This connection is in OCSP Fail Open Mode. TLS Certificates would be checked for validity and revocation status. Any other Certificate Revocation related exceptions or OCSP Responder failures would be disregarded in favor of connectivity.
[2025-05-01T22:51:07.525+0000] {cursor.py:1156} INFO - Number of results in first chunk: 1
[2025-05-01T22:51:08.608+0000] {cursor.py:1156} INFO - Number of results in first chunk: 1
[2025-05-01T22:52:02.926+0000] {cursor.py:1156} INFO - Number of results in first chunk: 1
[2025-05-01T22:52:02.929+0000] {logging_mixin.py:190} INFO - ✅ Stock data (via Alpha Vantage) loaded into dev.raw.tesla_stock_data.
[2025-05-01T22:52:02.932+0000] {python.py:240} INFO - Done. Returned value was: None
[2025-05-01T22:52:02.948+0000] {taskinstance.py:340} INFO - ::group::Post task execution logs
[2025-05-01T22:52:02.949+0000] {taskinstance.py:352} INFO - Marking task as SUCCESS. dag_id=tesla_stock_sentiment_api_etl, task_id=load_stock_data_to_snowflake, run_id=manual__2025-05-01T22:38:33.741129+00:00, execution_date=20250501T223833, start_date=20250501T225106, end_date=20250501T225202
[2025-05-01T22:52:02.986+0000] {local_task_job_runner.py:266} INFO - Task exited with return code 0
[2025-05-01T22:52:03.008+0000] {taskinstance.py:3900} INFO - 0 downstream tasks scheduled from follow-on schedule check
[2025-05-01T22:52:03.009+0000] {local_task_job_runner.py:245} INFO - ::endgroup::
