[2025-04-30T21:11:14.359+0000] {processor.py:186} INFO - Started process (PID=198) to work on /opt/airflow/dags/Alpha.py
[2025-04-30T21:11:14.362+0000] {processor.py:914} INFO - Processing file /opt/airflow/dags/Alpha.py for tasks to queue
[2025-04-30T21:11:14.368+0000] {logging_mixin.py:190} INFO - [2025-04-30T21:11:14.367+0000] {dagbag.py:587} INFO - Filling up the DagBag from /opt/airflow/dags/Alpha.py
[2025-04-30T21:11:14.398+0000] {processor.py:925} INFO - DAG(s) 'Stock_Alpha_Vantage' retrieved from /opt/airflow/dags/Alpha.py
[2025-04-30T21:11:14.588+0000] {logging_mixin.py:190} INFO - [2025-04-30T21:11:14.587+0000] {override.py:1900} INFO - Created Permission View: can delete on DAG:Stock_Alpha_Vantage
[2025-04-30T21:11:14.602+0000] {logging_mixin.py:190} INFO - [2025-04-30T21:11:14.602+0000] {override.py:1900} INFO - Created Permission View: can edit on DAG:Stock_Alpha_Vantage
[2025-04-30T21:11:14.608+0000] {logging_mixin.py:190} INFO - [2025-04-30T21:11:14.607+0000] {override.py:1900} INFO - Created Permission View: can read on DAG:Stock_Alpha_Vantage
[2025-04-30T21:11:14.613+0000] {logging_mixin.py:190} INFO - [2025-04-30T21:11:14.613+0000] {override.py:1900} INFO - Created Permission View: can create on DAG Run:Stock_Alpha_Vantage
[2025-04-30T21:11:14.619+0000] {logging_mixin.py:190} INFO - [2025-04-30T21:11:14.619+0000] {override.py:1900} INFO - Created Permission View: menu access on DAG Run:Stock_Alpha_Vantage
[2025-04-30T21:11:14.626+0000] {logging_mixin.py:190} INFO - [2025-04-30T21:11:14.626+0000] {override.py:1900} INFO - Created Permission View: can delete on DAG Run:Stock_Alpha_Vantage
[2025-04-30T21:11:14.636+0000] {logging_mixin.py:190} INFO - [2025-04-30T21:11:14.636+0000] {override.py:1900} INFO - Created Permission View: can read on DAG Run:Stock_Alpha_Vantage
[2025-04-30T21:11:14.637+0000] {logging_mixin.py:190} INFO - [2025-04-30T21:11:14.637+0000] {dag.py:3229} INFO - Sync 1 DAGs
[2025-04-30T21:11:14.673+0000] {logging_mixin.py:190} INFO - [2025-04-30T21:11:14.673+0000] {dag.py:3252} INFO - Creating ORM DAG for Stock_Alpha_Vantage
[2025-04-30T21:11:14.687+0000] {logging_mixin.py:190} INFO - [2025-04-30T21:11:14.687+0000] {dag.py:4156} INFO - Setting next_dagrun for Stock_Alpha_Vantage to 2025-04-29 02:00:00+00:00, run_after=2025-04-30 02:00:00+00:00
[2025-04-30T21:11:14.704+0000] {processor.py:208} INFO - Processing /opt/airflow/dags/Alpha.py took 0.352 seconds
[2025-04-30T21:11:45.378+0000] {processor.py:186} INFO - Started process (PID=250) to work on /opt/airflow/dags/Alpha.py
[2025-04-30T21:11:45.380+0000] {processor.py:914} INFO - Processing file /opt/airflow/dags/Alpha.py for tasks to queue
[2025-04-30T21:11:45.385+0000] {logging_mixin.py:190} INFO - [2025-04-30T21:11:45.384+0000] {dagbag.py:587} INFO - Filling up the DagBag from /opt/airflow/dags/Alpha.py
[2025-04-30T21:11:45.410+0000] {processor.py:925} INFO - DAG(s) 'Stock_Alpha_Vantage' retrieved from /opt/airflow/dags/Alpha.py
[2025-04-30T21:11:45.451+0000] {logging_mixin.py:190} INFO - [2025-04-30T21:11:45.451+0000] {dag.py:3229} INFO - Sync 1 DAGs
[2025-04-30T21:11:45.479+0000] {logging_mixin.py:190} INFO - [2025-04-30T21:11:45.479+0000] {dag.py:4156} INFO - Setting next_dagrun for Stock_Alpha_Vantage to 2025-04-29 02:00:00+00:00, run_after=2025-04-30 02:00:00+00:00
[2025-04-30T21:11:45.500+0000] {processor.py:208} INFO - Processing /opt/airflow/dags/Alpha.py took 0.139 seconds
[2025-04-30T21:12:16.080+0000] {processor.py:186} INFO - Started process (PID=276) to work on /opt/airflow/dags/Alpha.py
[2025-04-30T21:12:16.082+0000] {processor.py:914} INFO - Processing file /opt/airflow/dags/Alpha.py for tasks to queue
[2025-04-30T21:12:16.091+0000] {logging_mixin.py:190} INFO - [2025-04-30T21:12:16.090+0000] {dagbag.py:587} INFO - Filling up the DagBag from /opt/airflow/dags/Alpha.py
[2025-04-30T21:12:16.113+0000] {processor.py:925} INFO - DAG(s) 'Stock_Alpha_Vantage' retrieved from /opt/airflow/dags/Alpha.py
[2025-04-30T21:12:16.149+0000] {logging_mixin.py:190} INFO - [2025-04-30T21:12:16.148+0000] {dag.py:3229} INFO - Sync 1 DAGs
[2025-04-30T21:12:16.178+0000] {logging_mixin.py:190} INFO - [2025-04-30T21:12:16.177+0000] {dag.py:4156} INFO - Setting next_dagrun for Stock_Alpha_Vantage to 2025-04-29 02:00:00+00:00, run_after=2025-04-30 02:00:00+00:00
[2025-04-30T21:12:16.196+0000] {processor.py:208} INFO - Processing /opt/airflow/dags/Alpha.py took 0.127 seconds
[2025-04-30T21:12:46.881+0000] {processor.py:186} INFO - Started process (PID=302) to work on /opt/airflow/dags/Alpha.py
[2025-04-30T21:12:46.883+0000] {processor.py:914} INFO - Processing file /opt/airflow/dags/Alpha.py for tasks to queue
[2025-04-30T21:12:46.892+0000] {logging_mixin.py:190} INFO - [2025-04-30T21:12:46.891+0000] {dagbag.py:587} INFO - Filling up the DagBag from /opt/airflow/dags/Alpha.py
[2025-04-30T21:12:46.915+0000] {processor.py:925} INFO - DAG(s) 'Stock_Alpha_Vantage' retrieved from /opt/airflow/dags/Alpha.py
[2025-04-30T21:12:46.957+0000] {logging_mixin.py:190} INFO - [2025-04-30T21:12:46.956+0000] {dag.py:3229} INFO - Sync 1 DAGs
[2025-04-30T21:12:46.991+0000] {logging_mixin.py:190} INFO - [2025-04-30T21:12:46.991+0000] {dag.py:4156} INFO - Setting next_dagrun for Stock_Alpha_Vantage to 2025-04-29 02:00:00+00:00, run_after=2025-04-30 02:00:00+00:00
[2025-04-30T21:12:47.010+0000] {processor.py:208} INFO - Processing /opt/airflow/dags/Alpha.py took 0.143 seconds
[2025-04-30T21:13:22.537+0000] {processor.py:186} INFO - Started process (PID=192) to work on /opt/airflow/dags/Alpha.py
[2025-04-30T21:13:22.539+0000] {processor.py:914} INFO - Processing file /opt/airflow/dags/Alpha.py for tasks to queue
[2025-04-30T21:13:22.550+0000] {logging_mixin.py:190} INFO - [2025-04-30T21:13:22.550+0000] {dagbag.py:587} INFO - Filling up the DagBag from /opt/airflow/dags/Alpha.py
[2025-04-30T21:13:22.578+0000] {processor.py:925} INFO - DAG(s) 'Stock_Alpha_Vantage' retrieved from /opt/airflow/dags/Alpha.py
[2025-04-30T21:13:22.662+0000] {logging_mixin.py:190} INFO - [2025-04-30T21:13:22.661+0000] {dag.py:3229} INFO - Sync 1 DAGs
[2025-04-30T21:13:22.722+0000] {logging_mixin.py:190} INFO - [2025-04-30T21:13:22.722+0000] {dag.py:4156} INFO - Setting next_dagrun for Stock_Alpha_Vantage to 2025-04-29 02:00:00+00:00, run_after=2025-04-30 02:00:00+00:00
[2025-04-30T21:13:22.768+0000] {processor.py:208} INFO - Processing /opt/airflow/dags/Alpha.py took 0.243 seconds
[2025-04-30T21:13:53.600+0000] {processor.py:186} INFO - Started process (PID=249) to work on /opt/airflow/dags/Alpha.py
[2025-04-30T21:13:53.603+0000] {processor.py:914} INFO - Processing file /opt/airflow/dags/Alpha.py for tasks to queue
[2025-04-30T21:13:53.609+0000] {logging_mixin.py:190} INFO - [2025-04-30T21:13:53.608+0000] {dagbag.py:587} INFO - Filling up the DagBag from /opt/airflow/dags/Alpha.py
[2025-04-30T21:13:53.650+0000] {processor.py:925} INFO - DAG(s) 'Stock_Alpha_Vantage' retrieved from /opt/airflow/dags/Alpha.py
[2025-04-30T21:13:53.699+0000] {logging_mixin.py:190} INFO - [2025-04-30T21:13:53.698+0000] {dag.py:3229} INFO - Sync 1 DAGs
[2025-04-30T21:13:53.736+0000] {logging_mixin.py:190} INFO - [2025-04-30T21:13:53.735+0000] {dag.py:4156} INFO - Setting next_dagrun for Stock_Alpha_Vantage to 2025-04-29 02:00:00+00:00, run_after=2025-04-30 02:00:00+00:00
[2025-04-30T21:13:53.756+0000] {processor.py:208} INFO - Processing /opt/airflow/dags/Alpha.py took 0.182 seconds
[2025-04-30T21:14:24.403+0000] {processor.py:186} INFO - Started process (PID=285) to work on /opt/airflow/dags/Alpha.py
[2025-04-30T21:14:24.405+0000] {processor.py:914} INFO - Processing file /opt/airflow/dags/Alpha.py for tasks to queue
[2025-04-30T21:14:24.412+0000] {logging_mixin.py:190} INFO - [2025-04-30T21:14:24.410+0000] {dagbag.py:587} INFO - Filling up the DagBag from /opt/airflow/dags/Alpha.py
[2025-04-30T21:14:24.445+0000] {processor.py:925} INFO - DAG(s) 'Stock_Alpha_Vantage' retrieved from /opt/airflow/dags/Alpha.py
[2025-04-30T21:14:24.483+0000] {logging_mixin.py:190} INFO - [2025-04-30T21:14:24.482+0000] {dag.py:3229} INFO - Sync 1 DAGs
[2025-04-30T21:14:24.520+0000] {logging_mixin.py:190} INFO - [2025-04-30T21:14:24.520+0000] {dag.py:4156} INFO - Setting next_dagrun for Stock_Alpha_Vantage to 2025-04-30 02:00:00+00:00, run_after=2025-05-01 02:00:00+00:00
[2025-04-30T21:14:24.540+0000] {processor.py:208} INFO - Processing /opt/airflow/dags/Alpha.py took 0.156 seconds
[2025-04-30T21:14:55.166+0000] {processor.py:186} INFO - Started process (PID=326) to work on /opt/airflow/dags/Alpha.py
[2025-04-30T21:14:55.167+0000] {processor.py:914} INFO - Processing file /opt/airflow/dags/Alpha.py for tasks to queue
[2025-04-30T21:14:55.176+0000] {logging_mixin.py:190} INFO - [2025-04-30T21:14:55.175+0000] {dagbag.py:587} INFO - Filling up the DagBag from /opt/airflow/dags/Alpha.py
[2025-04-30T21:14:55.215+0000] {processor.py:925} INFO - DAG(s) 'Stock_Alpha_Vantage' retrieved from /opt/airflow/dags/Alpha.py
[2025-04-30T21:14:55.276+0000] {logging_mixin.py:190} INFO - [2025-04-30T21:14:55.274+0000] {dag.py:3229} INFO - Sync 1 DAGs
[2025-04-30T21:14:55.319+0000] {logging_mixin.py:190} INFO - [2025-04-30T21:14:55.318+0000] {dag.py:4156} INFO - Setting next_dagrun for Stock_Alpha_Vantage to 2025-04-30 02:00:00+00:00, run_after=2025-05-01 02:00:00+00:00
[2025-04-30T21:14:55.342+0000] {processor.py:208} INFO - Processing /opt/airflow/dags/Alpha.py took 0.188 seconds
[2025-04-30T21:15:25.967+0000] {processor.py:186} INFO - Started process (PID=352) to work on /opt/airflow/dags/Alpha.py
[2025-04-30T21:15:25.968+0000] {processor.py:914} INFO - Processing file /opt/airflow/dags/Alpha.py for tasks to queue
[2025-04-30T21:15:25.972+0000] {logging_mixin.py:190} INFO - [2025-04-30T21:15:25.972+0000] {dagbag.py:587} INFO - Filling up the DagBag from /opt/airflow/dags/Alpha.py
[2025-04-30T21:15:25.997+0000] {processor.py:925} INFO - DAG(s) 'Stock_Alpha_Vantage' retrieved from /opt/airflow/dags/Alpha.py
[2025-04-30T21:15:26.033+0000] {logging_mixin.py:190} INFO - [2025-04-30T21:15:26.033+0000] {dag.py:3229} INFO - Sync 1 DAGs
[2025-04-30T21:15:26.067+0000] {logging_mixin.py:190} INFO - [2025-04-30T21:15:26.067+0000] {dag.py:4156} INFO - Setting next_dagrun for Stock_Alpha_Vantage to 2025-04-30 02:00:00+00:00, run_after=2025-05-01 02:00:00+00:00
[2025-04-30T21:15:26.093+0000] {processor.py:208} INFO - Processing /opt/airflow/dags/Alpha.py took 0.143 seconds
[2025-04-30T21:15:56.758+0000] {processor.py:186} INFO - Started process (PID=378) to work on /opt/airflow/dags/Alpha.py
[2025-04-30T21:15:56.762+0000] {processor.py:914} INFO - Processing file /opt/airflow/dags/Alpha.py for tasks to queue
[2025-04-30T21:15:56.768+0000] {logging_mixin.py:190} INFO - [2025-04-30T21:15:56.768+0000] {dagbag.py:587} INFO - Filling up the DagBag from /opt/airflow/dags/Alpha.py
[2025-04-30T21:15:56.802+0000] {processor.py:925} INFO - DAG(s) 'Stock_Alpha_Vantage' retrieved from /opt/airflow/dags/Alpha.py
[2025-04-30T21:15:56.853+0000] {logging_mixin.py:190} INFO - [2025-04-30T21:15:56.852+0000] {dag.py:3229} INFO - Sync 1 DAGs
[2025-04-30T21:15:56.894+0000] {logging_mixin.py:190} INFO - [2025-04-30T21:15:56.894+0000] {dag.py:4156} INFO - Setting next_dagrun for Stock_Alpha_Vantage to 2025-04-30 02:00:00+00:00, run_after=2025-05-01 02:00:00+00:00
[2025-04-30T21:15:56.913+0000] {processor.py:208} INFO - Processing /opt/airflow/dags/Alpha.py took 0.171 seconds
[2025-04-30T21:16:27.576+0000] {processor.py:186} INFO - Started process (PID=404) to work on /opt/airflow/dags/Alpha.py
[2025-04-30T21:16:27.579+0000] {processor.py:914} INFO - Processing file /opt/airflow/dags/Alpha.py for tasks to queue
[2025-04-30T21:16:27.587+0000] {logging_mixin.py:190} INFO - [2025-04-30T21:16:27.586+0000] {dagbag.py:587} INFO - Filling up the DagBag from /opt/airflow/dags/Alpha.py
[2025-04-30T21:16:27.619+0000] {processor.py:925} INFO - DAG(s) 'Stock_Alpha_Vantage' retrieved from /opt/airflow/dags/Alpha.py
[2025-04-30T21:16:27.659+0000] {logging_mixin.py:190} INFO - [2025-04-30T21:16:27.657+0000] {dag.py:3229} INFO - Sync 1 DAGs
[2025-04-30T21:16:27.688+0000] {logging_mixin.py:190} INFO - [2025-04-30T21:16:27.687+0000] {dag.py:4156} INFO - Setting next_dagrun for Stock_Alpha_Vantage to 2025-04-30 02:00:00+00:00, run_after=2025-05-01 02:00:00+00:00
[2025-04-30T21:16:27.705+0000] {processor.py:208} INFO - Processing /opt/airflow/dags/Alpha.py took 0.142 seconds
[2025-04-30T21:16:58.346+0000] {processor.py:186} INFO - Started process (PID=430) to work on /opt/airflow/dags/Alpha.py
[2025-04-30T21:16:58.349+0000] {processor.py:914} INFO - Processing file /opt/airflow/dags/Alpha.py for tasks to queue
[2025-04-30T21:16:58.361+0000] {logging_mixin.py:190} INFO - [2025-04-30T21:16:58.360+0000] {dagbag.py:587} INFO - Filling up the DagBag from /opt/airflow/dags/Alpha.py
[2025-04-30T21:16:58.383+0000] {processor.py:925} INFO - DAG(s) 'Stock_Alpha_Vantage' retrieved from /opt/airflow/dags/Alpha.py
[2025-04-30T21:16:58.434+0000] {logging_mixin.py:190} INFO - [2025-04-30T21:16:58.434+0000] {dag.py:3229} INFO - Sync 1 DAGs
[2025-04-30T21:16:58.465+0000] {logging_mixin.py:190} INFO - [2025-04-30T21:16:58.464+0000] {dag.py:4156} INFO - Setting next_dagrun for Stock_Alpha_Vantage to 2025-04-30 02:00:00+00:00, run_after=2025-05-01 02:00:00+00:00
[2025-04-30T21:16:58.485+0000] {processor.py:208} INFO - Processing /opt/airflow/dags/Alpha.py took 0.158 seconds
[2025-04-30T21:17:29.111+0000] {processor.py:186} INFO - Started process (PID=456) to work on /opt/airflow/dags/Alpha.py
[2025-04-30T21:17:29.113+0000] {processor.py:914} INFO - Processing file /opt/airflow/dags/Alpha.py for tasks to queue
[2025-04-30T21:17:29.118+0000] {logging_mixin.py:190} INFO - [2025-04-30T21:17:29.117+0000] {dagbag.py:587} INFO - Filling up the DagBag from /opt/airflow/dags/Alpha.py
[2025-04-30T21:17:29.143+0000] {processor.py:925} INFO - DAG(s) 'Stock_Alpha_Vantage' retrieved from /opt/airflow/dags/Alpha.py
[2025-04-30T21:17:29.183+0000] {logging_mixin.py:190} INFO - [2025-04-30T21:17:29.182+0000] {dag.py:3229} INFO - Sync 1 DAGs
[2025-04-30T21:17:29.213+0000] {logging_mixin.py:190} INFO - [2025-04-30T21:17:29.213+0000] {dag.py:4156} INFO - Setting next_dagrun for Stock_Alpha_Vantage to 2025-04-30 02:00:00+00:00, run_after=2025-05-01 02:00:00+00:00
[2025-04-30T21:17:29.242+0000] {processor.py:208} INFO - Processing /opt/airflow/dags/Alpha.py took 0.148 seconds
[2025-04-30T21:17:59.926+0000] {processor.py:186} INFO - Started process (PID=481) to work on /opt/airflow/dags/Alpha.py
[2025-04-30T21:17:59.928+0000] {processor.py:914} INFO - Processing file /opt/airflow/dags/Alpha.py for tasks to queue
[2025-04-30T21:17:59.933+0000] {logging_mixin.py:190} INFO - [2025-04-30T21:17:59.932+0000] {dagbag.py:587} INFO - Filling up the DagBag from /opt/airflow/dags/Alpha.py
[2025-04-30T21:17:59.955+0000] {processor.py:925} INFO - DAG(s) 'Stock_Alpha_Vantage' retrieved from /opt/airflow/dags/Alpha.py
[2025-04-30T21:17:59.994+0000] {logging_mixin.py:190} INFO - [2025-04-30T21:17:59.994+0000] {dag.py:3229} INFO - Sync 1 DAGs
[2025-04-30T21:18:00.026+0000] {logging_mixin.py:190} INFO - [2025-04-30T21:18:00.026+0000] {dag.py:4156} INFO - Setting next_dagrun for Stock_Alpha_Vantage to 2025-04-30 02:00:00+00:00, run_after=2025-05-01 02:00:00+00:00
[2025-04-30T21:18:00.045+0000] {processor.py:208} INFO - Processing /opt/airflow/dags/Alpha.py took 0.133 seconds
[2025-04-30T21:18:30.885+0000] {processor.py:186} INFO - Started process (PID=507) to work on /opt/airflow/dags/Alpha.py
[2025-04-30T21:18:30.888+0000] {processor.py:914} INFO - Processing file /opt/airflow/dags/Alpha.py for tasks to queue
[2025-04-30T21:18:30.901+0000] {logging_mixin.py:190} INFO - [2025-04-30T21:18:30.897+0000] {dagbag.py:587} INFO - Filling up the DagBag from /opt/airflow/dags/Alpha.py
[2025-04-30T21:18:30.954+0000] {processor.py:925} INFO - DAG(s) 'Stock_Alpha_Vantage' retrieved from /opt/airflow/dags/Alpha.py
[2025-04-30T21:18:31.094+0000] {logging_mixin.py:190} INFO - [2025-04-30T21:18:31.092+0000] {dag.py:3229} INFO - Sync 1 DAGs
[2025-04-30T21:18:31.255+0000] {logging_mixin.py:190} INFO - [2025-04-30T21:18:31.255+0000] {dag.py:4156} INFO - Setting next_dagrun for Stock_Alpha_Vantage to 2025-04-30 02:00:00+00:00, run_after=2025-05-01 02:00:00+00:00
[2025-04-30T21:18:31.366+0000] {processor.py:208} INFO - Processing /opt/airflow/dags/Alpha.py took 0.509 seconds
[2025-04-30T21:19:00.493+0000] {processor.py:186} INFO - Started process (PID=533) to work on /opt/airflow/dags/Alpha.py
[2025-04-30T21:19:00.495+0000] {processor.py:914} INFO - Processing file /opt/airflow/dags/Alpha.py for tasks to queue
[2025-04-30T21:19:00.501+0000] {logging_mixin.py:190} INFO - [2025-04-30T21:19:00.500+0000] {dagbag.py:587} INFO - Filling up the DagBag from /opt/airflow/dags/Alpha.py
[2025-04-30T21:19:00.531+0000] {processor.py:925} INFO - DAG(s) 'Stock_Alpha_Vantage' retrieved from /opt/airflow/dags/Alpha.py
[2025-04-30T21:19:01.044+0000] {logging_mixin.py:190} INFO - [2025-04-30T21:19:01.041+0000] {dag.py:3229} INFO - Sync 1 DAGs
[2025-04-30T21:19:01.141+0000] {logging_mixin.py:190} INFO - [2025-04-30T21:19:01.140+0000] {dag.py:4156} INFO - Setting next_dagrun for Stock_Alpha_Vantage to 2025-04-30 02:00:00+00:00, run_after=2025-05-01 02:00:00+00:00
[2025-04-30T21:19:01.209+0000] {processor.py:208} INFO - Processing /opt/airflow/dags/Alpha.py took 0.728 seconds
[2025-04-30T21:19:02.694+0000] {processor.py:186} INFO - Started process (PID=538) to work on /opt/airflow/dags/Alpha.py
[2025-04-30T21:19:02.700+0000] {processor.py:914} INFO - Processing file /opt/airflow/dags/Alpha.py for tasks to queue
[2025-04-30T21:19:02.717+0000] {logging_mixin.py:190} INFO - [2025-04-30T21:19:02.716+0000] {dagbag.py:587} INFO - Filling up the DagBag from /opt/airflow/dags/Alpha.py
[2025-04-30T21:19:02.815+0000] {processor.py:925} INFO - DAG(s) 'Stock_Alpha_Vantage' retrieved from /opt/airflow/dags/Alpha.py
[2025-04-30T21:19:03.278+0000] {logging_mixin.py:190} INFO - [2025-04-30T21:19:03.268+0000] {dag.py:3229} INFO - Sync 1 DAGs
[2025-04-30T21:19:03.843+0000] {logging_mixin.py:190} INFO - [2025-04-30T21:19:03.840+0000] {dag.py:4156} INFO - Setting next_dagrun for Stock_Alpha_Vantage to 2025-04-30 02:00:00+00:00, run_after=2025-05-01 02:00:00+00:00
[2025-04-30T21:19:03.982+0000] {processor.py:208} INFO - Processing /opt/airflow/dags/Alpha.py took 1.321 seconds
[2025-04-30T21:19:19.481+0000] {processor.py:186} INFO - Started process (PID=565) to work on /opt/airflow/dags/Alpha.py
[2025-04-30T21:19:19.484+0000] {processor.py:914} INFO - Processing file /opt/airflow/dags/Alpha.py for tasks to queue
[2025-04-30T21:19:19.491+0000] {logging_mixin.py:190} INFO - [2025-04-30T21:19:19.490+0000] {dagbag.py:587} INFO - Filling up the DagBag from /opt/airflow/dags/Alpha.py
[2025-04-30T21:19:19.533+0000] {processor.py:925} INFO - DAG(s) 'Stock_Alpha_Vantage' retrieved from /opt/airflow/dags/Alpha.py
[2025-04-30T21:19:19.569+0000] {logging_mixin.py:190} INFO - [2025-04-30T21:19:19.568+0000] {dag.py:3229} INFO - Sync 1 DAGs
[2025-04-30T21:19:19.601+0000] {logging_mixin.py:190} INFO - [2025-04-30T21:19:19.601+0000] {dag.py:4156} INFO - Setting next_dagrun for Stock_Alpha_Vantage to 2025-04-30 02:00:00+00:00, run_after=2025-05-01 02:00:00+00:00
[2025-04-30T21:19:19.619+0000] {processor.py:208} INFO - Processing /opt/airflow/dags/Alpha.py took 0.160 seconds
[2025-04-30T21:19:27.652+0000] {processor.py:186} INFO - Started process (PID=570) to work on /opt/airflow/dags/Alpha.py
[2025-04-30T21:19:27.654+0000] {processor.py:914} INFO - Processing file /opt/airflow/dags/Alpha.py for tasks to queue
[2025-04-30T21:19:27.660+0000] {logging_mixin.py:190} INFO - [2025-04-30T21:19:27.659+0000] {dagbag.py:587} INFO - Filling up the DagBag from /opt/airflow/dags/Alpha.py
[2025-04-30T21:19:27.701+0000] {processor.py:925} INFO - DAG(s) 'Stock_Alpha_Vantage' retrieved from /opt/airflow/dags/Alpha.py
[2025-04-30T21:19:27.742+0000] {logging_mixin.py:190} INFO - [2025-04-30T21:19:27.741+0000] {dag.py:3229} INFO - Sync 1 DAGs
[2025-04-30T21:19:27.781+0000] {logging_mixin.py:190} INFO - [2025-04-30T21:19:27.781+0000] {dag.py:4156} INFO - Setting next_dagrun for Stock_Alpha_Vantage to 2025-04-30 02:00:00+00:00, run_after=2025-05-01 02:00:00+00:00
[2025-04-30T21:19:27.801+0000] {processor.py:208} INFO - Processing /opt/airflow/dags/Alpha.py took 0.167 seconds
[2025-04-30T21:19:58.271+0000] {processor.py:186} INFO - Started process (PID=597) to work on /opt/airflow/dags/Alpha.py
[2025-04-30T21:19:58.274+0000] {processor.py:914} INFO - Processing file /opt/airflow/dags/Alpha.py for tasks to queue
[2025-04-30T21:19:58.278+0000] {logging_mixin.py:190} INFO - [2025-04-30T21:19:58.277+0000] {dagbag.py:587} INFO - Filling up the DagBag from /opt/airflow/dags/Alpha.py
[2025-04-30T21:19:58.309+0000] {processor.py:925} INFO - DAG(s) 'Stock_Alpha_Vantage' retrieved from /opt/airflow/dags/Alpha.py
[2025-04-30T21:19:58.504+0000] {logging_mixin.py:190} INFO - [2025-04-30T21:19:58.502+0000] {dag.py:3229} INFO - Sync 1 DAGs
[2025-04-30T21:19:58.537+0000] {logging_mixin.py:190} INFO - [2025-04-30T21:19:58.536+0000] {dag.py:4156} INFO - Setting next_dagrun for Stock_Alpha_Vantage to 2025-04-30 02:00:00+00:00, run_after=2025-05-01 02:00:00+00:00
[2025-04-30T21:19:58.561+0000] {processor.py:208} INFO - Processing /opt/airflow/dags/Alpha.py took 0.309 seconds
