[2025-05-03T00:08:09.540+0000] {local_task_job_runner.py:123} INFO - ::group::Pre task execution logs
[2025-05-03T00:08:09.552+0000] {taskinstance.py:2612} INFO - Dependencies all met for dep_context=non-requeueable deps ti=<TaskInstance: sentiment_analysis_stock_ELT_dbt.dbt_run manual__2025-05-03T00:08:08.823812+00:00 [queued]>
[2025-05-03T00:08:09.557+0000] {taskinstance.py:2612} INFO - Dependencies all met for dep_context=requeueable deps ti=<TaskInstance: sentiment_analysis_stock_ELT_dbt.dbt_run manual__2025-05-03T00:08:08.823812+00:00 [queued]>
[2025-05-03T00:08:09.557+0000] {taskinstance.py:2865} INFO - Starting attempt 1 of 1
[2025-05-03T00:08:09.565+0000] {taskinstance.py:2888} INFO - Executing <Task(BashOperator): dbt_run> on 2025-05-03 00:08:08.823812+00:00
[2025-05-03T00:08:09.570+0000] {standard_task_runner.py:104} INFO - Running: ['***', 'tasks', 'run', 'sentiment_analysis_stock_ELT_dbt', 'dbt_run', 'manual__2025-05-03T00:08:08.823812+00:00', '--job-id', '22', '--raw', '--subdir', 'DAGS_FOLDER/sentiment_analysis_build_elt_with_dbt.py', '--cfg-path', '/tmp/tmpyhp3vxmd']
[2025-05-03T00:08:09.573+0000] {standard_task_runner.py:105} INFO - Job 22: Subtask dbt_run
[2025-05-03T00:08:09.573+0000] {logging_mixin.py:190} WARNING - /home/***/.local/lib/python3.12/site-packages/***/task/task_runner/standard_task_runner.py:70 DeprecationWarning: This process (pid=2823) is multi-threaded, use of fork() may lead to deadlocks in the child.
[2025-05-03T00:08:09.573+0000] {standard_task_runner.py:72} INFO - Started process 2824 to run task
[2025-05-03T00:08:09.607+0000] {task_command.py:467} INFO - Running <TaskInstance: sentiment_analysis_stock_ELT_dbt.dbt_run manual__2025-05-03T00:08:08.823812+00:00 [running]> on host edac5e2fb0a3
[2025-05-03T00:08:09.672+0000] {taskinstance.py:3131} INFO - Exporting env vars: AIRFLOW_CTX_DAG_OWNER='***' AIRFLOW_CTX_DAG_ID='sentiment_analysis_stock_ELT_dbt' AIRFLOW_CTX_TASK_ID='dbt_run' AIRFLOW_CTX_EXECUTION_DATE='2025-05-03T00:08:08.823812+00:00' AIRFLOW_CTX_TRY_NUMBER='1' AIRFLOW_CTX_DAG_RUN_ID='manual__2025-05-03T00:08:08.823812+00:00'
[2025-05-03T00:08:09.673+0000] {taskinstance.py:731} INFO - ::endgroup::
[2025-05-03T00:08:09.691+0000] {subprocess.py:63} INFO - Tmp dir root location: /tmp
[2025-05-03T00:08:09.693+0000] {subprocess.py:75} INFO - Running command: ['/usr/bin/bash', '-c', '/home/***/.local/bin/dbt run --profiles-dir /opt/***/sentiment_analysis_dbt --project-dir /opt/***/sentiment_analysis_dbt']
[2025-05-03T00:08:09.700+0000] {subprocess.py:86} INFO - Output:
[2025-05-03T00:08:12.613+0000] {subprocess.py:93} INFO - [0m00:08:12  Running with dbt=1.7.19
[2025-05-03T00:08:13.825+0000] {subprocess.py:93} INFO - [0m00:08:13  Registered adapter: snowflake=1.7.1
[2025-05-03T00:08:13.937+0000] {subprocess.py:93} INFO - [0m00:08:13  Found 5 models, 1 snapshot, 1 source, 0 exposures, 0 metrics, 430 macros, 0 groups, 0 semantic models
[2025-05-03T00:08:13.939+0000] {subprocess.py:93} INFO - [0m00:08:13
[2025-05-03T00:08:20.759+0000] {subprocess.py:93} INFO - [0m00:08:20  Concurrency: 1 threads (target='dev')
[2025-05-03T00:08:20.761+0000] {subprocess.py:93} INFO - [0m00:08:20
[2025-05-03T00:08:20.780+0000] {subprocess.py:93} INFO - [0m00:08:20  1 of 5 START sql view model analytics_staging.feature_engineering__price_features  [RUN]
[2025-05-03T00:08:22.015+0000] {subprocess.py:93} INFO - [0m00:08:22  1 of 5 OK created sql view model analytics_staging.feature_engineering__price_features  [[32mSUCCESS 1[0m in 1.23s]
[2025-05-03T00:08:22.019+0000] {subprocess.py:93} INFO - [0m00:08:22  2 of 5 START sql view model analytics_staging.feature_engineering__sentiment_features  [RUN]
[2025-05-03T00:08:24.286+0000] {subprocess.py:93} INFO - [0m00:08:24  2 of 5 OK created sql view model analytics_staging.feature_engineering__sentiment_features  [[32mSUCCESS 1[0m in 2.26s]
[2025-05-03T00:08:24.292+0000] {subprocess.py:93} INFO - [0m00:08:24  3 of 5 START sql view model analytics_staging.feature_engineering__combined_features  [RUN]
[2025-05-03T00:08:26.895+0000] {subprocess.py:93} INFO - [0m00:08:26  3 of 5 OK created sql view model analytics_staging.feature_engineering__combined_features  [[32mSUCCESS 1[0m in 2.60s]
[2025-05-03T00:08:26.900+0000] {subprocess.py:93} INFO - [0m00:08:26  4 of 5 START sql view model analytics_staging.model__predict_price ............. [RUN]
[2025-05-03T00:08:28.459+0000] {subprocess.py:93} INFO - [0m00:08:28  4 of 5 OK created sql view model analytics_staging.model__predict_price ........ [[32mSUCCESS 1[0m in 1.56s]
[2025-05-03T00:08:28.462+0000] {subprocess.py:93} INFO - [0m00:08:28  5 of 5 START sql table model analytics_analytics.evaluation__prediction_output . [RUN]
[2025-05-03T00:08:33.080+0000] {subprocess.py:93} INFO - [0m00:08:33  5 of 5 OK created sql table model analytics_analytics.evaluation__prediction_output  [[32mSUCCESS 1[0m in 4.61s]
[2025-05-03T00:08:33.101+0000] {subprocess.py:93} INFO - [0m00:08:33
[2025-05-03T00:08:33.102+0000] {subprocess.py:93} INFO - [0m00:08:33  Finished running 4 view models, 1 table model in 0 hours 0 minutes and 19.16 seconds (19.16s).
[2025-05-03T00:08:33.125+0000] {subprocess.py:93} INFO - [0m00:08:33
[2025-05-03T00:08:33.126+0000] {subprocess.py:93} INFO - [0m00:08:33  [32mCompleted successfully[0m
[2025-05-03T00:08:33.126+0000] {subprocess.py:93} INFO - [0m00:08:33
[2025-05-03T00:08:33.127+0000] {subprocess.py:93} INFO - [0m00:08:33  Done. PASS=5 WARN=0 ERROR=0 SKIP=0 TOTAL=5
[2025-05-03T00:08:34.568+0000] {subprocess.py:97} INFO - Command exited with return code 0
[2025-05-03T00:08:34.640+0000] {taskinstance.py:340} INFO - ::group::Post task execution logs
[2025-05-03T00:08:34.641+0000] {taskinstance.py:352} INFO - Marking task as SUCCESS. dag_id=sentiment_analysis_stock_ELT_dbt, task_id=dbt_run, run_id=manual__2025-05-03T00:08:08.823812+00:00, execution_date=20250503T000808, start_date=20250503T000809, end_date=20250503T000834
[2025-05-03T00:08:34.690+0000] {local_task_job_runner.py:266} INFO - Task exited with return code 0
[2025-05-03T00:08:34.741+0000] {taskinstance.py:3900} INFO - 1 downstream tasks scheduled from follow-on schedule check
[2025-05-03T00:08:34.743+0000] {local_task_job_runner.py:245} INFO - ::endgroup::
