[2025-05-02T22:02:51.994+0000] {local_task_job_runner.py:123} INFO - ::group::Pre task execution logs
[2025-05-02T22:02:52.013+0000] {taskinstance.py:2612} INFO - Dependencies all met for dep_context=non-requeueable deps ti=<TaskInstance: sentiment_analysis_stock_ELT_dbt.dbt_run manual__2025-05-02T22:02:50.631989+00:00 [queued]>
[2025-05-02T22:02:52.020+0000] {taskinstance.py:2612} INFO - Dependencies all met for dep_context=requeueable deps ti=<TaskInstance: sentiment_analysis_stock_ELT_dbt.dbt_run manual__2025-05-02T22:02:50.631989+00:00 [queued]>
[2025-05-02T22:02:52.020+0000] {taskinstance.py:2865} INFO - Starting attempt 1 of 1
[2025-05-02T22:02:52.030+0000] {taskinstance.py:2888} INFO - Executing <Task(BashOperator): dbt_run> on 2025-05-02 22:02:50.631989+00:00
[2025-05-02T22:02:52.040+0000] {standard_task_runner.py:104} INFO - Running: ['***', 'tasks', 'run', 'sentiment_analysis_stock_ELT_dbt', 'dbt_run', 'manual__2025-05-02T22:02:50.631989+00:00', '--job-id', '6', '--raw', '--subdir', 'DAGS_FOLDER/sentiment_analysis_build_elt_with_dbt.py', '--cfg-path', '/tmp/tmppr68px7k']
[2025-05-02T22:02:52.048+0000] {logging_mixin.py:190} WARNING - /home/***/.local/lib/python3.12/site-packages/***/task/task_runner/standard_task_runner.py:70 DeprecationWarning: This process (pid=597) is multi-threaded, use of fork() may lead to deadlocks in the child.
[2025-05-02T22:02:52.049+0000] {standard_task_runner.py:105} INFO - Job 6: Subtask dbt_run
[2025-05-02T22:02:52.049+0000] {standard_task_runner.py:72} INFO - Started process 598 to run task
[2025-05-02T22:02:52.095+0000] {task_command.py:467} INFO - Running <TaskInstance: sentiment_analysis_stock_ELT_dbt.dbt_run manual__2025-05-02T22:02:50.631989+00:00 [running]> on host edac5e2fb0a3
[2025-05-02T22:02:52.158+0000] {taskinstance.py:3131} INFO - Exporting env vars: AIRFLOW_CTX_DAG_OWNER='***' AIRFLOW_CTX_DAG_ID='sentiment_analysis_stock_ELT_dbt' AIRFLOW_CTX_TASK_ID='dbt_run' AIRFLOW_CTX_EXECUTION_DATE='2025-05-02T22:02:50.631989+00:00' AIRFLOW_CTX_TRY_NUMBER='1' AIRFLOW_CTX_DAG_RUN_ID='manual__2025-05-02T22:02:50.631989+00:00'
[2025-05-02T22:02:52.159+0000] {taskinstance.py:731} INFO - ::endgroup::
[2025-05-02T22:02:52.179+0000] {subprocess.py:63} INFO - Tmp dir root location: /tmp
[2025-05-02T22:02:52.180+0000] {subprocess.py:75} INFO - Running command: ['/usr/bin/bash', '-c', '/home/***/.local/bin/dbt run --profiles-dir /opt/***/sentiment_analysis_dbt --project-dir /opt/***/sentiment_analysis_dbt']
[2025-05-02T22:02:52.192+0000] {subprocess.py:86} INFO - Output:
[2025-05-02T22:02:55.129+0000] {subprocess.py:93} INFO - [0m22:02:55  Running with dbt=1.7.19
[2025-05-02T22:02:56.301+0000] {subprocess.py:93} INFO - [0m22:02:56  Registered adapter: snowflake=1.7.1
[2025-05-02T22:02:56.339+0000] {subprocess.py:93} INFO - [0m22:02:56  Unable to do partial parsing because profile has changed
[2025-05-02T22:02:56.340+0000] {subprocess.py:93} INFO - [0m22:02:56  Unable to do partial parsing because a project config has changed
[2025-05-02T22:02:57.913+0000] {subprocess.py:93} INFO - [0m22:02:57  Found 5 models, 1 snapshot, 1 source, 0 exposures, 0 metrics, 430 macros, 0 groups, 0 semantic models
[2025-05-02T22:02:57.917+0000] {subprocess.py:93} INFO - [0m22:02:57
[2025-05-02T22:03:02.777+0000] {subprocess.py:93} INFO - [0m22:03:02  Concurrency: 1 threads (target='dev')
[2025-05-02T22:03:02.785+0000] {subprocess.py:93} INFO - [0m22:03:02
[2025-05-02T22:03:02.807+0000] {subprocess.py:93} INFO - [0m22:03:02  1 of 5 START sql view model analytics_staging.feature_engineering__price_features  [RUN]
[2025-05-02T22:03:04.035+0000] {subprocess.py:93} INFO - [0m22:03:04  1 of 5 OK created sql view model analytics_staging.feature_engineering__price_features  [[32mSUCCESS 1[0m in 1.21s]
[2025-05-02T22:03:04.042+0000] {subprocess.py:93} INFO - [0m22:03:04  2 of 5 START sql view model analytics_staging.feature_engineering__sentiment_features  [RUN]
[2025-05-02T22:03:05.117+0000] {subprocess.py:93} INFO - [0m22:03:05  2 of 5 OK created sql view model analytics_staging.feature_engineering__sentiment_features  [[32mSUCCESS 1[0m in 1.08s]
[2025-05-02T22:03:05.122+0000] {subprocess.py:93} INFO - [0m22:03:05  3 of 5 START sql view model analytics_staging.feature_engineering__combined_features  [RUN]
[2025-05-02T22:03:06.170+0000] {subprocess.py:93} INFO - [0m22:03:06  3 of 5 OK created sql view model analytics_staging.feature_engineering__combined_features  [[32mSUCCESS 1[0m in 1.05s]
[2025-05-02T22:03:06.173+0000] {subprocess.py:93} INFO - [0m22:03:06  4 of 5 START sql view model analytics_staging.model__predict_price ............. [RUN]
[2025-05-02T22:03:07.600+0000] {subprocess.py:93} INFO - [0m22:03:07  4 of 5 OK created sql view model analytics_staging.model__predict_price ........ [[32mSUCCESS 1[0m in 1.42s]
[2025-05-02T22:03:07.604+0000] {subprocess.py:93} INFO - [0m22:03:07  5 of 5 START sql table model analytics_analytics.evaluation__prediction_output . [RUN]
[2025-05-02T22:03:10.155+0000] {subprocess.py:93} INFO - [0m22:03:10  5 of 5 OK created sql table model analytics_analytics.evaluation__prediction_output  [[32mSUCCESS 1[0m in 2.53s]
[2025-05-02T22:03:10.246+0000] {subprocess.py:93} INFO - [0m22:03:10
[2025-05-02T22:03:10.247+0000] {subprocess.py:93} INFO - [0m22:03:10  Finished running 4 view models, 1 table model in 0 hours 0 minutes and 12.31 seconds (12.31s).
[2025-05-02T22:03:10.328+0000] {subprocess.py:93} INFO - [0m22:03:10
[2025-05-02T22:03:10.330+0000] {subprocess.py:93} INFO - [0m22:03:10  [32mCompleted successfully[0m
[2025-05-02T22:03:10.331+0000] {subprocess.py:93} INFO - [0m22:03:10
[2025-05-02T22:03:10.334+0000] {subprocess.py:93} INFO - [0m22:03:10  Done. PASS=5 WARN=0 ERROR=0 SKIP=0 TOTAL=5
[2025-05-02T22:03:11.493+0000] {subprocess.py:97} INFO - Command exited with return code 0
[2025-05-02T22:03:11.549+0000] {taskinstance.py:340} INFO - ::group::Post task execution logs
[2025-05-02T22:03:11.551+0000] {taskinstance.py:352} INFO - Marking task as SUCCESS. dag_id=sentiment_analysis_stock_ELT_dbt, task_id=dbt_run, run_id=manual__2025-05-02T22:02:50.631989+00:00, execution_date=20250502T220250, start_date=20250502T220252, end_date=20250502T220311
[2025-05-02T22:03:11.581+0000] {local_task_job_runner.py:266} INFO - Task exited with return code 0
[2025-05-02T22:03:11.619+0000] {taskinstance.py:3900} INFO - 1 downstream tasks scheduled from follow-on schedule check
[2025-05-02T22:03:11.621+0000] {local_task_job_runner.py:245} INFO - ::endgroup::
